<?xml version="1.0" encoding="UTF-8"?>
<testsuites name="GTI" time="165.662" tests="1" failures="0" errors="1">
   <testsuite name="GTI" tests="1" failures="0" errors="1" time="165.662" skipped="0" timestamp="2023-11-06 08:20:50" hostname="SEU2K19KAT01$ - seu2k19kat01.redseur.local" id="Test Suites/GTI">
      <properties>
         <property name="deviceName" value=""/>
         <property name="devicePlatform" value=""/>
         <property name="logFolder" value="C:\\Jenkins\\workspace\\katalon_gti_pro\\Reports\\20231106_082046\\GTI\\20231106_082047"/>
         <property name="logFiles" value="C:\\Jenkins\\workspace\\katalon_gti_pro\\Reports\\20231106_082046\\GTI\\20231106_082047\\execution0.log"/>
         <property name="attachments" value=""/>
         <property name="hostName" value="SEU2K19KAT01$ - seu2k19kat01.redseur.local"/>
         <property name="hostAddress" value="10.240.96.104"/>
         <property name="os" value="Windows Server 2019 64bit"/>
         <property name="katalonVersion" value="8.1.0.208"/>
      </properties>
      <testcase name="Test Cases/Host/01 - HostRun" time="160.978" classname="Test Cases/Host/01 - HostRun" status="ERROR">
         <error type="ERROR" message="Test Cases/Host/01 - HostRun FAILED.
Reason:
com.kms.katalon.core.exception.StepErrorException: Se ha producido un error, durante el proceso del host, en la fila: 9
	at com.kms.katalon.core.util.KeywordUtil.markErrorAndStop(KeywordUtil.java:74)
	at com.kms.katalon.core.util.KeywordUtil$markErrorAndStop$1.call(Unknown Source)
	at toolsHost.LogUtils.loggerBusinessError(LogUtils.groovy:221)
	at 01 - HostRun.run(01 - HostRun:58)
	at com.kms.katalon.core.main.ScriptEngine.run(ScriptEngine.java:194)
	at com.kms.katalon.core.main.ScriptEngine.runScriptAsRawText(ScriptEngine.java:119)
	at com.kms.katalon.core.main.TestCaseExecutor.runScript(TestCaseExecutor.java:430)
	at com.kms.katalon.core.main.TestCaseExecutor.doExecute(TestCaseExecutor.java:421)
	at com.kms.katalon.core.main.TestCaseExecutor.processExecutionPhase(TestCaseExecutor.java:400)
	at com.kms.katalon.core.main.TestCaseExecutor.accessMainPhase(TestCaseExecutor.java:392)
	at com.kms.katalon.core.main.TestCaseExecutor.execute(TestCaseExecutor.java:273)
	at com.kms.katalon.core.main.TestSuiteExecutor.accessTestCaseMainPhase(TestSuiteExecutor.java:202)
	at com.kms.katalon.core.main.TestSuiteExecutor.accessTestSuiteMainPhase(TestSuiteExecutor.java:164)
	at com.kms.katalon.core.main.TestSuiteExecutor.execute(TestSuiteExecutor.java:105)
	at com.kms.katalon.core.main.TestCaseMain.startTestSuite(TestCaseMain.java:185)
	at com.kms.katalon.core.main.TestCaseMain$startTestSuite$0.call(Unknown Source)
	at TempTestSuite1699255247527.run(TempTestSuite1699255247527.groovy:36)
"/>
         <system-out><![CDATA[2023-11-06 08:20:51 - [TEST_CASE][ERROR] - Test Cases/Host/01 - HostRun: Test Cases/Host/01 - HostRun FAILED.
Reason:
com.kms.katalon.core.exception.StepErrorException: Se ha producido un error, durante el proceso del host, en la fila: 9
	at com.kms.katalon.core.util.KeywordUtil.markErrorAndStop(KeywordUtil.java:74)
	at com.kms.katalon.core.util.KeywordUtil$markErrorAndStop$1.call(Unknown Source)
	at toolsHost.LogUtils.loggerBusinessError(LogUtils.groovy:221)
	at 01 - HostRun.run(01 - HostRun:58)
	at com.kms.katalon.core.main.ScriptEngine.run(ScriptEngine.java:194)
	at com.kms.katalon.core.main.ScriptEngine.runScriptAsRawText(ScriptEngine.java:119)
	at com.kms.katalon.core.main.TestCaseExecutor.runScript(TestCaseExecutor.java:430)
	at com.kms.katalon.core.main.TestCaseExecutor.doExecute(TestCaseExecutor.java:421)
	at com.kms.katalon.core.main.TestCaseExecutor.processExecutionPhase(TestCaseExecutor.java:400)
	at com.kms.katalon.core.main.TestCaseExecutor.accessMainPhase(TestCaseExecutor.java:392)
	at com.kms.katalon.core.main.TestCaseExecutor.execute(TestCaseExecutor.java:273)
	at com.kms.katalon.core.main.TestSuiteExecutor.accessTestCaseMainPhase(TestSuiteExecutor.java:202)
	at com.kms.katalon.core.main.TestSuiteExecutor.accessTestSuiteMainPhase(TestSuiteExecutor.java:164)
	at com.kms.katalon.core.main.TestSuiteExecutor.execute(TestSuiteExecutor.java:105)
	at com.kms.katalon.core.main.TestCaseMain.startTestSuite(TestCaseMain.java:185)
	at com.kms.katalon.core.main.TestCaseMain$startTestSuite$0.call(Unknown Source)
	at TempTestSuite1699255247527.run(TempTestSuite1699255247527.groovy:36)


2023-11-06 08:20:51 - [TEST_STEP][PASSED] - operativaHost = <not implemented yet for class: org.codehaus.groovy.ast.expr.EmptyExpression>: null

2023-11-06 08:20:51 - [TEST_STEP][PASSED] - casoPrueba = <not implemented yet for class: org.codehaus.groovy.ast.expr.EmptyExpression>: null

2023-11-06 08:20:51 - [TEST_STEP][PASSED] - numeroFilaConnection = <not implemented yet for class: org.codehaus.groovy.ast.expr.EmptyExpression>: null

2023-11-06 08:20:51 - [TEST_STEP][PASSED] - rowDatosConnection = <not implemented yet for class: org.codehaus.groovy.ast.expr.EmptyExpression>: null

2023-11-06 08:20:51 - [TEST_STEP][PASSED] - log = <not implemented yet for class: org.codehaus.groovy.ast.expr.EmptyExpression>: null

2023-11-06 08:20:51 - [TEST_STEP][PASSED] - numeroFilaConnection = Integer.parseInt(numeroFilaOperativa): null

2023-11-06 08:20:51 - [TEST_STEP][PASSED] - log = new toolsHost.LogUtils(numeroFilaConnection, Host): null

2023-11-06 08:20:53 - [TEST_STEP][PASSED] - rowDatosConnection = findTestData("Data Files/ConnectionHost"): null

2023-11-06 08:20:53 - [TEST_STEP][PASSED] - operativaHost = rowDatosConnection.getValue("Operativa Host", numeroFilaConnection): null

2023-11-06 08:20:53 - [TEST_STEP][PASSED] - try: null

2023-11-06 08:20:53 - [TEST_STEP][PASSED] - Script1684739620944.prv_lanzamientoHost(operativaHost, numeroFilaConnection, rowDatosConnection, log): null

2023-11-06 08:20:53 - [TEST_STEP][PASSED] - debugExcel = <not implemented yet for class: org.codehaus.groovy.ast.expr.EmptyExpression>: null

2023-11-06 08:20:53 - [TEST_STEP][PASSED] - Script1684739620944.prv_OperativaHost(operativaHost, filaHost, log): null

2023-11-06 08:20:53 - [TEST_STEP][PASSED] - log.loggerInfo("Se va ha ejecutar la operativa: %s", operativaHost): null

2023-11-06 08:20:53 - [TEST_STEP][PASSED] - operativaHost = operativaHost.trim(): null

2023-11-06 08:20:53 - [TEST_STEP][PASSED] - switch (operativaHost): null

2023-11-06 08:20:53 - [TEST_STEP][PASSED] - case "GTI - Crear Expedicion Externa":: null

2023-11-06 08:20:53 - [TEST_STEP][PASSED] - Script1684739620944.prv_DocumentarExpedicion_Externa(filaHost, log): null

2023-11-06 08:20:53 - [TEST_STEP][PASSED] - filaFin = <not implemented yet for class: org.codehaus.groovy.ast.expr.EmptyExpression>: null

2023-11-06 08:20:53 - [TEST_STEP][PASSED] - filaInicio = <not implemented yet for class: org.codehaus.groovy.ast.expr.EmptyExpression>: null

2023-11-06 08:20:53 - [TEST_STEP][FAILED] - try: Unable to call Test Case 'Test Cases/Host/Operativas/GTI_CrearExpedicionExterna' (Root cause: com.kms.katalon.core.exception.StepErrorException: Call Test Case 'Test Cases/Host/Operativas/GTI_CrearExpedicionExterna' failed because of error(s)
	at com.kms.katalon.core.keyword.builtin.CallTestCaseKeyword$_callTestCase_closure1.doCall(CallTestCaseKeyword.groovy:66)
	at com.kms.katalon.core.keyword.builtin.CallTestCaseKeyword$_callTestCase_closure1.call(CallTestCaseKeyword.groovy)
	at com.kms.katalon.core.keyword.internal.KeywordMain.runKeyword(KeywordMain.groovy:74)
	at com.kms.katalon.core.keyword.builtin.CallTestCaseKeyword.callTestCase(CallTestCaseKeyword.groovy:81)
	at com.kms.katalon.core.keyword.builtin.CallTestCaseKeyword.execute(CallTestCaseKeyword.groovy:44)
	at com.kms.katalon.core.keyword.internal.KeywordExecutor.executeKeywordForPlatform(KeywordExecutor.groovy:74)
	at com.kms.katalon.core.keyword.BuiltinKeywords.callTestCase(BuiltinKeywords.groovy:334)
	at 01 - HostRun.prv_DocumentarExpedicion_Externa(01 - HostRun:347)
	at 01 - HostRun.prv_OperativaHost(01 - HostRun:114)
	at 01 - HostRun.prv_lanzamientoHost(01 - HostRun:74)
	at 01 - HostRun.run(01 - HostRun:46)
	at com.kms.katalon.core.main.ScriptEngine.run(ScriptEngine.java:194)
	at com.kms.katalon.core.main.ScriptEngine.runScriptAsRawText(ScriptEngine.java:119)
	at com.kms.katalon.core.main.TestCaseExecutor.runScript(TestCaseExecutor.java:430)
	at com.kms.katalon.core.main.TestCaseExecutor.doExecute(TestCaseExecutor.java:421)
	at com.kms.katalon.core.main.TestCaseExecutor.processExecutionPhase(TestCaseExecutor.java:400)
	at com.kms.katalon.core.main.TestCaseExecutor.accessMainPhase(TestCaseExecutor.java:392)
	at com.kms.katalon.core.main.TestCaseExecutor.execute(TestCaseExecutor.java:273)
	at com.kms.katalon.core.main.TestSuiteExecutor.accessTestCaseMainPhase(TestSuiteExecutor.java:202)
	at com.kms.katalon.core.main.TestSuiteExecutor.accessTestSuiteMainPhase(TestSuiteExecutor.java:164)
	at com.kms.katalon.core.main.TestSuiteExecutor.execute(TestSuiteExecutor.java:105)
	at com.kms.katalon.core.main.TestCaseMain.startTestSuite(TestCaseMain.java:185)
	at com.kms.katalon.core.main.TestCaseMain$startTestSuite$0.call(Unknown Source)
	at TempTestSuite1699255247527.run(TempTestSuite1699255247527.groovy:36)
Caused by: java.lang.Exception: Se ha producido un error, durante la operativa de Host Documentar Expedicion externa
	at toolsHost.LogUtils.loggerBusinessErrorAndThrow(LogUtils.groovy:277)
	at GTI_CrearExpedicionExterna.run(GTI_CrearExpedicionExterna:53)
	at com.kms.katalon.core.main.ScriptEngine.run(ScriptEngine.java:194)
	at com.kms.katalon.core.main.ScriptEngine.runScriptAsRawText(ScriptEngine.java:119)
	at com.kms.katalon.core.main.TestCaseExecutor.runScript(TestCaseExecutor.java:430)
	at com.kms.katalon.core.main.TestCaseExecutor.doExecute(TestCaseExecutor.java:421)
	at com.kms.katalon.core.main.TestCaseExecutor.processExecutionPhase(TestCaseExecutor.java:400)
	at com.kms.katalon.core.main.TestCaseExecutor.accessMainPhase(TestCaseExecutor.java:392)
	at com.kms.katalon.core.main.TestCaseExecutor.execute(TestCaseExecutor.java:273)
	at com.kms.katalon.core.main.TestCaseMain.runTestCase(TestCaseMain.java:142)
	at com.kms.katalon.core.keyword.builtin.CallTestCaseKeyword$_callTestCase_closure1.doCall(CallTestCaseKeyword.groovy:59)
	... 23 more
)

2023-11-06 08:20:53 - [TEST_STEP][PASSED] - connectionHost.conectHost(filaHost, log): Se va ha escribir en la columna ARGUMENTOS y en la fila 4 el valor: 001

2023-11-06 08:20:54 - [MESSAGE][INFO] - Se va ha escribir en la columna COLUMN ORIGIN y en la fila 77 el valor: 22

2023-11-06 08:20:54 - [MESSAGE][INFO] - Se va ha escribir en la columna COLUMN ORIGIN y en la fila 78 el valor: 22

2023-11-06 08:20:54 - [MESSAGE][INFO] - Se va ha escribir en la columna COLUMN ORIGIN y en la fila 114 el valor: 22

2023-11-06 08:20:54 - [MESSAGE][INFO] - Se va ha escribir en la columna COLUMN ORIGIN y en la fila 115 el valor: 22

2023-11-06 08:20:54 - [MESSAGE][INFO] - Se va ha escribir en la columna COLUMN ORIGIN y en la fila 152 el valor: 22

2023-11-06 08:20:54 - [MESSAGE][INFO] - Se va ha escribir en la columna COLUMN ORIGIN y en la fila 153 el valor: 22

2023-11-06 08:20:55 - [MESSAGE][INFO] - Se va ha escribir en la columna COLUMN ORIGIN y en la fila 192 el valor: 22

2023-11-06 08:20:55 - [MESSAGE][INFO] - Se va ha escribir en la columna COLUMN ORIGIN y en la fila 193 el valor: 22

2023-11-06 08:20:55 - [MESSAGE][INFO] - Se va ha escribir en la columna COLUMN ORIGIN y en la fila 1 el valor: 22

2023-11-06 08:20:55 - [MESSAGE][INFO] - Se va ha escribir en la columna COLUMN ORIGIN y en la fila 2 el valor: 22

2023-11-06 08:20:55 - [MESSAGE][INFO] - Se va ha escribir en la columna ARGUMENTOS y en la fila 4 el valor: 001

2023-11-06 08:20:57 - [TEST_STEP][PASSED] - filaFin = connectionHost.loginHost(filaHost, log): El inicio de session se ha realizado correctamente

2023-11-06 08:20:57 - [MESSAGE][INFO] - Se va ha escribir en la columna COLUMN ORIGIN y en la fila 77 el valor: 22

2023-11-06 08:20:57 - [MESSAGE][INFO] - Se va ha escribir en la columna COLUMN ORIGIN y en la fila 78 el valor: 22

2023-11-06 08:20:57 - [MESSAGE][INFO] - Se va ha escribir en la columna COLUMN ORIGIN y en la fila 114 el valor: 22

2023-11-06 08:20:58 - [MESSAGE][INFO] - Se va ha escribir en la columna COLUMN ORIGIN y en la fila 115 el valor: 22

2023-11-06 08:20:58 - [MESSAGE][INFO] - Se va ha escribir en la columna COLUMN ORIGIN y en la fila 152 el valor: 22

2023-11-06 08:20:58 - [MESSAGE][INFO] - Se va ha escribir en la columna COLUMN ORIGIN y en la fila 153 el valor: 22

2023-11-06 08:20:58 - [MESSAGE][INFO] - Se va ha escribir en la columna COLUMN ORIGIN y en la fila 192 el valor: 22

2023-11-06 08:20:58 - [MESSAGE][INFO] - Se va ha escribir en la columna COLUMN ORIGIN y en la fila 193 el valor: 22

2023-11-06 08:20:58 - [MESSAGE][INFO] - Se va ha escribir en la columna COLUMN ORIGIN y en la fila 1 el valor: 22

2023-11-06 08:20:58 - [MESSAGE][INFO] - Se va ha escribir en la columna COLUMN ORIGIN y en la fila 2 el valor: 22

2023-11-06 08:20:58 - [MESSAGE][INFO] - Se va ha escribir en la columna ARGUMENTOS y en la fila 4 el valor: 001

2023-11-06 08:21:20 - [MESSAGE][PASSED] - El inicio de session se ha realizado correctamente

2023-11-06 08:21:20 - [TEST_STEP][PASSED] - filaInicio = Integer.parseInt(filaFin): null

2023-11-06 08:21:20 - [TEST_STEP][FAILED] - callTestCase(findTestCase("Host/Operativas/GTI_CrearExpedicionExterna"), ["numFilas":filaInicio, "filaConnection":filaHost, "logUtils":log], STOP_ON_FAILURE): Unable to call Test Case 'Test Cases/Host/Operativas/GTI_CrearExpedicionExterna' (Root cause: com.kms.katalon.core.exception.StepErrorException: Call Test Case 'Test Cases/Host/Operativas/GTI_CrearExpedicionExterna' failed because of error(s)
	at com.kms.katalon.core.keyword.builtin.CallTestCaseKeyword$_callTestCase_closure1.doCall(CallTestCaseKeyword.groovy:66)
	at com.kms.katalon.core.keyword.builtin.CallTestCaseKeyword$_callTestCase_closure1.call(CallTestCaseKeyword.groovy)
	at com.kms.katalon.core.keyword.internal.KeywordMain.runKeyword(KeywordMain.groovy:74)
	at com.kms.katalon.core.keyword.builtin.CallTestCaseKeyword.callTestCase(CallTestCaseKeyword.groovy:81)
	at com.kms.katalon.core.keyword.builtin.CallTestCaseKeyword.execute(CallTestCaseKeyword.groovy:44)
	at com.kms.katalon.core.keyword.internal.KeywordExecutor.executeKeywordForPlatform(KeywordExecutor.groovy:74)
	at com.kms.katalon.core.keyword.BuiltinKeywords.callTestCase(BuiltinKeywords.groovy:334)
	at 01 - HostRun.prv_DocumentarExpedicion_Externa(01 - HostRun:347)
	at 01 - HostRun.prv_OperativaHost(01 - HostRun:114)
	at 01 - HostRun.prv_lanzamientoHost(01 - HostRun:74)
	at 01 - HostRun.run(01 - HostRun:46)
	at com.kms.katalon.core.main.ScriptEngine.run(ScriptEngine.java:194)
	at com.kms.katalon.core.main.ScriptEngine.runScriptAsRawText(ScriptEngine.java:119)
	at com.kms.katalon.core.main.TestCaseExecutor.runScript(TestCaseExecutor.java:430)
	at com.kms.katalon.core.main.TestCaseExecutor.doExecute(TestCaseExecutor.java:421)
	at com.kms.katalon.core.main.TestCaseExecutor.processExecutionPhase(TestCaseExecutor.java:400)
	at com.kms.katalon.core.main.TestCaseExecutor.accessMainPhase(TestCaseExecutor.java:392)
	at com.kms.katalon.core.main.TestCaseExecutor.execute(TestCaseExecutor.java:273)
	at com.kms.katalon.core.main.TestSuiteExecutor.accessTestCaseMainPhase(TestSuiteExecutor.java:202)
	at com.kms.katalon.core.main.TestSuiteExecutor.accessTestSuiteMainPhase(TestSuiteExecutor.java:164)
	at com.kms.katalon.core.main.TestSuiteExecutor.execute(TestSuiteExecutor.java:105)
	at com.kms.katalon.core.main.TestCaseMain.startTestSuite(TestCaseMain.java:185)
	at com.kms.katalon.core.main.TestCaseMain$startTestSuite$0.call(Unknown Source)
	at TempTestSuite1699255247527.run(TempTestSuite1699255247527.groovy:36)
Caused by: java.lang.Exception: Se ha producido un error, durante la operativa de Host Documentar Expedicion externa
	at toolsHost.LogUtils.loggerBusinessErrorAndThrow(LogUtils.groovy:277)
	at GTI_CrearExpedicionExterna.run(GTI_CrearExpedicionExterna:53)
	at com.kms.katalon.core.main.ScriptEngine.run(ScriptEngine.java:194)
	at com.kms.katalon.core.main.ScriptEngine.runScriptAsRawText(ScriptEngine.java:119)
	at com.kms.katalon.core.main.TestCaseExecutor.runScript(TestCaseExecutor.java:430)
	at com.kms.katalon.core.main.TestCaseExecutor.doExecute(TestCaseExecutor.java:421)
	at com.kms.katalon.core.main.TestCaseExecutor.processExecutionPhase(TestCaseExecutor.java:400)
	at com.kms.katalon.core.main.TestCaseExecutor.accessMainPhase(TestCaseExecutor.java:392)
	at com.kms.katalon.core.main.TestCaseExecutor.execute(TestCaseExecutor.java:273)
	at com.kms.katalon.core.main.TestCaseMain.runTestCase(TestCaseMain.java:142)
	at com.kms.katalon.core.keyword.builtin.CallTestCaseKeyword$_callTestCase_closure1.doCall(CallTestCaseKeyword.groovy:59)
	... 23 more
)

2023-11-06 08:21:20 - [TEST_CASE][ERROR] - Test Cases/Host/Operativas/GTI_CrearExpedicionExterna: Test Cases/Host/Operativas/GTI_CrearExpedicionExterna FAILED.
Reason:
java.lang.Exception: Se ha producido un error, durante la operativa de Host Documentar Expedicion externa
	at toolsHost.LogUtils.loggerBusinessErrorAndThrow(LogUtils.groovy:277)
	at GTI_CrearExpedicionExterna.run(GTI_CrearExpedicionExterna:53)
	at com.kms.katalon.core.main.ScriptEngine.run(ScriptEngine.java:194)
	at com.kms.katalon.core.main.ScriptEngine.runScriptAsRawText(ScriptEngine.java:119)
	at com.kms.katalon.core.main.TestCaseExecutor.runScript(TestCaseExecutor.java:430)
	at com.kms.katalon.core.main.TestCaseExecutor.doExecute(TestCaseExecutor.java:421)
	at com.kms.katalon.core.main.TestCaseExecutor.processExecutionPhase(TestCaseExecutor.java:400)
	at com.kms.katalon.core.main.TestCaseExecutor.accessMainPhase(TestCaseExecutor.java:392)
	at com.kms.katalon.core.main.TestCaseExecutor.execute(TestCaseExecutor.java:273)
	at com.kms.katalon.core.main.TestCaseMain.runTestCase(TestCaseMain.java:142)
	at com.kms.katalon.core.keyword.builtin.CallTestCaseKeyword$_callTestCase_closure1.doCall(CallTestCaseKeyword.groovy:59)
	at com.kms.katalon.core.keyword.builtin.CallTestCaseKeyword$_callTestCase_closure1.call(CallTestCaseKeyword.groovy)
	at com.kms.katalon.core.keyword.internal.KeywordMain.runKeyword(KeywordMain.groovy:74)
	at com.kms.katalon.core.keyword.builtin.CallTestCaseKeyword.callTestCase(CallTestCaseKeyword.groovy:81)
	at com.kms.katalon.core.keyword.builtin.CallTestCaseKeyword.execute(CallTestCaseKeyword.groovy:44)
	at com.kms.katalon.core.keyword.internal.KeywordExecutor.executeKeywordForPlatform(KeywordExecutor.groovy:74)
	at com.kms.katalon.core.keyword.BuiltinKeywords.callTestCase(BuiltinKeywords.groovy:334)
	at 01 - HostRun.prv_DocumentarExpedicion_Externa(01 - HostRun:347)
	at 01 - HostRun.prv_OperativaHost(01 - HostRun:114)
	at 01 - HostRun.prv_lanzamientoHost(01 - HostRun:74)
	at 01 - HostRun.run(01 - HostRun:46)
	at com.kms.katalon.core.main.ScriptEngine.run(ScriptEngine.java:194)
	at com.kms.katalon.core.main.ScriptEngine.runScriptAsRawText(ScriptEngine.java:119)
	at com.kms.katalon.core.main.TestCaseExecutor.runScript(TestCaseExecutor.java:430)
	at com.kms.katalon.core.main.TestCaseExecutor.doExecute(TestCaseExecutor.java:421)
	at com.kms.katalon.core.main.TestCaseExecutor.processExecutionPhase(TestCaseExecutor.java:400)
	at com.kms.katalon.core.main.TestCaseExecutor.accessMainPhase(TestCaseExecutor.java:392)
	at com.kms.katalon.core.main.TestCaseExecutor.execute(TestCaseExecutor.java:273)
	at com.kms.katalon.core.main.TestSuiteExecutor.accessTestCaseMainPhase(TestSuiteExecutor.java:202)
	at com.kms.katalon.core.main.TestSuiteExecutor.accessTestSuiteMainPhase(TestSuiteExecutor.java:164)
	at com.kms.katalon.core.main.TestSuiteExecutor.execute(TestSuiteExecutor.java:105)
	at com.kms.katalon.core.main.TestCaseMain.startTestSuite(TestCaseMain.java:185)
	at com.kms.katalon.core.main.TestCaseMain$startTestSuite$0.call(Unknown Source)
	at TempTestSuite1699255247527.run(TempTestSuite1699255247527.groovy:36)


2023-11-06 08:21:20 - [TEST_STEP][PASSED] - nombrePantalla = <not implemented yet for class: org.codehaus.groovy.ast.expr.EmptyExpression>: null

2023-11-06 08:21:20 - [TEST_STEP][PASSED] - filasTotales = <not implemented yet for class: org.codehaus.groovy.ast.expr.EmptyExpression>: null

2023-11-06 08:21:20 - [TEST_STEP][PASSED] - counFila = <not implemented yet for class: org.codehaus.groovy.ast.expr.EmptyExpression>: null

2023-11-06 08:21:20 - [TEST_STEP][PASSED] - filaInicio = <not implemented yet for class: org.codehaus.groovy.ast.expr.EmptyExpression>: null

2023-11-06 08:21:20 - [TEST_STEP][PASSED] - filaHostRun = <not implemented yet for class: org.codehaus.groovy.ast.expr.EmptyExpression>: null

2023-11-06 08:21:20 - [TEST_STEP][PASSED] - rowDatosExcel = <not implemented yet for class: org.codehaus.groovy.ast.expr.EmptyExpression>: null

2023-11-06 08:21:20 - [TEST_STEP][PASSED] - handlerHost = <not implemented yet for class: org.codehaus.groovy.ast.expr.EmptyExpression>: null

2023-11-06 08:21:20 - [TEST_STEP][PASSED] - log = <not implemented yet for class: org.codehaus.groovy.ast.expr.EmptyExpression>: null

2023-11-06 08:21:20 - [TEST_STEP][PASSED] - filaHostRun = filaConnection: null

2023-11-06 08:21:20 - [TEST_STEP][PASSED] - filaInicio = numFilas: null

2023-11-06 08:21:20 - [TEST_STEP][PASSED] - log = logUtils: null

2023-11-06 08:21:20 - [TEST_STEP][PASSED] - try: null

2023-11-06 08:21:20 - [TEST_STEP][PASSED] - Script1676556991125.prv_writeExcel_ExpedicionExterna(filaHostRun, log): null

2023-11-06 08:21:20 - [TEST_STEP][PASSED] - servicio = <not implemented yet for class: org.codehaus.groovy.ast.expr.EmptyExpression>: null

2023-11-06 08:21:20 - [TEST_STEP][PASSED] - producto = <not implemented yet for class: org.codehaus.groovy.ast.expr.EmptyExpression>: null

2023-11-06 08:21:20 - [TEST_STEP][PASSED] - remitente = <not implemented yet for class: org.codehaus.groovy.ast.expr.EmptyExpression>: null

2023-11-06 08:21:20 - [TEST_STEP][PASSED] - codigoPostal = <not implemented yet for class: org.codehaus.groovy.ast.expr.EmptyExpression>: null

2023-11-06 08:21:20 - [TEST_STEP][PASSED] - numero = <not implemented yet for class: org.codehaus.groovy.ast.expr.EmptyExpression>: null

2023-11-06 08:21:20 - [TEST_STEP][PASSED] - albaran = <not implemented yet for class: org.codehaus.groovy.ast.expr.EmptyExpression>: null

2023-11-06 08:21:20 - [TEST_STEP][PASSED] - IpLocal = <not implemented yet for class: org.codehaus.groovy.ast.expr.EmptyExpression>: null

2023-11-06 08:21:20 - [TEST_STEP][PASSED] - IpExterna = <not implemented yet for class: org.codehaus.groovy.ast.expr.EmptyExpression>: null

2023-11-06 08:21:20 - [TEST_STEP][PASSED] - franquiciaLocal = <not implemented yet for class: org.codehaus.groovy.ast.expr.EmptyExpression>: null

2023-11-06 08:21:20 - [TEST_STEP][PASSED] - franquiciaExterna = <not implemented yet for class: org.codehaus.groovy.ast.expr.EmptyExpression>: null

2023-11-06 08:21:20 - [TEST_STEP][PASSED] - nombre = <not implemented yet for class: org.codehaus.groovy.ast.expr.EmptyExpression>: null

2023-11-06 08:21:20 - [TEST_STEP][PASSED] - calle = <not implemented yet for class: org.codehaus.groovy.ast.expr.EmptyExpression>: null

2023-11-06 08:21:20 - [TEST_STEP][PASSED] - tipoImporte = <not implemented yet for class: org.codehaus.groovy.ast.expr.EmptyExpression>: null

2023-11-06 08:21:20 - [TEST_STEP][PASSED] - bultos = <not implemented yet for class: org.codehaus.groovy.ast.expr.EmptyExpression>: null

2023-11-06 08:21:20 - [TEST_STEP][PASSED] - kilos = <not implemented yet for class: org.codehaus.groovy.ast.expr.EmptyExpression>: null

2023-11-06 08:21:20 - [TEST_STEP][PASSED] - mercancia = <not implemented yet for class: org.codehaus.groovy.ast.expr.EmptyExpression>: null

2023-11-06 08:21:20 - [TEST_STEP][PASSED] - filaExpedicion = <not implemented yet for class: org.codehaus.groovy.ast.expr.EmptyExpression>: null

2023-11-06 08:21:20 - [TEST_STEP][PASSED] - rowDatosExcelCliente = <not implemented yet for class: org.codehaus.groovy.ast.expr.EmptyExpression>: null

2023-11-06 08:21:20 - [TEST_STEP][PASSED] - rowDatosExcelConfig = <not implemented yet for class: org.codehaus.groovy.ast.expr.EmptyExpression>: null

2023-11-06 08:21:20 - [TEST_STEP][PASSED] - try: null

2023-11-06 08:21:20 - [TEST_STEP][PASSED] - rowDatosExcelConfig = findTestData("Data Files/ConnectionHost"): null

2023-11-06 08:21:21 - [TEST_STEP][PASSED] - rowDatosExcelCliente = findTestData("Data Files/ClienteExpedicion"): null

2023-11-06 08:21:21 - [TEST_STEP][PASSED] - filaExpedicion = Integer.parseInt(rowDatosExcelConfig.getValue("Cliente Expedicion", numFilaExcel)): null

2023-11-06 08:21:21 - [TEST_STEP][PASSED] - IpLocal = rowDatosExcelConfig.getValue("Server", numFilaExcel): null

2023-11-06 08:21:21 - [TEST_STEP][PASSED] - IpExterna = rowDatosExcelConfig.getValue("Telnet", numFilaExcel): null

2023-11-06 08:21:21 - [TEST_STEP][PASSED] - servicio = getValue("Servicio", filaExpedicion).toString(): null

2023-11-06 08:21:21 - [TEST_STEP][PASSED] - producto = getValue("Producto", filaExpedicion).toString(): null

2023-11-06 08:21:21 - [TEST_STEP][PASSED] - remitente = getValue("Remitente", filaExpedicion).toString(): null

2023-11-06 08:21:21 - [TEST_STEP][PASSED] - codigoPostal = Postal", filaExpedicion).toString(): null

2023-11-06 08:21:21 - [TEST_STEP][PASSED] - numero = getValue("Numero", filaExpedicion).toString(): null

2023-11-06 08:21:21 - [TEST_STEP][PASSED] - nombre = getValue("Cliente Destinatario", filaExpedicion).toString(): null

2023-11-06 08:21:21 - [TEST_STEP][PASSED] - calle = getValue("Cliente Destinatario", filaExpedicion).toString(): null

2023-11-06 08:21:21 - [TEST_STEP][PASSED] - tipoImporte = getValue("Tipo Importe", filaExpedicion).toString(): null

2023-11-06 08:21:21 - [TEST_STEP][PASSED] - bultos = getValue("Bultos", filaExpedicion).toString(): null

2023-11-06 08:21:21 - [TEST_STEP][PASSED] - kilos = getValue("Kilos", filaExpedicion).toString(): null

2023-11-06 08:21:21 - [TEST_STEP][PASSED] - mercancia = getValue("T/Mercancia", filaExpedicion).toString(): null

2023-11-06 08:21:21 - [TEST_STEP][PASSED] - franquiciaLocal = getValue("Franquicia Local", filaExpedicion).toString(): null

2023-11-06 08:21:21 - [TEST_STEP][PASSED] - franquiciaExterna = getValue("Franquicia Externa", filaExpedicion).toString(): null

2023-11-06 08:21:21 - [TEST_STEP][PASSED] - writeExcel.writeExcel_CrearExpedicionExterna(12, "ARGUMENTOS", "Operativa", servicio): Se va ha escribir en la columna ARGUMENTOS y en la fila 12 el valor: 1

2023-11-06 08:21:21 - [MESSAGE][INFO] - Se va ha escribir en la columna ARGUMENTOS y en la fila 12 el valor: 1

2023-11-06 08:21:21 - [TEST_STEP][PASSED] - writeExcel.writeExcel_CrearExpedicionExterna(13, "ARGUMENTOS", "Operativa", producto): Se va ha escribir en la columna ARGUMENTOS y en la fila 13 el valor: 2

2023-11-06 08:21:21 - [MESSAGE][INFO] - Se va ha escribir en la columna ARGUMENTOS y en la fila 13 el valor: 2

2023-11-06 08:21:21 - [TEST_STEP][PASSED] - writeExcel.writeExcel_CrearExpedicionExterna(14, "ARGUMENTOS", "Operativa", remitente): Se va ha escribir en la columna ARGUMENTOS y en la fila 14 el valor: 200000

2023-11-06 08:21:21 - [MESSAGE][INFO] - Se va ha escribir en la columna ARGUMENTOS y en la fila 14 el valor: 200000

2023-11-06 08:21:21 - [TEST_STEP][PASSED] - writeExcel.writeExcel_CrearExpedicionExterna(15, "ARGUMENTOS", "Operativa", codigoPostal): Se va ha escribir en la columna ARGUMENTOS y en la fila 15 el valor: 30001

2023-11-06 08:21:21 - [MESSAGE][INFO] - Se va ha escribir en la columna ARGUMENTOS y en la fila 15 el valor: 30001

2023-11-06 08:21:21 - [TEST_STEP][PASSED] - writeExcel.writeExcel_CrearExpedicionExterna(16, "ARGUMENTOS", "Operativa", numero): Se va ha escribir en la columna ARGUMENTOS y en la fila 16 el valor: 1

2023-11-06 08:21:21 - [MESSAGE][INFO] - Se va ha escribir en la columna ARGUMENTOS y en la fila 16 el valor: 1

2023-11-06 08:21:21 - [TEST_STEP][PASSED] - writeExcel.writeExcel_CrearExpedicionExterna(18, "ARGUMENTOS", "Operativa", numero): Se va ha escribir en la columna ARGUMENTOS y en la fila 18 el valor: 1

2023-11-06 08:21:21 - [MESSAGE][INFO] - Se va ha escribir en la columna ARGUMENTOS y en la fila 18 el valor: 1

2023-11-06 08:21:21 - [TEST_STEP][PASSED] - writeExcel.writeExcel_CrearExpedicionExterna(20, "ARGUMENTOS", "Operativa", tipoImporte): Se va ha escribir en la columna ARGUMENTOS y en la fila 20 el valor: D

2023-11-06 08:21:21 - [MESSAGE][INFO] - Se va ha escribir en la columna ARGUMENTOS y en la fila 20 el valor: D

2023-11-06 08:21:21 - [TEST_STEP][PASSED] - writeExcel.writeExcel_CrearExpedicionExterna(21, "ARGUMENTOS", "Operativa", kilos): Se va ha escribir en la columna ARGUMENTOS y en la fila 21 el valor: 1

2023-11-06 08:21:21 - [MESSAGE][INFO] - Se va ha escribir en la columna ARGUMENTOS y en la fila 21 el valor: 1

2023-11-06 08:21:21 - [TEST_STEP][PASSED] - writeExcel.writeExcel_CrearExpedicionExterna(22, "ARGUMENTOS", "Operativa", bultos): Se va ha escribir en la columna ARGUMENTOS y en la fila 22 el valor: 1

2023-11-06 08:21:21 - [MESSAGE][INFO] - Se va ha escribir en la columna ARGUMENTOS y en la fila 22 el valor: 1

2023-11-06 08:21:21 - [TEST_STEP][PASSED] - writeExcel.writeExcel_CrearExpedicionExterna(23, "ARGUMENTOS", "Operativa", mercancia): Se va ha escribir en la columna ARGUMENTOS y en la fila 23 el valor: 1

2023-11-06 08:21:21 - [MESSAGE][INFO] - Se va ha escribir en la columna ARGUMENTOS y en la fila 23 el valor: 1

2023-11-06 08:21:21 - [TEST_STEP][PASSED] - writeExcel.writeExcel_CrearExpedicionExterna(32, "ARGUMENTOS", "Operativa", remitente): Se va ha escribir en la columna ARGUMENTOS y en la fila 32 el valor: 200000

2023-11-06 08:21:21 - [MESSAGE][INFO] - Se va ha escribir en la columna ARGUMENTOS y en la fila 32 el valor: 200000

2023-11-06 08:21:21 - [TEST_STEP][PASSED] - writeExcel.writeExcel_CrearExpedicionExterna(104, "ARGUMENTOS", "Operativa", remitente): Se va ha escribir en la columna ARGUMENTOS y en la fila 104 el valor: 200000

2023-11-06 08:21:21 - [MESSAGE][INFO] - Se va ha escribir en la columna ARGUMENTOS y en la fila 104 el valor: 200000

2023-11-06 08:21:22 - [TEST_STEP][PASSED] - writeExcel.writeExcel_CrearExpedicionExterna(74, "ARGUMENTOS", "Operativa", IpExterna): Se va ha escribir en la columna ARGUMENTOS y en la fila 74 el valor: 128.1.96.30

2023-11-06 08:21:22 - [MESSAGE][INFO] - Se va ha escribir en la columna ARGUMENTOS y en la fila 74 el valor: 128.1.96.30

2023-11-06 08:21:22 - [TEST_STEP][PASSED] - writeExcel.writeExcel_CrearExpedicionExterna(81, "ARGUMENTOS", "Operativa", franquiciaExterna): Se va ha escribir en la columna ARGUMENTOS y en la fila 81 el valor: 030

2023-11-06 08:21:22 - [MESSAGE][INFO] - Se va ha escribir en la columna ARGUMENTOS y en la fila 81 el valor: 030

2023-11-06 08:21:22 - [TEST_STEP][PASSED] - writeExcel.writeExcel_CrearExpedicionExterna(111, "ARGUMENTOS", "Operativa", IpExterna): Se va ha escribir en la columna ARGUMENTOS y en la fila 111 el valor: 128.1.96.30

2023-11-06 08:21:22 - [MESSAGE][INFO] - Se va ha escribir en la columna ARGUMENTOS y en la fila 111 el valor: 128.1.96.30

2023-11-06 08:21:22 - [TEST_STEP][PASSED] - writeExcel.writeExcel_CrearExpedicionExterna(119, "ARGUMENTOS", "Operativa", franquiciaExterna): Se va ha escribir en la columna ARGUMENTOS y en la fila 119 el valor: 030

2023-11-06 08:21:22 - [MESSAGE][INFO] - Se va ha escribir en la columna ARGUMENTOS y en la fila 119 el valor: 030

2023-11-06 08:21:22 - [TEST_STEP][PASSED] - writeExcel.writeExcel_CrearExpedicionExterna(149, "ARGUMENTOS", "Operativa", IpExterna): Se va ha escribir en la columna ARGUMENTOS y en la fila 149 el valor: 128.1.96.30

2023-11-06 08:21:22 - [MESSAGE][INFO] - Se va ha escribir en la columna ARGUMENTOS y en la fila 149 el valor: 128.1.96.30

2023-11-06 08:21:22 - [TEST_STEP][PASSED] - writeExcel.writeExcel_CrearExpedicionExterna(157, "ARGUMENTOS", "Operativa", franquiciaExterna): Se va ha escribir en la columna ARGUMENTOS y en la fila 157 el valor: 030

2023-11-06 08:21:22 - [MESSAGE][INFO] - Se va ha escribir en la columna ARGUMENTOS y en la fila 157 el valor: 030

2023-11-06 08:21:22 - [TEST_STEP][PASSED] - writeExcel.writeExcel_CrearExpedicionExterna(189, "ARGUMENTOS", "Operativa", IpExterna): Se va ha escribir en la columna ARGUMENTOS y en la fila 189 el valor: 128.1.96.30

2023-11-06 08:21:22 - [MESSAGE][INFO] - Se va ha escribir en la columna ARGUMENTOS y en la fila 189 el valor: 128.1.96.30

2023-11-06 08:21:22 - [TEST_STEP][PASSED] - writeExcel.writeExcel_CrearExpedicionExterna(197, "ARGUMENTOS", "Operativa", franquiciaExterna): Se va ha escribir en la columna ARGUMENTOS y en la fila 197 el valor: 030

2023-11-06 08:21:22 - [MESSAGE][INFO] - Se va ha escribir en la columna ARGUMENTOS y en la fila 197 el valor: 030

2023-11-06 08:21:22 - [TEST_STEP][PASSED] - log.loggerInfo("Se ha escrito correctamente en el excel los nuevos datos"): null

2023-11-06 08:21:22 - [TEST_STEP][PASSED] - rowDatosExcel = findTestData("Data Files/GTI - Crear Expedicion Externa"): null

2023-11-06 08:21:22 - [TEST_STEP][PASSED] - log.loggerInfo(">>>>>>>>>>>>>>>>>>>>>>>> fila Inicio = %s", filaInicio): null

2023-11-06 08:21:22 - [TEST_STEP][PASSED] - filasTotales = HostUtils.totalNumberOfIterations(rowDatosExcel, filaInicio): null

2023-11-06 08:21:22 - [TEST_STEP][PASSED] - log.loggerInfo(">>>>>>>>>>>>>>>>>>>>>>> filas totales = %s", filasTotales): null

2023-11-06 08:21:22 - [TEST_STEP][PASSED] - Script1676556991125.prv_crearExpedicion(filaHostRun, filaInicio, filasTotales, rowDatosExcel, log): null

2023-11-06 08:21:22 - [TEST_STEP][PASSED] - filaInicio = <not implemented yet for class: org.codehaus.groovy.ast.expr.EmptyExpression>: null

2023-11-06 08:21:22 - [TEST_STEP][PASSED] - filaInicio = numFilas: null

2023-11-06 08:21:22 - [TEST_STEP][PASSED] - try: null

2023-11-06 08:21:22 - [TEST_STEP][PASSED] - while (filaInicio <= filasTotales): null

2023-11-06 08:21:22 - [TEST_STEP][PASSED] - findTestData("Data Files/ConnectionHost"): null

2023-11-06 08:21:22 - [TEST_STEP][PASSED] - rowDatosExcel = findTestData("Data Files/GTI - Crear Expedicion Externa"): null

2023-11-06 08:21:22 - [TEST_STEP][PASSED] - Script1676556991125.prv_getPantalla(filaInicio, filaHostRun, rowDatosExcel, log): null

2023-11-06 08:21:22 - [TEST_STEP][PASSED] - fieldPantalla = <not implemented yet for class: org.codehaus.groovy.ast.expr.EmptyExpression>: null

2023-11-06 08:21:22 - [TEST_STEP][PASSED] - mapeo = <not implemented yet for class: org.codehaus.groovy.ast.expr.EmptyExpression>: null

2023-11-06 08:21:22 - [TEST_STEP][PASSED] - mapeo = new java.util.HashMap(): null

2023-11-06 08:21:22 - [TEST_STEP][PASSED] - mapeo = HostUtils.getDataExcel(datosExcel, numeroFila): null

2023-11-06 08:21:22 - [TEST_STEP][PASSED] - fieldPantalla = mapeo.get("Pantalla"): null

2023-11-06 08:21:22 - [TEST_STEP][PASSED] - switch (fieldPantalla): null

2023-11-06 08:21:22 - [TEST_STEP][PASSED] - Default: null

2023-11-06 08:21:22 - [TEST_STEP][PASSED] - Script1676556991125.prv_basicOperation(mapeo, log): null

2023-11-06 08:21:22 - [TEST_STEP][PASSED] - valueHost = <not implemented yet for class: org.codehaus.groovy.ast.expr.EmptyExpression>: null

2023-11-06 08:21:22 - [TEST_STEP][PASSED] - try: null

2023-11-06 08:21:22 - [TEST_STEP][PASSED] - valueHost = HostUtils.operacionPantallaHost(mapeo, log): null

2023-11-06 08:21:25 - [TEST_STEP][PASSED] - return valueHost.trim(): null

2023-11-06 08:21:25 - [TEST_STEP][PASSED] - (filaInicio++): null

2023-11-06 08:21:25 - [TEST_STEP][PASSED] - findTestData("Data Files/ConnectionHost"): null

2023-11-06 08:21:25 - [TEST_STEP][PASSED] - rowDatosExcel = findTestData("Data Files/GTI - Crear Expedicion Externa"): null

2023-11-06 08:21:25 - [TEST_STEP][PASSED] - Script1676556991125.prv_getPantalla(filaInicio, filaHostRun, rowDatosExcel, log): null

2023-11-06 08:21:25 - [TEST_STEP][PASSED] - fieldPantalla = <not implemented yet for class: org.codehaus.groovy.ast.expr.EmptyExpression>: null

2023-11-06 08:21:25 - [TEST_STEP][PASSED] - mapeo = <not implemented yet for class: org.codehaus.groovy.ast.expr.EmptyExpression>: null

2023-11-06 08:21:25 - [TEST_STEP][PASSED] - mapeo = new java.util.HashMap(): null

2023-11-06 08:21:25 - [TEST_STEP][PASSED] - mapeo = HostUtils.getDataExcel(datosExcel, numeroFila): null

2023-11-06 08:21:25 - [TEST_STEP][PASSED] - fieldPantalla = mapeo.get("Pantalla"): null

2023-11-06 08:21:25 - [TEST_STEP][PASSED] - switch (fieldPantalla): null

2023-11-06 08:21:25 - [TEST_STEP][PASSED] - Default: null

2023-11-06 08:21:25 - [TEST_STEP][PASSED] - Script1676556991125.prv_basicOperation(mapeo, log): null

2023-11-06 08:21:25 - [TEST_STEP][PASSED] - valueHost = <not implemented yet for class: org.codehaus.groovy.ast.expr.EmptyExpression>: null

2023-11-06 08:21:25 - [TEST_STEP][PASSED] - try: null

2023-11-06 08:21:25 - [TEST_STEP][PASSED] - valueHost = HostUtils.operacionPantallaHost(mapeo, log): null

2023-11-06 08:21:30 - [TEST_STEP][PASSED] - return valueHost.trim(): null

2023-11-06 08:21:30 - [TEST_STEP][PASSED] - (filaInicio++): null

2023-11-06 08:21:30 - [TEST_STEP][PASSED] - findTestData("Data Files/ConnectionHost"): null

2023-11-06 08:21:30 - [TEST_STEP][PASSED] - rowDatosExcel = findTestData("Data Files/GTI - Crear Expedicion Externa"): null

2023-11-06 08:21:30 - [TEST_STEP][PASSED] - Script1676556991125.prv_getPantalla(filaInicio, filaHostRun, rowDatosExcel, log): null

2023-11-06 08:21:30 - [TEST_STEP][PASSED] - fieldPantalla = <not implemented yet for class: org.codehaus.groovy.ast.expr.EmptyExpression>: null

2023-11-06 08:21:30 - [TEST_STEP][PASSED] - mapeo = <not implemented yet for class: org.codehaus.groovy.ast.expr.EmptyExpression>: null

2023-11-06 08:21:30 - [TEST_STEP][PASSED] - mapeo = new java.util.HashMap(): null

2023-11-06 08:21:30 - [TEST_STEP][PASSED] - mapeo = HostUtils.getDataExcel(datosExcel, numeroFila): null

2023-11-06 08:21:30 - [TEST_STEP][PASSED] - fieldPantalla = mapeo.get("Pantalla"): null

2023-11-06 08:21:30 - [TEST_STEP][PASSED] - switch (fieldPantalla): null

2023-11-06 08:21:30 - [TEST_STEP][PASSED] - Default: null

2023-11-06 08:21:30 - [TEST_STEP][PASSED] - Script1676556991125.prv_basicOperation(mapeo, log): null

2023-11-06 08:21:30 - [TEST_STEP][PASSED] - valueHost = <not implemented yet for class: org.codehaus.groovy.ast.expr.EmptyExpression>: null

2023-11-06 08:21:30 - [TEST_STEP][PASSED] - try: null

2023-11-06 08:21:30 - [TEST_STEP][PASSED] - valueHost = HostUtils.operacionPantallaHost(mapeo, log): null

2023-11-06 08:21:33 - [TEST_STEP][PASSED] - return valueHost.trim(): null

2023-11-06 08:21:33 - [TEST_STEP][PASSED] - (filaInicio++): null

2023-11-06 08:21:33 - [TEST_STEP][PASSED] - findTestData("Data Files/ConnectionHost"): null

2023-11-06 08:21:33 - [TEST_STEP][PASSED] - rowDatosExcel = findTestData("Data Files/GTI - Crear Expedicion Externa"): null

2023-11-06 08:21:33 - [TEST_STEP][PASSED] - Script1676556991125.prv_getPantalla(filaInicio, filaHostRun, rowDatosExcel, log): null

2023-11-06 08:21:33 - [TEST_STEP][PASSED] - fieldPantalla = <not implemented yet for class: org.codehaus.groovy.ast.expr.EmptyExpression>: null

2023-11-06 08:21:33 - [TEST_STEP][PASSED] - mapeo = <not implemented yet for class: org.codehaus.groovy.ast.expr.EmptyExpression>: null

2023-11-06 08:21:33 - [TEST_STEP][PASSED] - mapeo = new java.util.HashMap(): null

2023-11-06 08:21:33 - [TEST_STEP][PASSED] - mapeo = HostUtils.getDataExcel(datosExcel, numeroFila): null

2023-11-06 08:21:33 - [TEST_STEP][PASSED] - fieldPantalla = mapeo.get("Pantalla"): null

2023-11-06 08:21:33 - [TEST_STEP][PASSED] - switch (fieldPantalla): null

2023-11-06 08:21:33 - [TEST_STEP][PASSED] - Default: null

2023-11-06 08:21:33 - [TEST_STEP][PASSED] - Script1676556991125.prv_basicOperation(mapeo, log): null

2023-11-06 08:21:33 - [TEST_STEP][PASSED] - valueHost = <not implemented yet for class: org.codehaus.groovy.ast.expr.EmptyExpression>: null

2023-11-06 08:21:33 - [TEST_STEP][PASSED] - try: null

2023-11-06 08:21:33 - [TEST_STEP][PASSED] - valueHost = HostUtils.operacionPantallaHost(mapeo, log): null

2023-11-06 08:21:37 - [TEST_STEP][PASSED] - return valueHost.trim(): null

2023-11-06 08:21:37 - [TEST_STEP][PASSED] - (filaInicio++): null

2023-11-06 08:21:37 - [TEST_STEP][PASSED] - findTestData("Data Files/ConnectionHost"): null

2023-11-06 08:21:37 - [TEST_STEP][PASSED] - rowDatosExcel = findTestData("Data Files/GTI - Crear Expedicion Externa"): null

2023-11-06 08:21:37 - [TEST_STEP][PASSED] - Script1676556991125.prv_getPantalla(filaInicio, filaHostRun, rowDatosExcel, log): null

2023-11-06 08:21:37 - [TEST_STEP][PASSED] - fieldPantalla = <not implemented yet for class: org.codehaus.groovy.ast.expr.EmptyExpression>: null

2023-11-06 08:21:37 - [TEST_STEP][PASSED] - mapeo = <not implemented yet for class: org.codehaus.groovy.ast.expr.EmptyExpression>: null

2023-11-06 08:21:37 - [TEST_STEP][PASSED] - mapeo = new java.util.HashMap(): null

2023-11-06 08:21:37 - [TEST_STEP][PASSED] - mapeo = HostUtils.getDataExcel(datosExcel, numeroFila): null

2023-11-06 08:21:37 - [TEST_STEP][PASSED] - fieldPantalla = mapeo.get("Pantalla"): null

2023-11-06 08:21:37 - [TEST_STEP][PASSED] - switch (fieldPantalla): null

2023-11-06 08:21:37 - [TEST_STEP][PASSED] - Default: null

2023-11-06 08:21:37 - [TEST_STEP][PASSED] - Script1676556991125.prv_basicOperation(mapeo, log): null

2023-11-06 08:21:37 - [TEST_STEP][PASSED] - valueHost = <not implemented yet for class: org.codehaus.groovy.ast.expr.EmptyExpression>: null

2023-11-06 08:21:37 - [TEST_STEP][PASSED] - try: null

2023-11-06 08:21:37 - [TEST_STEP][PASSED] - valueHost = HostUtils.operacionPantallaHost(mapeo, log): null

2023-11-06 08:21:41 - [TEST_STEP][PASSED] - return valueHost.trim(): null

2023-11-06 08:21:41 - [TEST_STEP][PASSED] - (filaInicio++): null

2023-11-06 08:21:41 - [TEST_STEP][PASSED] - findTestData("Data Files/ConnectionHost"): null

2023-11-06 08:21:41 - [TEST_STEP][PASSED] - rowDatosExcel = findTestData("Data Files/GTI - Crear Expedicion Externa"): null

2023-11-06 08:21:41 - [TEST_STEP][PASSED] - Script1676556991125.prv_getPantalla(filaInicio, filaHostRun, rowDatosExcel, log): null

2023-11-06 08:21:41 - [TEST_STEP][PASSED] - fieldPantalla = <not implemented yet for class: org.codehaus.groovy.ast.expr.EmptyExpression>: null

2023-11-06 08:21:41 - [TEST_STEP][PASSED] - mapeo = <not implemented yet for class: org.codehaus.groovy.ast.expr.EmptyExpression>: null

2023-11-06 08:21:41 - [TEST_STEP][PASSED] - mapeo = new java.util.HashMap(): null

2023-11-06 08:21:41 - [TEST_STEP][PASSED] - mapeo = HostUtils.getDataExcel(datosExcel, numeroFila): null

2023-11-06 08:21:41 - [TEST_STEP][PASSED] - fieldPantalla = mapeo.get("Pantalla"): null

2023-11-06 08:21:41 - [TEST_STEP][PASSED] - switch (fieldPantalla): null

2023-11-06 08:21:41 - [TEST_STEP][PASSED] - Default: null

2023-11-06 08:21:41 - [TEST_STEP][PASSED] - Script1676556991125.prv_basicOperation(mapeo, log): null

2023-11-06 08:21:41 - [TEST_STEP][PASSED] - valueHost = <not implemented yet for class: org.codehaus.groovy.ast.expr.EmptyExpression>: null

2023-11-06 08:21:41 - [TEST_STEP][PASSED] - try: null

2023-11-06 08:21:41 - [TEST_STEP][PASSED] - valueHost = HostUtils.operacionPantallaHost(mapeo, log): null

2023-11-06 08:21:45 - [TEST_STEP][PASSED] - return valueHost.trim(): null

2023-11-06 08:21:45 - [TEST_STEP][PASSED] - (filaInicio++): null

2023-11-06 08:21:45 - [TEST_STEP][PASSED] - findTestData("Data Files/ConnectionHost"): null

2023-11-06 08:21:45 - [TEST_STEP][PASSED] - rowDatosExcel = findTestData("Data Files/GTI - Crear Expedicion Externa"): null

2023-11-06 08:21:45 - [TEST_STEP][PASSED] - Script1676556991125.prv_getPantalla(filaInicio, filaHostRun, rowDatosExcel, log): null

2023-11-06 08:21:45 - [TEST_STEP][PASSED] - fieldPantalla = <not implemented yet for class: org.codehaus.groovy.ast.expr.EmptyExpression>: null

2023-11-06 08:21:45 - [TEST_STEP][PASSED] - mapeo = <not implemented yet for class: org.codehaus.groovy.ast.expr.EmptyExpression>: null

2023-11-06 08:21:45 - [TEST_STEP][PASSED] - mapeo = new java.util.HashMap(): null

2023-11-06 08:21:45 - [TEST_STEP][PASSED] - mapeo = HostUtils.getDataExcel(datosExcel, numeroFila): null

2023-11-06 08:21:45 - [TEST_STEP][PASSED] - fieldPantalla = mapeo.get("Pantalla"): null

2023-11-06 08:21:45 - [TEST_STEP][PASSED] - switch (fieldPantalla): null

2023-11-06 08:21:45 - [TEST_STEP][PASSED] - Default: null

2023-11-06 08:21:45 - [TEST_STEP][PASSED] - Script1676556991125.prv_basicOperation(mapeo, log): null

2023-11-06 08:21:45 - [TEST_STEP][PASSED] - valueHost = <not implemented yet for class: org.codehaus.groovy.ast.expr.EmptyExpression>: null

2023-11-06 08:21:45 - [TEST_STEP][PASSED] - try: null

2023-11-06 08:21:45 - [TEST_STEP][PASSED] - valueHost = HostUtils.operacionPantallaHost(mapeo, log): null

2023-11-06 08:21:49 - [TEST_STEP][PASSED] - return valueHost.trim(): null

2023-11-06 08:21:49 - [TEST_STEP][PASSED] - (filaInicio++): null

2023-11-06 08:21:49 - [TEST_STEP][PASSED] - findTestData("Data Files/ConnectionHost"): null

2023-11-06 08:21:49 - [TEST_STEP][PASSED] - rowDatosExcel = findTestData("Data Files/GTI - Crear Expedicion Externa"): null

2023-11-06 08:21:49 - [TEST_STEP][PASSED] - Script1676556991125.prv_getPantalla(filaInicio, filaHostRun, rowDatosExcel, log): null

2023-11-06 08:21:49 - [TEST_STEP][PASSED] - fieldPantalla = <not implemented yet for class: org.codehaus.groovy.ast.expr.EmptyExpression>: null

2023-11-06 08:21:49 - [TEST_STEP][PASSED] - mapeo = <not implemented yet for class: org.codehaus.groovy.ast.expr.EmptyExpression>: null

2023-11-06 08:21:49 - [TEST_STEP][PASSED] - mapeo = new java.util.HashMap(): null

2023-11-06 08:21:49 - [TEST_STEP][PASSED] - mapeo = HostUtils.getDataExcel(datosExcel, numeroFila): null

2023-11-06 08:21:49 - [TEST_STEP][PASSED] - fieldPantalla = mapeo.get("Pantalla"): null

2023-11-06 08:21:49 - [TEST_STEP][PASSED] - switch (fieldPantalla): null

2023-11-06 08:21:49 - [TEST_STEP][PASSED] - Default: null

2023-11-06 08:21:49 - [TEST_STEP][PASSED] - Script1676556991125.prv_basicOperation(mapeo, log): null

2023-11-06 08:21:49 - [TEST_STEP][PASSED] - valueHost = <not implemented yet for class: org.codehaus.groovy.ast.expr.EmptyExpression>: null

2023-11-06 08:21:49 - [TEST_STEP][PASSED] - try: null

2023-11-06 08:21:49 - [TEST_STEP][PASSED] - valueHost = HostUtils.operacionPantallaHost(mapeo, log): null

2023-11-06 08:21:52 - [TEST_STEP][PASSED] - return valueHost.trim(): null

2023-11-06 08:21:52 - [TEST_STEP][PASSED] - (filaInicio++): null

2023-11-06 08:21:52 - [TEST_STEP][PASSED] - findTestData("Data Files/ConnectionHost"): null

2023-11-06 08:21:52 - [TEST_STEP][PASSED] - rowDatosExcel = findTestData("Data Files/GTI - Crear Expedicion Externa"): null

2023-11-06 08:21:52 - [TEST_STEP][PASSED] - Script1676556991125.prv_getPantalla(filaInicio, filaHostRun, rowDatosExcel, log): null

2023-11-06 08:21:52 - [TEST_STEP][PASSED] - fieldPantalla = <not implemented yet for class: org.codehaus.groovy.ast.expr.EmptyExpression>: null

2023-11-06 08:21:52 - [TEST_STEP][PASSED] - mapeo = <not implemented yet for class: org.codehaus.groovy.ast.expr.EmptyExpression>: null

2023-11-06 08:21:52 - [TEST_STEP][PASSED] - mapeo = new java.util.HashMap(): null

2023-11-06 08:21:52 - [TEST_STEP][PASSED] - mapeo = HostUtils.getDataExcel(datosExcel, numeroFila): null

2023-11-06 08:21:52 - [TEST_STEP][PASSED] - fieldPantalla = mapeo.get("Pantalla"): null

2023-11-06 08:21:52 - [TEST_STEP][PASSED] - switch (fieldPantalla): null

2023-11-06 08:21:52 - [TEST_STEP][PASSED] - Default: null

2023-11-06 08:21:52 - [TEST_STEP][PASSED] - Script1676556991125.prv_basicOperation(mapeo, log): null

2023-11-06 08:21:52 - [TEST_STEP][PASSED] - valueHost = <not implemented yet for class: org.codehaus.groovy.ast.expr.EmptyExpression>: null

2023-11-06 08:21:52 - [TEST_STEP][PASSED] - try: null

2023-11-06 08:21:52 - [TEST_STEP][PASSED] - valueHost = HostUtils.operacionPantallaHost(mapeo, log): null

2023-11-06 08:21:56 - [TEST_STEP][PASSED] - return valueHost.trim(): null

2023-11-06 08:21:56 - [TEST_STEP][PASSED] - (filaInicio++): null

2023-11-06 08:21:56 - [TEST_STEP][PASSED] - findTestData("Data Files/ConnectionHost"): null

2023-11-06 08:21:56 - [TEST_STEP][PASSED] - rowDatosExcel = findTestData("Data Files/GTI - Crear Expedicion Externa"): null

2023-11-06 08:21:56 - [TEST_STEP][PASSED] - Script1676556991125.prv_getPantalla(filaInicio, filaHostRun, rowDatosExcel, log): null

2023-11-06 08:21:56 - [TEST_STEP][PASSED] - fieldPantalla = <not implemented yet for class: org.codehaus.groovy.ast.expr.EmptyExpression>: null

2023-11-06 08:21:56 - [TEST_STEP][PASSED] - mapeo = <not implemented yet for class: org.codehaus.groovy.ast.expr.EmptyExpression>: null

2023-11-06 08:21:56 - [TEST_STEP][PASSED] - mapeo = new java.util.HashMap(): null

2023-11-06 08:21:56 - [TEST_STEP][PASSED] - mapeo = HostUtils.getDataExcel(datosExcel, numeroFila): null

2023-11-06 08:21:56 - [TEST_STEP][PASSED] - fieldPantalla = mapeo.get("Pantalla"): null

2023-11-06 08:21:56 - [TEST_STEP][PASSED] - switch (fieldPantalla): null

2023-11-06 08:21:56 - [TEST_STEP][PASSED] - Default: null

2023-11-06 08:21:56 - [TEST_STEP][PASSED] - Script1676556991125.prv_basicOperation(mapeo, log): null

2023-11-06 08:21:56 - [TEST_STEP][PASSED] - valueHost = <not implemented yet for class: org.codehaus.groovy.ast.expr.EmptyExpression>: null

2023-11-06 08:21:56 - [TEST_STEP][PASSED] - try: null

2023-11-06 08:21:56 - [TEST_STEP][PASSED] - valueHost = HostUtils.operacionPantallaHost(mapeo, log): null

2023-11-06 08:21:59 - [TEST_STEP][PASSED] - return valueHost.trim(): null

2023-11-06 08:21:59 - [TEST_STEP][PASSED] - (filaInicio++): null

2023-11-06 08:21:59 - [TEST_STEP][PASSED] - findTestData("Data Files/ConnectionHost"): null

2023-11-06 08:21:59 - [TEST_STEP][PASSED] - rowDatosExcel = findTestData("Data Files/GTI - Crear Expedicion Externa"): null

2023-11-06 08:21:59 - [TEST_STEP][PASSED] - Script1676556991125.prv_getPantalla(filaInicio, filaHostRun, rowDatosExcel, log): null

2023-11-06 08:21:59 - [TEST_STEP][PASSED] - fieldPantalla = <not implemented yet for class: org.codehaus.groovy.ast.expr.EmptyExpression>: null

2023-11-06 08:21:59 - [TEST_STEP][PASSED] - mapeo = <not implemented yet for class: org.codehaus.groovy.ast.expr.EmptyExpression>: null

2023-11-06 08:21:59 - [TEST_STEP][PASSED] - mapeo = new java.util.HashMap(): null

2023-11-06 08:21:59 - [TEST_STEP][PASSED] - mapeo = HostUtils.getDataExcel(datosExcel, numeroFila): null

2023-11-06 08:21:59 - [TEST_STEP][PASSED] - fieldPantalla = mapeo.get("Pantalla"): null

2023-11-06 08:21:59 - [TEST_STEP][PASSED] - switch (fieldPantalla): null

2023-11-06 08:21:59 - [TEST_STEP][PASSED] - Default: null

2023-11-06 08:21:59 - [TEST_STEP][PASSED] - Script1676556991125.prv_basicOperation(mapeo, log): null

2023-11-06 08:21:59 - [TEST_STEP][PASSED] - valueHost = <not implemented yet for class: org.codehaus.groovy.ast.expr.EmptyExpression>: null

2023-11-06 08:21:59 - [TEST_STEP][PASSED] - try: null

2023-11-06 08:21:59 - [TEST_STEP][PASSED] - valueHost = HostUtils.operacionPantallaHost(mapeo, log): null

2023-11-06 08:22:02 - [TEST_STEP][PASSED] - return valueHost.trim(): null

2023-11-06 08:22:02 - [TEST_STEP][PASSED] - (filaInicio++): null

2023-11-06 08:22:02 - [TEST_STEP][PASSED] - findTestData("Data Files/ConnectionHost"): null

2023-11-06 08:22:02 - [TEST_STEP][PASSED] - rowDatosExcel = findTestData("Data Files/GTI - Crear Expedicion Externa"): null

2023-11-06 08:22:02 - [TEST_STEP][PASSED] - Script1676556991125.prv_getPantalla(filaInicio, filaHostRun, rowDatosExcel, log): null

2023-11-06 08:22:02 - [TEST_STEP][PASSED] - fieldPantalla = <not implemented yet for class: org.codehaus.groovy.ast.expr.EmptyExpression>: null

2023-11-06 08:22:02 - [TEST_STEP][PASSED] - mapeo = <not implemented yet for class: org.codehaus.groovy.ast.expr.EmptyExpression>: null

2023-11-06 08:22:02 - [TEST_STEP][PASSED] - mapeo = new java.util.HashMap(): null

2023-11-06 08:22:02 - [TEST_STEP][PASSED] - mapeo = HostUtils.getDataExcel(datosExcel, numeroFila): null

2023-11-06 08:22:02 - [TEST_STEP][PASSED] - fieldPantalla = mapeo.get("Pantalla"): null

2023-11-06 08:22:02 - [TEST_STEP][PASSED] - switch (fieldPantalla): null

2023-11-06 08:22:02 - [TEST_STEP][PASSED] - Default: null

2023-11-06 08:22:02 - [TEST_STEP][PASSED] - Script1676556991125.prv_basicOperation(mapeo, log): null

2023-11-06 08:22:02 - [TEST_STEP][PASSED] - valueHost = <not implemented yet for class: org.codehaus.groovy.ast.expr.EmptyExpression>: null

2023-11-06 08:22:02 - [TEST_STEP][PASSED] - try: null

2023-11-06 08:22:02 - [TEST_STEP][PASSED] - valueHost = HostUtils.operacionPantallaHost(mapeo, log): null

2023-11-06 08:22:06 - [TEST_STEP][PASSED] - return valueHost.trim(): null

2023-11-06 08:22:06 - [TEST_STEP][PASSED] - (filaInicio++): null

2023-11-06 08:22:06 - [TEST_STEP][PASSED] - findTestData("Data Files/ConnectionHost"): null

2023-11-06 08:22:06 - [TEST_STEP][PASSED] - rowDatosExcel = findTestData("Data Files/GTI - Crear Expedicion Externa"): null

2023-11-06 08:22:06 - [TEST_STEP][PASSED] - Script1676556991125.prv_getPantalla(filaInicio, filaHostRun, rowDatosExcel, log): null

2023-11-06 08:22:06 - [TEST_STEP][PASSED] - fieldPantalla = <not implemented yet for class: org.codehaus.groovy.ast.expr.EmptyExpression>: null

2023-11-06 08:22:06 - [TEST_STEP][PASSED] - mapeo = <not implemented yet for class: org.codehaus.groovy.ast.expr.EmptyExpression>: null

2023-11-06 08:22:06 - [TEST_STEP][PASSED] - mapeo = new java.util.HashMap(): null

2023-11-06 08:22:06 - [TEST_STEP][PASSED] - mapeo = HostUtils.getDataExcel(datosExcel, numeroFila): null

2023-11-06 08:22:06 - [TEST_STEP][PASSED] - fieldPantalla = mapeo.get("Pantalla"): null

2023-11-06 08:22:06 - [TEST_STEP][PASSED] - switch (fieldPantalla): null

2023-11-06 08:22:06 - [TEST_STEP][PASSED] - Default: null

2023-11-06 08:22:06 - [TEST_STEP][PASSED] - Script1676556991125.prv_basicOperation(mapeo, log): null

2023-11-06 08:22:06 - [TEST_STEP][PASSED] - valueHost = <not implemented yet for class: org.codehaus.groovy.ast.expr.EmptyExpression>: null

2023-11-06 08:22:06 - [TEST_STEP][PASSED] - try: null

2023-11-06 08:22:06 - [TEST_STEP][PASSED] - valueHost = HostUtils.operacionPantallaHost(mapeo, log): null

2023-11-06 08:22:10 - [TEST_STEP][PASSED] - return valueHost.trim(): null

2023-11-06 08:22:10 - [TEST_STEP][PASSED] - (filaInicio++): null

2023-11-06 08:22:10 - [TEST_STEP][PASSED] - findTestData("Data Files/ConnectionHost"): null

2023-11-06 08:22:10 - [TEST_STEP][PASSED] - rowDatosExcel = findTestData("Data Files/GTI - Crear Expedicion Externa"): null

2023-11-06 08:22:10 - [TEST_STEP][PASSED] - Script1676556991125.prv_getPantalla(filaInicio, filaHostRun, rowDatosExcel, log): null

2023-11-06 08:22:10 - [TEST_STEP][PASSED] - fieldPantalla = <not implemented yet for class: org.codehaus.groovy.ast.expr.EmptyExpression>: null

2023-11-06 08:22:10 - [TEST_STEP][PASSED] - mapeo = <not implemented yet for class: org.codehaus.groovy.ast.expr.EmptyExpression>: null

2023-11-06 08:22:10 - [TEST_STEP][PASSED] - mapeo = new java.util.HashMap(): null

2023-11-06 08:22:10 - [TEST_STEP][PASSED] - mapeo = HostUtils.getDataExcel(datosExcel, numeroFila): null

2023-11-06 08:22:10 - [TEST_STEP][PASSED] - fieldPantalla = mapeo.get("Pantalla"): null

2023-11-06 08:22:10 - [TEST_STEP][PASSED] - switch (fieldPantalla): null

2023-11-06 08:22:10 - [TEST_STEP][PASSED] - Default: null

2023-11-06 08:22:10 - [TEST_STEP][PASSED] - Script1676556991125.prv_basicOperation(mapeo, log): null

2023-11-06 08:22:10 - [TEST_STEP][PASSED] - valueHost = <not implemented yet for class: org.codehaus.groovy.ast.expr.EmptyExpression>: null

2023-11-06 08:22:10 - [TEST_STEP][PASSED] - try: null

2023-11-06 08:22:10 - [TEST_STEP][PASSED] - valueHost = HostUtils.operacionPantallaHost(mapeo, log): null

2023-11-06 08:22:13 - [TEST_STEP][PASSED] - return valueHost.trim(): null

2023-11-06 08:22:13 - [TEST_STEP][PASSED] - (filaInicio++): null

2023-11-06 08:22:13 - [TEST_STEP][PASSED] - findTestData("Data Files/ConnectionHost"): null

2023-11-06 08:22:13 - [TEST_STEP][PASSED] - rowDatosExcel = findTestData("Data Files/GTI - Crear Expedicion Externa"): null

2023-11-06 08:22:13 - [TEST_STEP][PASSED] - Script1676556991125.prv_getPantalla(filaInicio, filaHostRun, rowDatosExcel, log): null

2023-11-06 08:22:13 - [TEST_STEP][PASSED] - fieldPantalla = <not implemented yet for class: org.codehaus.groovy.ast.expr.EmptyExpression>: null

2023-11-06 08:22:13 - [TEST_STEP][PASSED] - mapeo = <not implemented yet for class: org.codehaus.groovy.ast.expr.EmptyExpression>: null

2023-11-06 08:22:13 - [TEST_STEP][PASSED] - mapeo = new java.util.HashMap(): null

2023-11-06 08:22:13 - [TEST_STEP][PASSED] - mapeo = HostUtils.getDataExcel(datosExcel, numeroFila): null

2023-11-06 08:22:13 - [TEST_STEP][PASSED] - fieldPantalla = mapeo.get("Pantalla"): null

2023-11-06 08:22:13 - [TEST_STEP][PASSED] - switch (fieldPantalla): null

2023-11-06 08:22:13 - [TEST_STEP][PASSED] - Default: null

2023-11-06 08:22:13 - [TEST_STEP][PASSED] - Script1676556991125.prv_basicOperation(mapeo, log): null

2023-11-06 08:22:13 - [TEST_STEP][PASSED] - valueHost = <not implemented yet for class: org.codehaus.groovy.ast.expr.EmptyExpression>: null

2023-11-06 08:22:13 - [TEST_STEP][PASSED] - try: null

2023-11-06 08:22:13 - [TEST_STEP][PASSED] - valueHost = HostUtils.operacionPantallaHost(mapeo, log): null

2023-11-06 08:22:17 - [TEST_STEP][PASSED] - return valueHost.trim(): null

2023-11-06 08:22:17 - [TEST_STEP][PASSED] - (filaInicio++): null

2023-11-06 08:22:17 - [TEST_STEP][PASSED] - findTestData("Data Files/ConnectionHost"): null

2023-11-06 08:22:17 - [TEST_STEP][PASSED] - rowDatosExcel = findTestData("Data Files/GTI - Crear Expedicion Externa"): null

2023-11-06 08:22:17 - [TEST_STEP][PASSED] - Script1676556991125.prv_getPantalla(filaInicio, filaHostRun, rowDatosExcel, log): null

2023-11-06 08:22:17 - [TEST_STEP][PASSED] - fieldPantalla = <not implemented yet for class: org.codehaus.groovy.ast.expr.EmptyExpression>: null

2023-11-06 08:22:17 - [TEST_STEP][PASSED] - mapeo = <not implemented yet for class: org.codehaus.groovy.ast.expr.EmptyExpression>: null

2023-11-06 08:22:17 - [TEST_STEP][PASSED] - mapeo = new java.util.HashMap(): null

2023-11-06 08:22:17 - [TEST_STEP][PASSED] - mapeo = HostUtils.getDataExcel(datosExcel, numeroFila): null

2023-11-06 08:22:17 - [TEST_STEP][PASSED] - fieldPantalla = mapeo.get("Pantalla"): null

2023-11-06 08:22:17 - [TEST_STEP][PASSED] - switch (fieldPantalla): null

2023-11-06 08:22:17 - [TEST_STEP][PASSED] - Default: null

2023-11-06 08:22:17 - [TEST_STEP][PASSED] - Script1676556991125.prv_basicOperation(mapeo, log): null

2023-11-06 08:22:17 - [TEST_STEP][PASSED] - valueHost = <not implemented yet for class: org.codehaus.groovy.ast.expr.EmptyExpression>: null

2023-11-06 08:22:17 - [TEST_STEP][PASSED] - try: null

2023-11-06 08:22:17 - [TEST_STEP][PASSED] - valueHost = HostUtils.operacionPantallaHost(mapeo, log): null

2023-11-06 08:22:21 - [TEST_STEP][PASSED] - return valueHost.trim(): null

2023-11-06 08:22:21 - [TEST_STEP][PASSED] - (filaInicio++): null

2023-11-06 08:22:21 - [TEST_STEP][PASSED] - findTestData("Data Files/ConnectionHost"): null

2023-11-06 08:22:21 - [TEST_STEP][PASSED] - rowDatosExcel = findTestData("Data Files/GTI - Crear Expedicion Externa"): null

2023-11-06 08:22:21 - [TEST_STEP][PASSED] - Script1676556991125.prv_getPantalla(filaInicio, filaHostRun, rowDatosExcel, log): null

2023-11-06 08:22:21 - [TEST_STEP][PASSED] - fieldPantalla = <not implemented yet for class: org.codehaus.groovy.ast.expr.EmptyExpression>: null

2023-11-06 08:22:21 - [TEST_STEP][PASSED] - mapeo = <not implemented yet for class: org.codehaus.groovy.ast.expr.EmptyExpression>: null

2023-11-06 08:22:21 - [TEST_STEP][PASSED] - mapeo = new java.util.HashMap(): null

2023-11-06 08:22:21 - [TEST_STEP][PASSED] - mapeo = HostUtils.getDataExcel(datosExcel, numeroFila): null

2023-11-06 08:22:21 - [TEST_STEP][PASSED] - fieldPantalla = mapeo.get("Pantalla"): null

2023-11-06 08:22:21 - [TEST_STEP][PASSED] - switch (fieldPantalla): null

2023-11-06 08:22:21 - [TEST_STEP][PASSED] - Default: null

2023-11-06 08:22:21 - [TEST_STEP][PASSED] - Script1676556991125.prv_basicOperation(mapeo, log): null

2023-11-06 08:22:21 - [TEST_STEP][PASSED] - valueHost = <not implemented yet for class: org.codehaus.groovy.ast.expr.EmptyExpression>: null

2023-11-06 08:22:21 - [TEST_STEP][PASSED] - try: null

2023-11-06 08:22:21 - [TEST_STEP][PASSED] - valueHost = HostUtils.operacionPantallaHost(mapeo, log): null

2023-11-06 08:22:24 - [TEST_STEP][PASSED] - return valueHost.trim(): null

2023-11-06 08:22:24 - [TEST_STEP][PASSED] - (filaInicio++): null

2023-11-06 08:22:24 - [TEST_STEP][PASSED] - findTestData("Data Files/ConnectionHost"): null

2023-11-06 08:22:24 - [TEST_STEP][PASSED] - rowDatosExcel = findTestData("Data Files/GTI - Crear Expedicion Externa"): null

2023-11-06 08:22:24 - [TEST_STEP][PASSED] - Script1676556991125.prv_getPantalla(filaInicio, filaHostRun, rowDatosExcel, log): null

2023-11-06 08:22:24 - [TEST_STEP][PASSED] - fieldPantalla = <not implemented yet for class: org.codehaus.groovy.ast.expr.EmptyExpression>: null

2023-11-06 08:22:24 - [TEST_STEP][PASSED] - mapeo = <not implemented yet for class: org.codehaus.groovy.ast.expr.EmptyExpression>: null

2023-11-06 08:22:24 - [TEST_STEP][PASSED] - mapeo = new java.util.HashMap(): null

2023-11-06 08:22:24 - [TEST_STEP][PASSED] - mapeo = HostUtils.getDataExcel(datosExcel, numeroFila): null

2023-11-06 08:22:24 - [TEST_STEP][PASSED] - fieldPantalla = mapeo.get("Pantalla"): null

2023-11-06 08:22:24 - [TEST_STEP][PASSED] - switch (fieldPantalla): null

2023-11-06 08:22:24 - [TEST_STEP][PASSED] - Default: null

2023-11-06 08:22:24 - [TEST_STEP][PASSED] - Script1676556991125.prv_basicOperation(mapeo, log): null

2023-11-06 08:22:24 - [TEST_STEP][PASSED] - valueHost = <not implemented yet for class: org.codehaus.groovy.ast.expr.EmptyExpression>: null

2023-11-06 08:22:24 - [TEST_STEP][PASSED] - try: null

2023-11-06 08:22:24 - [TEST_STEP][PASSED] - valueHost = HostUtils.operacionPantallaHost(mapeo, log): null

2023-11-06 08:22:27 - [TEST_STEP][PASSED] - return valueHost.trim(): null

2023-11-06 08:22:27 - [TEST_STEP][PASSED] - (filaInicio++): null

2023-11-06 08:22:27 - [TEST_STEP][PASSED] - findTestData("Data Files/ConnectionHost"): null

2023-11-06 08:22:27 - [TEST_STEP][PASSED] - rowDatosExcel = findTestData("Data Files/GTI - Crear Expedicion Externa"): null

2023-11-06 08:22:27 - [TEST_STEP][PASSED] - Script1676556991125.prv_getPantalla(filaInicio, filaHostRun, rowDatosExcel, log): null

2023-11-06 08:22:27 - [TEST_STEP][PASSED] - fieldPantalla = <not implemented yet for class: org.codehaus.groovy.ast.expr.EmptyExpression>: null

2023-11-06 08:22:27 - [TEST_STEP][PASSED] - mapeo = <not implemented yet for class: org.codehaus.groovy.ast.expr.EmptyExpression>: null

2023-11-06 08:22:27 - [TEST_STEP][PASSED] - mapeo = new java.util.HashMap(): null

2023-11-06 08:22:27 - [TEST_STEP][PASSED] - mapeo = HostUtils.getDataExcel(datosExcel, numeroFila): null

2023-11-06 08:22:27 - [TEST_STEP][PASSED] - fieldPantalla = mapeo.get("Pantalla"): null

2023-11-06 08:22:27 - [TEST_STEP][PASSED] - switch (fieldPantalla): null

2023-11-06 08:22:27 - [TEST_STEP][PASSED] - Default: null

2023-11-06 08:22:27 - [TEST_STEP][PASSED] - Script1676556991125.prv_basicOperation(mapeo, log): null

2023-11-06 08:22:27 - [TEST_STEP][PASSED] - valueHost = <not implemented yet for class: org.codehaus.groovy.ast.expr.EmptyExpression>: null

2023-11-06 08:22:27 - [TEST_STEP][PASSED] - try: null

2023-11-06 08:22:27 - [TEST_STEP][PASSED] - valueHost = HostUtils.operacionPantallaHost(mapeo, log): null

2023-11-06 08:22:31 - [TEST_STEP][PASSED] - return valueHost.trim(): null

2023-11-06 08:22:31 - [TEST_STEP][PASSED] - (filaInicio++): null

2023-11-06 08:22:31 - [TEST_STEP][PASSED] - findTestData("Data Files/ConnectionHost"): null

2023-11-06 08:22:31 - [TEST_STEP][PASSED] - rowDatosExcel = findTestData("Data Files/GTI - Crear Expedicion Externa"): null

2023-11-06 08:22:31 - [TEST_STEP][PASSED] - Script1676556991125.prv_getPantalla(filaInicio, filaHostRun, rowDatosExcel, log): null

2023-11-06 08:22:31 - [TEST_STEP][PASSED] - fieldPantalla = <not implemented yet for class: org.codehaus.groovy.ast.expr.EmptyExpression>: null

2023-11-06 08:22:31 - [TEST_STEP][PASSED] - mapeo = <not implemented yet for class: org.codehaus.groovy.ast.expr.EmptyExpression>: null

2023-11-06 08:22:31 - [TEST_STEP][PASSED] - mapeo = new java.util.HashMap(): null

2023-11-06 08:22:31 - [TEST_STEP][PASSED] - mapeo = HostUtils.getDataExcel(datosExcel, numeroFila): null

2023-11-06 08:22:31 - [TEST_STEP][PASSED] - fieldPantalla = mapeo.get("Pantalla"): null

2023-11-06 08:22:31 - [TEST_STEP][PASSED] - switch (fieldPantalla): null

2023-11-06 08:22:31 - [TEST_STEP][PASSED] - case "Sleep":: null

2023-11-06 08:22:31 - [TEST_STEP][PASSED] - log.loggerInfo("Se va ha realizar una para de %s", TimeOut_Host_S): null

2023-11-06 08:22:31 - [TEST_STEP][PASSED] - SECONDS.sleep(TimeOut_Host_M): null

2023-11-06 08:22:35 - [TEST_STEP][PASSED] - break: null

2023-11-06 08:22:35 - [TEST_STEP][PASSED] - (filaInicio++): null

2023-11-06 08:22:35 - [TEST_STEP][PASSED] - findTestData("Data Files/ConnectionHost"): null

2023-11-06 08:22:35 - [TEST_STEP][PASSED] - rowDatosExcel = findTestData("Data Files/GTI - Crear Expedicion Externa"): null

2023-11-06 08:22:35 - [TEST_STEP][PASSED] - Script1676556991125.prv_getPantalla(filaInicio, filaHostRun, rowDatosExcel, log): null

2023-11-06 08:22:35 - [TEST_STEP][PASSED] - fieldPantalla = <not implemented yet for class: org.codehaus.groovy.ast.expr.EmptyExpression>: null

2023-11-06 08:22:35 - [TEST_STEP][PASSED] - mapeo = <not implemented yet for class: org.codehaus.groovy.ast.expr.EmptyExpression>: null

2023-11-06 08:22:35 - [TEST_STEP][PASSED] - mapeo = new java.util.HashMap(): null

2023-11-06 08:22:35 - [TEST_STEP][PASSED] - mapeo = HostUtils.getDataExcel(datosExcel, numeroFila): null

2023-11-06 08:22:35 - [TEST_STEP][PASSED] - fieldPantalla = mapeo.get("Pantalla"): null

2023-11-06 08:22:35 - [TEST_STEP][PASSED] - switch (fieldPantalla): null

2023-11-06 08:22:35 - [TEST_STEP][PASSED] - Default: null

2023-11-06 08:22:35 - [TEST_STEP][PASSED] - Script1676556991125.prv_basicOperation(mapeo, log): null

2023-11-06 08:22:35 - [TEST_STEP][PASSED] - valueHost = <not implemented yet for class: org.codehaus.groovy.ast.expr.EmptyExpression>: null

2023-11-06 08:22:35 - [TEST_STEP][PASSED] - try: null

2023-11-06 08:22:35 - [TEST_STEP][PASSED] - valueHost = HostUtils.operacionPantallaHost(mapeo, log): null

2023-11-06 08:22:39 - [TEST_STEP][PASSED] - return valueHost.trim(): null

2023-11-06 08:22:39 - [TEST_STEP][PASSED] - (filaInicio++): null

2023-11-06 08:22:39 - [TEST_STEP][PASSED] - findTestData("Data Files/ConnectionHost"): null

2023-11-06 08:22:39 - [TEST_STEP][PASSED] - rowDatosExcel = findTestData("Data Files/GTI - Crear Expedicion Externa"): null

2023-11-06 08:22:39 - [TEST_STEP][PASSED] - Script1676556991125.prv_getPantalla(filaInicio, filaHostRun, rowDatosExcel, log): null

2023-11-06 08:22:39 - [TEST_STEP][PASSED] - fieldPantalla = <not implemented yet for class: org.codehaus.groovy.ast.expr.EmptyExpression>: null

2023-11-06 08:22:39 - [TEST_STEP][PASSED] - mapeo = <not implemented yet for class: org.codehaus.groovy.ast.expr.EmptyExpression>: null

2023-11-06 08:22:39 - [TEST_STEP][PASSED] - mapeo = new java.util.HashMap(): null

2023-11-06 08:22:39 - [TEST_STEP][PASSED] - mapeo = HostUtils.getDataExcel(datosExcel, numeroFila): null

2023-11-06 08:22:39 - [TEST_STEP][PASSED] - fieldPantalla = mapeo.get("Pantalla"): null

2023-11-06 08:22:39 - [TEST_STEP][PASSED] - switch (fieldPantalla): null

2023-11-06 08:22:39 - [TEST_STEP][PASSED] - Default: null

2023-11-06 08:22:39 - [TEST_STEP][PASSED] - Script1676556991125.prv_basicOperation(mapeo, log): null

2023-11-06 08:22:39 - [TEST_STEP][PASSED] - valueHost = <not implemented yet for class: org.codehaus.groovy.ast.expr.EmptyExpression>: null

2023-11-06 08:22:39 - [TEST_STEP][PASSED] - try: null

2023-11-06 08:22:39 - [TEST_STEP][PASSED] - valueHost = HostUtils.operacionPantallaHost(mapeo, log): null

2023-11-06 08:22:42 - [TEST_STEP][PASSED] - return valueHost.trim(): null

2023-11-06 08:22:42 - [TEST_STEP][PASSED] - (filaInicio++): null

2023-11-06 08:22:42 - [TEST_STEP][PASSED] - findTestData("Data Files/ConnectionHost"): null

2023-11-06 08:22:42 - [TEST_STEP][PASSED] - rowDatosExcel = findTestData("Data Files/GTI - Crear Expedicion Externa"): null

2023-11-06 08:22:42 - [TEST_STEP][PASSED] - Script1676556991125.prv_getPantalla(filaInicio, filaHostRun, rowDatosExcel, log): null

2023-11-06 08:22:42 - [TEST_STEP][PASSED] - fieldPantalla = <not implemented yet for class: org.codehaus.groovy.ast.expr.EmptyExpression>: null

2023-11-06 08:22:42 - [TEST_STEP][PASSED] - mapeo = <not implemented yet for class: org.codehaus.groovy.ast.expr.EmptyExpression>: null

2023-11-06 08:22:42 - [TEST_STEP][PASSED] - mapeo = new java.util.HashMap(): null

2023-11-06 08:22:42 - [TEST_STEP][PASSED] - mapeo = HostUtils.getDataExcel(datosExcel, numeroFila): null

2023-11-06 08:22:42 - [TEST_STEP][PASSED] - fieldPantalla = mapeo.get("Pantalla"): null

2023-11-06 08:22:42 - [TEST_STEP][PASSED] - switch (fieldPantalla): null

2023-11-06 08:22:42 - [TEST_STEP][PASSED] - Default: null

2023-11-06 08:22:42 - [TEST_STEP][PASSED] - Script1676556991125.prv_basicOperation(mapeo, log): null

2023-11-06 08:22:42 - [TEST_STEP][PASSED] - valueHost = <not implemented yet for class: org.codehaus.groovy.ast.expr.EmptyExpression>: null

2023-11-06 08:22:42 - [TEST_STEP][PASSED] - try: null

2023-11-06 08:22:42 - [TEST_STEP][PASSED] - valueHost = HostUtils.operacionPantallaHost(mapeo, log): null

2023-11-06 08:22:46 - [TEST_STEP][PASSED] - return valueHost.trim(): null

2023-11-06 08:22:46 - [TEST_STEP][PASSED] - (filaInicio++): null

2023-11-06 08:22:46 - [TEST_STEP][PASSED] - findTestData("Data Files/ConnectionHost"): null

2023-11-06 08:22:47 - [TEST_STEP][PASSED] - rowDatosExcel = findTestData("Data Files/GTI - Crear Expedicion Externa"): null

2023-11-06 08:22:47 - [TEST_STEP][PASSED] - Script1676556991125.prv_getPantalla(filaInicio, filaHostRun, rowDatosExcel, log): null

2023-11-06 08:22:47 - [TEST_STEP][PASSED] - fieldPantalla = <not implemented yet for class: org.codehaus.groovy.ast.expr.EmptyExpression>: null

2023-11-06 08:22:47 - [TEST_STEP][PASSED] - mapeo = <not implemented yet for class: org.codehaus.groovy.ast.expr.EmptyExpression>: null

2023-11-06 08:22:47 - [TEST_STEP][PASSED] - mapeo = new java.util.HashMap(): null

2023-11-06 08:22:47 - [TEST_STEP][PASSED] - mapeo = HostUtils.getDataExcel(datosExcel, numeroFila): null

2023-11-06 08:22:47 - [TEST_STEP][PASSED] - fieldPantalla = mapeo.get("Pantalla"): null

2023-11-06 08:22:47 - [TEST_STEP][PASSED] - switch (fieldPantalla): null

2023-11-06 08:22:47 - [TEST_STEP][PASSED] - Default: null

2023-11-06 08:22:47 - [TEST_STEP][PASSED] - Script1676556991125.prv_basicOperation(mapeo, log): null

2023-11-06 08:22:47 - [TEST_STEP][PASSED] - valueHost = <not implemented yet for class: org.codehaus.groovy.ast.expr.EmptyExpression>: null

2023-11-06 08:22:47 - [TEST_STEP][PASSED] - try: null

2023-11-06 08:22:47 - [TEST_STEP][PASSED] - valueHost = HostUtils.operacionPantallaHost(mapeo, log): null

2023-11-06 08:22:51 - [TEST_STEP][PASSED] - return valueHost.trim(): null

2023-11-06 08:22:51 - [TEST_STEP][PASSED] - (filaInicio++): null

2023-11-06 08:22:51 - [TEST_STEP][PASSED] - findTestData("Data Files/ConnectionHost"): null

2023-11-06 08:22:51 - [TEST_STEP][PASSED] - rowDatosExcel = findTestData("Data Files/GTI - Crear Expedicion Externa"): null

2023-11-06 08:22:51 - [TEST_STEP][PASSED] - Script1676556991125.prv_getPantalla(filaInicio, filaHostRun, rowDatosExcel, log): null

2023-11-06 08:22:51 - [TEST_STEP][PASSED] - fieldPantalla = <not implemented yet for class: org.codehaus.groovy.ast.expr.EmptyExpression>: null

2023-11-06 08:22:51 - [TEST_STEP][PASSED] - mapeo = <not implemented yet for class: org.codehaus.groovy.ast.expr.EmptyExpression>: null

2023-11-06 08:22:51 - [TEST_STEP][PASSED] - mapeo = new java.util.HashMap(): null

2023-11-06 08:22:51 - [TEST_STEP][PASSED] - mapeo = HostUtils.getDataExcel(datosExcel, numeroFila): null

2023-11-06 08:22:51 - [TEST_STEP][PASSED] - fieldPantalla = mapeo.get("Pantalla"): null

2023-11-06 08:22:51 - [TEST_STEP][PASSED] - switch (fieldPantalla): null

2023-11-06 08:22:51 - [TEST_STEP][PASSED] - Default: null

2023-11-06 08:22:51 - [TEST_STEP][PASSED] - Script1676556991125.prv_basicOperation(mapeo, log): null

2023-11-06 08:22:51 - [TEST_STEP][PASSED] - valueHost = <not implemented yet for class: org.codehaus.groovy.ast.expr.EmptyExpression>: null

2023-11-06 08:22:51 - [TEST_STEP][PASSED] - try: null

2023-11-06 08:22:51 - [TEST_STEP][PASSED] - valueHost = HostUtils.operacionPantallaHost(mapeo, log): null

2023-11-06 08:22:55 - [TEST_STEP][PASSED] - return valueHost.trim(): null

2023-11-06 08:22:55 - [TEST_STEP][PASSED] - (filaInicio++): null

2023-11-06 08:22:55 - [TEST_STEP][PASSED] - findTestData("Data Files/ConnectionHost"): null

2023-11-06 08:22:55 - [TEST_STEP][PASSED] - rowDatosExcel = findTestData("Data Files/GTI - Crear Expedicion Externa"): null

2023-11-06 08:22:55 - [TEST_STEP][PASSED] - Script1676556991125.prv_getPantalla(filaInicio, filaHostRun, rowDatosExcel, log): null

2023-11-06 08:22:55 - [TEST_STEP][PASSED] - fieldPantalla = <not implemented yet for class: org.codehaus.groovy.ast.expr.EmptyExpression>: null

2023-11-06 08:22:55 - [TEST_STEP][PASSED] - mapeo = <not implemented yet for class: org.codehaus.groovy.ast.expr.EmptyExpression>: null

2023-11-06 08:22:55 - [TEST_STEP][PASSED] - mapeo = new java.util.HashMap(): null

2023-11-06 08:22:55 - [TEST_STEP][PASSED] - mapeo = HostUtils.getDataExcel(datosExcel, numeroFila): null

2023-11-06 08:22:55 - [TEST_STEP][PASSED] - fieldPantalla = mapeo.get("Pantalla"): null

2023-11-06 08:22:55 - [TEST_STEP][PASSED] - switch (fieldPantalla): null

2023-11-06 08:22:55 - [TEST_STEP][PASSED] - Default: null

2023-11-06 08:22:55 - [TEST_STEP][PASSED] - Script1676556991125.prv_basicOperation(mapeo, log): null

2023-11-06 08:22:55 - [TEST_STEP][PASSED] - valueHost = <not implemented yet for class: org.codehaus.groovy.ast.expr.EmptyExpression>: null

2023-11-06 08:22:55 - [TEST_STEP][PASSED] - try: null

2023-11-06 08:22:55 - [TEST_STEP][PASSED] - valueHost = HostUtils.operacionPantallaHost(mapeo, log): null

2023-11-06 08:22:58 - [TEST_STEP][PASSED] - return valueHost.trim(): null

2023-11-06 08:22:58 - [TEST_STEP][PASSED] - (filaInicio++): null

2023-11-06 08:22:58 - [TEST_STEP][PASSED] - findTestData("Data Files/ConnectionHost"): null

2023-11-06 08:22:58 - [TEST_STEP][PASSED] - rowDatosExcel = findTestData("Data Files/GTI - Crear Expedicion Externa"): null

2023-11-06 08:22:58 - [TEST_STEP][PASSED] - Script1676556991125.prv_getPantalla(filaInicio, filaHostRun, rowDatosExcel, log): null

2023-11-06 08:22:58 - [TEST_STEP][PASSED] - fieldPantalla = <not implemented yet for class: org.codehaus.groovy.ast.expr.EmptyExpression>: null

2023-11-06 08:22:58 - [TEST_STEP][PASSED] - mapeo = <not implemented yet for class: org.codehaus.groovy.ast.expr.EmptyExpression>: null

2023-11-06 08:22:58 - [TEST_STEP][PASSED] - mapeo = new java.util.HashMap(): null

2023-11-06 08:22:58 - [TEST_STEP][PASSED] - mapeo = HostUtils.getDataExcel(datosExcel, numeroFila): null

2023-11-06 08:22:58 - [TEST_STEP][PASSED] - fieldPantalla = mapeo.get("Pantalla"): null

2023-11-06 08:22:58 - [TEST_STEP][PASSED] - switch (fieldPantalla): null

2023-11-06 08:22:58 - [TEST_STEP][PASSED] - Default: null

2023-11-06 08:22:58 - [TEST_STEP][PASSED] - Script1676556991125.prv_basicOperation(mapeo, log): null

2023-11-06 08:22:58 - [TEST_STEP][PASSED] - valueHost = <not implemented yet for class: org.codehaus.groovy.ast.expr.EmptyExpression>: null

2023-11-06 08:22:58 - [TEST_STEP][PASSED] - try: null

2023-11-06 08:22:58 - [TEST_STEP][PASSED] - valueHost = HostUtils.operacionPantallaHost(mapeo, log): null

2023-11-06 08:23:03 - [TEST_STEP][PASSED] - return valueHost.trim(): null

2023-11-06 08:23:03 - [TEST_STEP][PASSED] - (filaInicio++): null

2023-11-06 08:23:03 - [TEST_STEP][PASSED] - findTestData("Data Files/ConnectionHost"): null

2023-11-06 08:23:03 - [TEST_STEP][PASSED] - rowDatosExcel = findTestData("Data Files/GTI - Crear Expedicion Externa"): null

2023-11-06 08:23:03 - [TEST_STEP][PASSED] - Script1676556991125.prv_getPantalla(filaInicio, filaHostRun, rowDatosExcel, log): null

2023-11-06 08:23:03 - [TEST_STEP][PASSED] - fieldPantalla = <not implemented yet for class: org.codehaus.groovy.ast.expr.EmptyExpression>: null

2023-11-06 08:23:03 - [TEST_STEP][PASSED] - mapeo = <not implemented yet for class: org.codehaus.groovy.ast.expr.EmptyExpression>: null

2023-11-06 08:23:03 - [TEST_STEP][PASSED] - mapeo = new java.util.HashMap(): null

2023-11-06 08:23:03 - [TEST_STEP][PASSED] - mapeo = HostUtils.getDataExcel(datosExcel, numeroFila): null

2023-11-06 08:23:03 - [TEST_STEP][PASSED] - fieldPantalla = mapeo.get("Pantalla"): null

2023-11-06 08:23:03 - [TEST_STEP][PASSED] - switch (fieldPantalla): null

2023-11-06 08:23:03 - [TEST_STEP][PASSED] - case "Consultar":: null

2023-11-06 08:23:03 - [TEST_STEP][PASSED] - log.loggerInfo("SE VA A REALIZAR LA PANTALLA DE CONSULTAR"): null

2023-11-06 08:23:03 - [TEST_STEP][PASSED] - Script1676556991125.prv_getCampos(mapeo, filaHostRun, log): null

2023-11-06 08:23:03 - [TEST_STEP][PASSED] - fieldCampos = <not implemented yet for class: org.codehaus.groovy.ast.expr.EmptyExpression>: null

2023-11-06 08:23:03 - [TEST_STEP][PASSED] - estadoPedido = <not implemented yet for class: org.codehaus.groovy.ast.expr.EmptyExpression>: null

2023-11-06 08:23:03 - [TEST_STEP][PASSED] - expedicion = <not implemented yet for class: org.codehaus.groovy.ast.expr.EmptyExpression>: null

2023-11-06 08:23:03 - [TEST_STEP][PASSED] - albaran = <not implemented yet for class: org.codehaus.groovy.ast.expr.EmptyExpression>: null

2023-11-06 08:23:03 - [TEST_STEP][PASSED] - estadoExpedicion = <not implemented yet for class: org.codehaus.groovy.ast.expr.EmptyExpression>: null

2023-11-06 08:23:03 - [TEST_STEP][PASSED] - fieldCampos = mapeo.get("Campos"): null

2023-11-06 08:23:03 - [TEST_STEP][PASSED] - switch (fieldCampos): null

2023-11-06 08:23:03 - [TEST_STEP][PASSED] - Default: null

2023-11-06 08:23:03 - [TEST_STEP][PASSED] - Script1676556991125.prv_basicOperation(mapeo, log): null

2023-11-06 08:23:03 - [TEST_STEP][PASSED] - valueHost = <not implemented yet for class: org.codehaus.groovy.ast.expr.EmptyExpression>: null

2023-11-06 08:23:03 - [TEST_STEP][PASSED] - try: null

2023-11-06 08:23:03 - [TEST_STEP][PASSED] - valueHost = HostUtils.operacionPantallaHost(mapeo, log): null

2023-11-06 08:23:06 - [TEST_STEP][PASSED] - return valueHost.trim(): null

2023-11-06 08:23:06 - [TEST_STEP][PASSED] - break: null

2023-11-06 08:23:06 - [TEST_STEP][PASSED] - (filaInicio++): null

2023-11-06 08:23:06 - [TEST_STEP][PASSED] - findTestData("Data Files/ConnectionHost"): null

2023-11-06 08:23:06 - [TEST_STEP][PASSED] - rowDatosExcel = findTestData("Data Files/GTI - Crear Expedicion Externa"): null

2023-11-06 08:23:06 - [TEST_STEP][PASSED] - Script1676556991125.prv_getPantalla(filaInicio, filaHostRun, rowDatosExcel, log): null

2023-11-06 08:23:06 - [TEST_STEP][PASSED] - fieldPantalla = <not implemented yet for class: org.codehaus.groovy.ast.expr.EmptyExpression>: null

[...]
	at com.kms.katalon.core.main.TestCaseExecutor.execute(TestCaseExecutor.java:273)
	at com.kms.katalon.core.main.TestCaseMain.runTestCase(TestCaseMain.java:142)
	at com.kms.katalon.core.keyword.builtin.CallTestCaseKeyword$_callTestCase_closure1.doCall(CallTestCaseKeyword.groovy:59)
	at com.kms.katalon.core.keyword.builtin.CallTestCaseKeyword$_callTestCase_closure1.call(CallTestCaseKeyword.groovy)
	at com.kms.katalon.core.keyword.internal.KeywordMain.runKeyword(KeywordMain.groovy:74)
	at com.kms.katalon.core.keyword.builtin.CallTestCaseKeyword.callTestCase(CallTestCaseKeyword.groovy:81)
	at com.kms.katalon.core.keyword.builtin.CallTestCaseKeyword.execute(CallTestCaseKeyword.groovy:44)
	at com.kms.katalon.core.keyword.internal.KeywordExecutor.executeKeywordForPlatform(KeywordExecutor.groovy:74)
	at com.kms.katalon.core.keyword.BuiltinKeywords.callTestCase(BuiltinKeywords.groovy:334)
	at 01 - HostRun.prv_DocumentarExpedicion_Externa(01 - HostRun:347)
	at 01 - HostRun.prv_OperativaHost(01 - HostRun:114)
	at 01 - HostRun.prv_lanzamientoHost(01 - HostRun:74)
	at 01 - HostRun.run(01 - HostRun:46)
	at com.kms.katalon.core.main.ScriptEngine.run(ScriptEngine.java:194)
	at com.kms.katalon.core.main.ScriptEngine.runScriptAsRawText(ScriptEngine.java:119)
	at com.kms.katalon.core.main.TestCaseExecutor.runScript(TestCaseExecutor.java:430)
	at com.kms.katalon.core.main.TestCaseExecutor.doExecute(TestCaseExecutor.java:421)
	at com.kms.katalon.core.main.TestCaseExecutor.processExecutionPhase(TestCaseExecutor.java:400)
	at com.kms.katalon.core.main.TestCaseExecutor.accessMainPhase(TestCaseExecutor.java:392)
	at com.kms.katalon.core.main.TestCaseExecutor.execute(TestCaseExecutor.java:273)
	at com.kms.katalon.core.main.TestSuiteExecutor.accessTestCaseMainPhase(TestSuiteExecutor.java:202)
	at com.kms.katalon.core.main.TestSuiteExecutor.accessTestSuiteMainPhase(TestSuiteExecutor.java:164)
	at com.kms.katalon.core.main.TestSuiteExecutor.execute(TestSuiteExecutor.java:105)
	at com.kms.katalon.core.main.TestCaseMain.startTestSuite(TestCaseMain.java:185)
	at com.kms.katalon.core.main.TestCaseMain$startTestSuite$0.call(Unknown Source)
	at TempTestSuite1699255247527.run(TempTestSuite1699255247527.groovy:36)


2023-11-06 08:23:28 - [MESSAGE][ERROR] - Test Cases/Host/Operativas/GTI_CrearExpedicionExterna FAILED.
Reason:
java.lang.Exception: Se ha producido un error, durante la operativa de Host Documentar Expedicion externa
	at toolsHost.LogUtils.loggerBusinessErrorAndThrow(LogUtils.groovy:277)
	at GTI_CrearExpedicionExterna.run(GTI_CrearExpedicionExterna:53)
	at com.kms.katalon.core.main.ScriptEngine.run(ScriptEngine.java:194)
	at com.kms.katalon.core.main.ScriptEngine.runScriptAsRawText(ScriptEngine.java:119)
	at com.kms.katalon.core.main.TestCaseExecutor.runScript(TestCaseExecutor.java:430)
	at com.kms.katalon.core.main.TestCaseExecutor.doExecute(TestCaseExecutor.java:421)
	at com.kms.katalon.core.main.TestCaseExecutor.processExecutionPhase(TestCaseExecutor.java:400)
	at com.kms.katalon.core.main.TestCaseExecutor.accessMainPhase(TestCaseExecutor.java:392)
	at com.kms.katalon.core.main.TestCaseExecutor.execute(TestCaseExecutor.java:273)
	at com.kms.katalon.core.main.TestCaseMain.runTestCase(TestCaseMain.java:142)
	at com.kms.katalon.core.keyword.builtin.CallTestCaseKeyword$_callTestCase_closure1.doCall(CallTestCaseKeyword.groovy:59)
	at com.kms.katalon.core.keyword.builtin.CallTestCaseKeyword$_callTestCase_closure1.call(CallTestCaseKeyword.groovy)
	at com.kms.katalon.core.keyword.internal.KeywordMain.runKeyword(KeywordMain.groovy:74)
	at com.kms.katalon.core.keyword.builtin.CallTestCaseKeyword.callTestCase(CallTestCaseKeyword.groovy:81)
	at com.kms.katalon.core.keyword.builtin.CallTestCaseKeyword.execute(CallTestCaseKeyword.groovy:44)
	at com.kms.katalon.core.keyword.internal.KeywordExecutor.executeKeywordForPlatform(KeywordExecutor.groovy:74)
	at com.kms.katalon.core.keyword.BuiltinKeywords.callTestCase(BuiltinKeywords.groovy:334)
	at 01 - HostRun.prv_DocumentarExpedicion_Externa(01 - HostRun:347)
	at 01 - HostRun.prv_OperativaHost(01 - HostRun:114)
	at 01 - HostRun.prv_lanzamientoHost(01 - HostRun:74)
	at 01 - HostRun.run(01 - HostRun:46)
	at com.kms.katalon.core.main.ScriptEngine.run(ScriptEngine.java:194)
	at com.kms.katalon.core.main.ScriptEngine.runScriptAsRawText(ScriptEngine.java:119)
	at com.kms.katalon.core.main.TestCaseExecutor.runScript(TestCaseExecutor.java:430)
	at com.kms.katalon.core.main.TestCaseExecutor.doExecute(TestCaseExecutor.java:421)
	at com.kms.katalon.core.main.TestCaseExecutor.processExecutionPhase(TestCaseExecutor.java:400)
	at com.kms.katalon.core.main.TestCaseExecutor.accessMainPhase(TestCaseExecutor.java:392)
	at com.kms.katalon.core.main.TestCaseExecutor.execute(TestCaseExecutor.java:273)
	at com.kms.katalon.core.main.TestSuiteExecutor.accessTestCaseMainPhase(TestSuiteExecutor.java:202)
	at com.kms.katalon.core.main.TestSuiteExecutor.accessTestSuiteMainPhase(TestSuiteExecutor.java:164)
	at com.kms.katalon.core.main.TestSuiteExecutor.execute(TestSuiteExecutor.java:105)
	at com.kms.katalon.core.main.TestCaseMain.startTestSuite(TestCaseMain.java:185)
	at com.kms.katalon.core.main.TestCaseMain$startTestSuite$0.call(Unknown Source)
	at TempTestSuite1699255247527.run(TempTestSuite1699255247527.groovy:36)


2023-11-06 08:23:28 - [MESSAGE][FAILED] - Unable to call Test Case 'Test Cases/Host/Operativas/GTI_CrearExpedicionExterna' (Root cause: com.kms.katalon.core.exception.StepErrorException: Call Test Case 'Test Cases/Host/Operativas/GTI_CrearExpedicionExterna' failed because of error(s)
	at com.kms.katalon.core.keyword.builtin.CallTestCaseKeyword$_callTestCase_closure1.doCall(CallTestCaseKeyword.groovy:66)
	at com.kms.katalon.core.keyword.builtin.CallTestCaseKeyword$_callTestCase_closure1.call(CallTestCaseKeyword.groovy)
	at com.kms.katalon.core.keyword.internal.KeywordMain.runKeyword(KeywordMain.groovy:74)
	at com.kms.katalon.core.keyword.builtin.CallTestCaseKeyword.callTestCase(CallTestCaseKeyword.groovy:81)
	at com.kms.katalon.core.keyword.builtin.CallTestCaseKeyword.execute(CallTestCaseKeyword.groovy:44)
	at com.kms.katalon.core.keyword.internal.KeywordExecutor.executeKeywordForPlatform(KeywordExecutor.groovy:74)
	at com.kms.katalon.core.keyword.BuiltinKeywords.callTestCase(BuiltinKeywords.groovy:334)
	at 01 - HostRun.prv_DocumentarExpedicion_Externa(01 - HostRun:347)
	at 01 - HostRun.prv_OperativaHost(01 - HostRun:114)
	at 01 - HostRun.prv_lanzamientoHost(01 - HostRun:74)
	at 01 - HostRun.run(01 - HostRun:46)
	at com.kms.katalon.core.main.ScriptEngine.run(ScriptEngine.java:194)
	at com.kms.katalon.core.main.ScriptEngine.runScriptAsRawText(ScriptEngine.java:119)
	at com.kms.katalon.core.main.TestCaseExecutor.runScript(TestCaseExecutor.java:430)
	at com.kms.katalon.core.main.TestCaseExecutor.doExecute(TestCaseExecutor.java:421)
	at com.kms.katalon.core.main.TestCaseExecutor.processExecutionPhase(TestCaseExecutor.java:400)
	at com.kms.katalon.core.main.TestCaseExecutor.accessMainPhase(TestCaseExecutor.java:392)
	at com.kms.katalon.core.main.TestCaseExecutor.execute(TestCaseExecutor.java:273)
	at com.kms.katalon.core.main.TestSuiteExecutor.accessTestCaseMainPhase(TestSuiteExecutor.java:202)
	at com.kms.katalon.core.main.TestSuiteExecutor.accessTestSuiteMainPhase(TestSuiteExecutor.java:164)
	at com.kms.katalon.core.main.TestSuiteExecutor.execute(TestSuiteExecutor.java:105)
	at com.kms.katalon.core.main.TestCaseMain.startTestSuite(TestCaseMain.java:185)
	at com.kms.katalon.core.main.TestCaseMain$startTestSuite$0.call(Unknown Source)
	at TempTestSuite1699255247527.run(TempTestSuite1699255247527.groovy:36)
Caused by: java.lang.Exception: Se ha producido un error, durante la operativa de Host Documentar Expedicion externa
	at toolsHost.LogUtils.loggerBusinessErrorAndThrow(LogUtils.groovy:277)
	at GTI_CrearExpedicionExterna.run(GTI_CrearExpedicionExterna:53)
	at com.kms.katalon.core.main.ScriptEngine.run(ScriptEngine.java:194)
	at com.kms.katalon.core.main.ScriptEngine.runScriptAsRawText(ScriptEngine.java:119)
	at com.kms.katalon.core.main.TestCaseExecutor.runScript(TestCaseExecutor.java:430)
	at com.kms.katalon.core.main.TestCaseExecutor.doExecute(TestCaseExecutor.java:421)
	at com.kms.katalon.core.main.TestCaseExecutor.processExecutionPhase(TestCaseExecutor.java:400)
	at com.kms.katalon.core.main.TestCaseExecutor.accessMainPhase(TestCaseExecutor.java:392)
	at com.kms.katalon.core.main.TestCaseExecutor.execute(TestCaseExecutor.java:273)
	at com.kms.katalon.core.main.TestCaseMain.runTestCase(TestCaseMain.java:142)
	at com.kms.katalon.core.keyword.builtin.CallTestCaseKeyword$_callTestCase_closure1.doCall(CallTestCaseKeyword.groovy:59)
	... 23 more
)

2023-11-06 08:23:28 - [TEST_STEP][PASSED] - catch (Exception ex): null

2023-11-06 08:23:28 - [TEST_STEP][PASSED] - log.loggerBusinessErrorAndThrow("Se producido el siguiente error: %s", message): null

2023-11-06 08:23:28 - [TEST_STEP][PASSED] - catch (Exception ex): null

2023-11-06 08:23:28 - [TEST_STEP][PASSED] - log.screenShotWindows(): null

2023-11-06 08:23:28 - [TEST_STEP][PASSED] - log.loggerError("Se ha producido un error al realizar: %s", operativaHost): Se ha producido un error al realizar: GTI - Crear Expedicion Externa

2023-11-06 08:23:28 - [MESSAGE][INFO] - Se ha producido un error al realizar: GTI - Crear Expedicion Externa

2023-11-06 08:23:28 - [TEST_STEP][PASSED] - log.loggerError("La excepcion es: %s", message): La excepcion es: Se producido el siguiente error: Call Test Case 'Test Cases/Host/Operativas/GTI_CrearExpedicionExterna' failed because of error(s)

2023-11-06 08:23:28 - [MESSAGE][INFO] - La excepcion es: Se producido el siguiente error: Call Test Case 'Test Cases/Host/Operativas/GTI_CrearExpedicionExterna' failed because of error(s)

2023-11-06 08:23:28 - [TEST_STEP][PASSED] - log.loggerBusinessError("Se ha producido un error, durante el proceso del host, en la fila: %s", numeroFilaConnection): null

2023-11-06 08:23:28 - [TEST_STEP][ERROR] - Finally: Test Cases/Host/01 - HostRun FAILED.
Reason:
com.kms.katalon.core.exception.StepErrorException: Se ha producido un error, durante el proceso del host, en la fila: 9
	at com.kms.katalon.core.util.KeywordUtil.markErrorAndStop(KeywordUtil.java:74)
	at com.kms.katalon.core.util.KeywordUtil$markErrorAndStop$1.call(Unknown Source)
	at toolsHost.LogUtils.loggerBusinessError(LogUtils.groovy:221)
	at 01 - HostRun.run(01 - HostRun:58)
	at com.kms.katalon.core.main.ScriptEngine.run(ScriptEngine.java:194)
	at com.kms.katalon.core.main.ScriptEngine.runScriptAsRawText(ScriptEngine.java:119)
	at com.kms.katalon.core.main.TestCaseExecutor.runScript(TestCaseExecutor.java:430)
	at com.kms.katalon.core.main.TestCaseExecutor.doExecute(TestCaseExecutor.java:421)
	at com.kms.katalon.core.main.TestCaseExecutor.processExecutionPhase(TestCaseExecutor.java:400)
	at com.kms.katalon.core.main.TestCaseExecutor.accessMainPhase(TestCaseExecutor.java:392)
	at com.kms.katalon.core.main.TestCaseExecutor.execute(TestCaseExecutor.java:273)
	at com.kms.katalon.core.main.TestSuiteExecutor.accessTestCaseMainPhase(TestSuiteExecutor.java:202)
	at com.kms.katalon.core.main.TestSuiteExecutor.accessTestSuiteMainPhase(TestSuiteExecutor.java:164)
	at com.kms.katalon.core.main.TestSuiteExecutor.execute(TestSuiteExecutor.java:105)
	at com.kms.katalon.core.main.TestCaseMain.startTestSuite(TestCaseMain.java:185)
	at com.kms.katalon.core.main.TestCaseMain$startTestSuite$0.call(Unknown Source)
	at TempTestSuite1699255247527.run(TempTestSuite1699255247527.groovy:36)


2023-11-06 08:23:28 - [TEST_STEP][PASSED] - HostHandler.disconectHost(log): Closing connection...

2023-11-06 08:23:28 - [MESSAGE][INFO] - Closing connection...

2023-11-06 08:23:28 - [TEST_STEP][PASSED] - SECONDS.sleep(4): null

2023-11-06 08:23:32 - [TEST_STEP][ERROR] - log.loggerInfo("se cierra la conexion del host"): Test Cases/Host/01 - HostRun FAILED.
Reason:
com.kms.katalon.core.exception.StepErrorException: Se ha producido un error, durante el proceso del host, en la fila: 9
	at com.kms.katalon.core.util.KeywordUtil.markErrorAndStop(KeywordUtil.java:74)
	at com.kms.katalon.core.util.KeywordUtil$markErrorAndStop$1.call(Unknown Source)
	at toolsHost.LogUtils.loggerBusinessError(LogUtils.groovy:221)
	at 01 - HostRun.run(01 - HostRun:58)
	at com.kms.katalon.core.main.ScriptEngine.run(ScriptEngine.java:194)
	at com.kms.katalon.core.main.ScriptEngine.runScriptAsRawText(ScriptEngine.java:119)
	at com.kms.katalon.core.main.TestCaseExecutor.runScript(TestCaseExecutor.java:430)
	at com.kms.katalon.core.main.TestCaseExecutor.doExecute(TestCaseExecutor.java:421)
	at com.kms.katalon.core.main.TestCaseExecutor.processExecutionPhase(TestCaseExecutor.java:400)
	at com.kms.katalon.core.main.TestCaseExecutor.accessMainPhase(TestCaseExecutor.java:392)
	at com.kms.katalon.core.main.TestCaseExecutor.execute(TestCaseExecutor.java:273)
	at com.kms.katalon.core.main.TestSuiteExecutor.accessTestCaseMainPhase(TestSuiteExecutor.java:202)
	at com.kms.katalon.core.main.TestSuiteExecutor.accessTestSuiteMainPhase(TestSuiteExecutor.java:164)
	at com.kms.katalon.core.main.TestSuiteExecutor.execute(TestSuiteExecutor.java:105)
	at com.kms.katalon.core.main.TestCaseMain.startTestSuite(TestCaseMain.java:185)
	at com.kms.katalon.core.main.TestCaseMain$startTestSuite$0.call(Unknown Source)
	at TempTestSuite1699255247527.run(TempTestSuite1699255247527.groovy:36)


2023-11-06 08:23:32 - [MESSAGE][ERROR] - Test Cases/Host/01 - HostRun FAILED.
Reason:
com.kms.katalon.core.exception.StepErrorException: Se ha producido un error, durante el proceso del host, en la fila: 9
	at com.kms.katalon.core.util.KeywordUtil.markErrorAndStop(KeywordUtil.java:74)
	at com.kms.katalon.core.util.KeywordUtil$markErrorAndStop$1.call(Unknown Source)
	at toolsHost.LogUtils.loggerBusinessError(LogUtils.groovy:221)
	at 01 - HostRun.run(01 - HostRun:58)
	at com.kms.katalon.core.main.ScriptEngine.run(ScriptEngine.java:194)
	at com.kms.katalon.core.main.ScriptEngine.runScriptAsRawText(ScriptEngine.java:119)
	at com.kms.katalon.core.main.TestCaseExecutor.runScript(TestCaseExecutor.java:430)
	at com.kms.katalon.core.main.TestCaseExecutor.doExecute(TestCaseExecutor.java:421)
	at com.kms.katalon.core.main.TestCaseExecutor.processExecutionPhase(TestCaseExecutor.java:400)
	at com.kms.katalon.core.main.TestCaseExecutor.accessMainPhase(TestCaseExecutor.java:392)
	at com.kms.katalon.core.main.TestCaseExecutor.execute(TestCaseExecutor.java:273)
	at com.kms.katalon.core.main.TestSuiteExecutor.accessTestCaseMainPhase(TestSuiteExecutor.java:202)
	at com.kms.katalon.core.main.TestSuiteExecutor.accessTestSuiteMainPhase(TestSuiteExecutor.java:164)
	at com.kms.katalon.core.main.TestSuiteExecutor.execute(TestSuiteExecutor.java:105)
	at com.kms.katalon.core.main.TestCaseMain.startTestSuite(TestCaseMain.java:185)
	at com.kms.katalon.core.main.TestCaseMain$startTestSuite$0.call(Unknown Source)
	at TempTestSuite1699255247527.run(TempTestSuite1699255247527.groovy:36)]]></system-out>
         <system-err><![CDATA[2023-11-06 08:20:51 - [TEST_CASE][ERROR] - Test Cases/Host/01 - HostRun: Test Cases/Host/01 - HostRun FAILED.
Reason:
com.kms.katalon.core.exception.StepErrorException: Se ha producido un error, durante el proceso del host, en la fila: 9
	at com.kms.katalon.core.util.KeywordUtil.markErrorAndStop(KeywordUtil.java:74)
	at com.kms.katalon.core.util.KeywordUtil$markErrorAndStop$1.call(Unknown Source)
	at toolsHost.LogUtils.loggerBusinessError(LogUtils.groovy:221)
	at 01 - HostRun.run(01 - HostRun:58)
	at com.kms.katalon.core.main.ScriptEngine.run(ScriptEngine.java:194)
	at com.kms.katalon.core.main.ScriptEngine.runScriptAsRawText(ScriptEngine.java:119)
	at com.kms.katalon.core.main.TestCaseExecutor.runScript(TestCaseExecutor.java:430)
	at com.kms.katalon.core.main.TestCaseExecutor.doExecute(TestCaseExecutor.java:421)
	at com.kms.katalon.core.main.TestCaseExecutor.processExecutionPhase(TestCaseExecutor.java:400)
	at com.kms.katalon.core.main.TestCaseExecutor.accessMainPhase(TestCaseExecutor.java:392)
	at com.kms.katalon.core.main.TestCaseExecutor.execute(TestCaseExecutor.java:273)
	at com.kms.katalon.core.main.TestSuiteExecutor.accessTestCaseMainPhase(TestSuiteExecutor.java:202)
	at com.kms.katalon.core.main.TestSuiteExecutor.accessTestSuiteMainPhase(TestSuiteExecutor.java:164)
	at com.kms.katalon.core.main.TestSuiteExecutor.execute(TestSuiteExecutor.java:105)
	at com.kms.katalon.core.main.TestCaseMain.startTestSuite(TestCaseMain.java:185)
	at com.kms.katalon.core.main.TestCaseMain$startTestSuite$0.call(Unknown Source)
	at TempTestSuite1699255247527.run(TempTestSuite1699255247527.groovy:36)]]></system-err>
      </testcase>
      <system-out><![CDATA[2023-11-06 08:20:50 - [TEST_SUITE][ERROR] - GTI: Test Cases/Host/01 - HostRun FAILED.
Reason:
com.kms.katalon.core.exception.StepErrorException: Se ha producido un error, durante el proceso del host, en la fila: 9
	at com.kms.katalon.core.util.KeywordUtil.markErrorAndStop(KeywordUtil.java:74)
	at com.kms.katalon.core.util.KeywordUtil$markErrorAndStop$1.call(Unknown Source)
	at toolsHost.LogUtils.loggerBusinessError(LogUtils.groovy:221)
	at 01 - HostRun.run(01 - HostRun:58)
	at com.kms.katalon.core.main.ScriptEngine.run(ScriptEngine.java:194)
	at com.kms.katalon.core.main.ScriptEngine.runScriptAsRawText(ScriptEngine.java:119)
	at com.kms.katalon.core.main.TestCaseExecutor.runScript(TestCaseExecutor.java:430)
	at com.kms.katalon.core.main.TestCaseExecutor.doExecute(TestCaseExecutor.java:421)
	at com.kms.katalon.core.main.TestCaseExecutor.processExecutionPhase(TestCaseExecutor.java:400)
	at com.kms.katalon.core.main.TestCaseExecutor.accessMainPhase(TestCaseExecutor.java:392)
	at com.kms.katalon.core.main.TestCaseExecutor.execute(TestCaseExecutor.java:273)
	at com.kms.katalon.core.main.TestSuiteExecutor.accessTestCaseMainPhase(TestSuiteExecutor.java:202)
	at com.kms.katalon.core.main.TestSuiteExecutor.accessTestSuiteMainPhase(TestSuiteExecutor.java:164)
	at com.kms.katalon.core.main.TestSuiteExecutor.execute(TestSuiteExecutor.java:105)
	at com.kms.katalon.core.main.TestCaseMain.startTestSuite(TestCaseMain.java:185)
	at com.kms.katalon.core.main.TestCaseMain$startTestSuite$0.call(Unknown Source)
	at TempTestSuite1699255247527.run(TempTestSuite1699255247527.groovy:36)]]></system-out>
      <system-err><![CDATA[2023-11-06 08:20:50 - [TEST_SUITE][ERROR] - GTI: Test Cases/Host/01 - HostRun FAILED.
Reason:
com.kms.katalon.core.exception.StepErrorException: Se ha producido un error, durante el proceso del host, en la fila: 9
	at com.kms.katalon.core.util.KeywordUtil.markErrorAndStop(KeywordUtil.java:74)
	at com.kms.katalon.core.util.KeywordUtil$markErrorAndStop$1.call(Unknown Source)
	at toolsHost.LogUtils.loggerBusinessError(LogUtils.groovy:221)
	at 01 - HostRun.run(01 - HostRun:58)
	at com.kms.katalon.core.main.ScriptEngine.run(ScriptEngine.java:194)
	at com.kms.katalon.core.main.ScriptEngine.runScriptAsRawText(ScriptEngine.java:119)
	at com.kms.katalon.core.main.TestCaseExecutor.runScript(TestCaseExecutor.java:430)
	at com.kms.katalon.core.main.TestCaseExecutor.doExecute(TestCaseExecutor.java:421)
	at com.kms.katalon.core.main.TestCaseExecutor.processExecutionPhase(TestCaseExecutor.java:400)
	at com.kms.katalon.core.main.TestCaseExecutor.accessMainPhase(TestCaseExecutor.java:392)
	at com.kms.katalon.core.main.TestCaseExecutor.execute(TestCaseExecutor.java:273)
	at com.kms.katalon.core.main.TestSuiteExecutor.accessTestCaseMainPhase(TestSuiteExecutor.java:202)
	at com.kms.katalon.core.main.TestSuiteExecutor.accessTestSuiteMainPhase(TestSuiteExecutor.java:164)
	at com.kms.katalon.core.main.TestSuiteExecutor.execute(TestSuiteExecutor.java:105)
	at com.kms.katalon.core.main.TestCaseMain.startTestSuite(TestCaseMain.java:185)
	at com.kms.katalon.core.main.TestCaseMain$startTestSuite$0.call(Unknown Source)
	at TempTestSuite1699255247527.run(TempTestSuite1699255247527.groovy:36)]]></system-err>
   </testsuite>
</testsuites>
