<?xml version="1.0" encoding="UTF-8"?>
<testsuites name="TS_Envios_PRO" time="1562.669" tests="7" failures="0" errors="0">
   <testsuite name="TS_Envios_PRO" tests="7" failures="0" errors="0" time="1562.669" skipped="0" timestamp="2023-10-30 11:15:49" hostname="SEU2K19KAT01$ - seu2k19kat01.redseur.local" id="Test Suites/TS_Envios_PRO">
      <properties>
[...]
</properties>
      <testcase name="Test Cases/Scripts_PRO/01 - Envio_Economico" time="219.314" classname="Test Cases/Scripts_PRO/01 - Envio_Economico" status="PASSED">
         <system-out><![CDATA[2023-10-30 11:15:50 - [TEST_CASE][PASSED] - Test Cases/Scripts_PRO/01 - Envio_Economico: Test Cases/Scripts_PRO/01 - Envio_Economico

2023-10-30 11:15:51 - [TEST_STEP][PASSED] - setWebDriverPreferencesProperty("args", ["window-size=1920,1080"]): null

2023-10-30 11:15:51 - [TEST_STEP][PASSED] - try: Recogidas / 01 - Envio Economico

2023-10-30 11:15:51 - [TEST_STEP][PASSED] - openBrowser(""): Browser is opened with url: ''

2023-10-30 11:15:51 - [MESSAGE][INFO] - Starting 'Chrome' driver

2023-10-30 11:15:51 - [MESSAGE][INFO] - User set preference: ['args', '[window-size=1920,1080]']

2023-10-30 11:15:51 - [MESSAGE][INFO] - Action delay is set to 0 milliseconds

2023-10-30 11:15:54 - [MESSAGE][PASSED] - Browser is opened with url: ''

2023-10-30 11:15:54 - [TEST_STEP][PASSED] - maximizeWindow(): Current window maximized

2023-10-30 11:15:54 - [MESSAGE][PASSED] - Current window maximized

2023-10-30 11:15:54 - [TEST_STEP][PASSED] - navigateToUrl("https://seur.com/envio-online2/new-shipping"): Navigate to 'https://seur.com/envio-online2/new-shipping' successfully

2023-10-30 11:16:38 - [MESSAGE][PASSED] - Navigate to 'https://seur.com/envio-online2/new-shipping' successfully

2023-10-30 11:16:38 - [TEST_STEP][PASSED] - delay(30): Delayed 30 second(s)

2023-10-30 11:17:08 - [MESSAGE][PASSED] - Delayed 30 second(s)

2023-10-30 11:17:08 - [TEST_STEP][PASSED] - waitForElementVisible(findTestObject("Object Repository/Log_In_Elements/button_Aceptar_Cookis"), 60, OPTIONAL): Object 'Object Repository/Log_In_Elements/button_Aceptar_Cookis' is visible

2023-10-30 11:17:09 - [MESSAGE][PASSED] - Object 'Object Repository/Log_In_Elements/button_Aceptar_Cookis' is visible

2023-10-30 11:17:09 - [TEST_STEP][PASSED] - waitForElementClickable(findTestObject("Object Repository/Log_In_Elements/button_Aceptar_Cookis"), 60, OPTIONAL): Object 'Object Repository/Log_In_Elements/button_Aceptar_Cookis' is clickable

2023-10-30 11:17:09 - [MESSAGE][PASSED] - Object 'Object Repository/Log_In_Elements/button_Aceptar_Cookis' is clickable

2023-10-30 11:17:09 - [TEST_STEP][PASSED] - click(findTestObject("Object Repository/Log_In_Elements/button_Aceptar_Cookis"), STOP_ON_FAILURE): Object: 'Object Repository/Log_In_Elements/button_Aceptar_Cookis' is clicked on

2023-10-30 11:17:10 - [MESSAGE][PASSED] - Object: 'Object Repository/Log_In_Elements/button_Aceptar_Cookis' is clicked on

2023-10-30 11:17:10 - [TEST_STEP][PASSED] - delay(5): Delayed 5 second(s)

2023-10-30 11:17:15 - [MESSAGE][PASSED] - Delayed 5 second(s)

2023-10-30 11:17:15 - [TEST_STEP][PASSED] - waitForElementVisible(findTestObject("Object Repository/Log_In_Elements/button_Siguiente"), 60, OPTIONAL): Object 'Object Repository/Log_In_Elements/button_Siguiente' is visible

2023-10-30 11:17:45 - [MESSAGE][PASSED] - Object 'Object Repository/Log_In_Elements/button_Siguiente' is visible

2023-10-30 11:17:45 - [TEST_STEP][PASSED] - waitForElementClickable(findTestObject("Object Repository/Log_In_Elements/button_Siguiente"), 60, OPTIONAL): Object 'Object Repository/Log_In_Elements/button_Siguiente' is clickable

2023-10-30 11:17:52 - [MESSAGE][PASSED] - Object 'Object Repository/Log_In_Elements/button_Siguiente' is clickable

2023-10-30 11:17:52 - [TEST_STEP][PASSED] - click(findTestObject("Object Repository/Log_In_Elements/button_Siguiente"), STOP_ON_FAILURE): Object: 'Object Repository/Log_In_Elements/button_Siguiente' is clicked on

2023-10-30 11:17:52 - [MESSAGE][PASSED] - Object: 'Object Repository/Log_In_Elements/button_Siguiente' is clicked on

2023-10-30 11:17:52 - [TEST_STEP][PASSED] - delay(5): Delayed 5 second(s)

2023-10-30 11:17:57 - [MESSAGE][PASSED] - Delayed 5 second(s)

2023-10-30 11:17:57 - [TEST_STEP][PASSED] - waitForElementVisible(findTestObject("Object Repository/Origen_Destino_Paquetes/input_Origen"), 60, OPTIONAL): Object 'Object Repository/Origen_Destino_Paquetes/input_Origen' is visible

2023-10-30 11:17:57 - [MESSAGE][PASSED] - Object 'Object Repository/Origen_Destino_Paquetes/input_Origen' is visible

2023-10-30 11:17:58 - [TEST_STEP][PASSED] - waitForElementClickable(findTestObject("Object Repository/Origen_Destino_Paquetes/input_Origen"), 60, OPTIONAL): Object 'Object Repository/Origen_Destino_Paquetes/input_Origen' is clickable

2023-10-30 11:17:58 - [MESSAGE][PASSED] - Object 'Object Repository/Origen_Destino_Paquetes/input_Origen' is clickable

2023-10-30 11:17:58 - [TEST_STEP][PASSED] - setText(findTestObject("Object Repository/Origen_Destino_Paquetes/input_Origen"), codPostalRem, STOP_ON_FAILURE): Text '29700' is set on object 'Object Repository/Origen_Destino_Paquetes/input_Origen'

2023-10-30 11:17:58 - [MESSAGE][PASSED] - Text '29700' is set on object 'Object Repository/Origen_Destino_Paquetes/input_Origen'

2023-10-30 11:17:58 - [TEST_STEP][PASSED] - delay(2): Delayed 2 second(s)

2023-10-30 11:18:01 - [MESSAGE][PASSED] - Delayed 2 second(s)

2023-10-30 11:18:01 - [TEST_STEP][PASSED] - waitForElementVisible(findTestObject("Origen_Destino_Paquetes/span_29700 - VELEZ-MALAGA"), 60, OPTIONAL): Object 'Object Repository/Origen_Destino_Paquetes/span_29700 - VELEZ-MALAGA' is visible

2023-10-30 11:18:01 - [MESSAGE][PASSED] - Object 'Object Repository/Origen_Destino_Paquetes/span_29700 - VELEZ-MALAGA' is visible

2023-10-30 11:18:01 - [TEST_STEP][PASSED] - waitForElementClickable(findTestObject("Origen_Destino_Paquetes/span_29700 - VELEZ-MALAGA"), 60, OPTIONAL): Object 'Object Repository/Origen_Destino_Paquetes/span_29700 - VELEZ-MALAGA' is clickable

2023-10-30 11:18:01 - [MESSAGE][PASSED] - Object 'Object Repository/Origen_Destino_Paquetes/span_29700 - VELEZ-MALAGA' is clickable

2023-10-30 11:18:01 - [TEST_STEP][PASSED] - click(findTestObject("Origen_Destino_Paquetes/span_29700 - VELEZ-MALAGA"), STOP_ON_FAILURE): Object: 'Object Repository/Origen_Destino_Paquetes/span_29700 - VELEZ-MALAGA' is clicked on

2023-10-30 11:18:01 - [MESSAGE][PASSED] - Object: 'Object Repository/Origen_Destino_Paquetes/span_29700 - VELEZ-MALAGA' is clicked on

2023-10-30 11:18:01 - [TEST_STEP][PASSED] - waitForElementVisible(findTestObject("Object Repository/Origen_Destino_Paquetes/input_Destino"), 60, OPTIONAL): Object 'Object Repository/Origen_Destino_Paquetes/input_Destino' is visible

2023-10-30 11:18:02 - [MESSAGE][PASSED] - Object 'Object Repository/Origen_Destino_Paquetes/input_Destino' is visible

2023-10-30 11:18:02 - [TEST_STEP][PASSED] - waitForElementClickable(findTestObject("Object Repository/Origen_Destino_Paquetes/input_Destino"), 60, OPTIONAL): Object 'Object Repository/Origen_Destino_Paquetes/input_Destino' is clickable

2023-10-30 11:18:02 - [MESSAGE][PASSED] - Object 'Object Repository/Origen_Destino_Paquetes/input_Destino' is clickable

2023-10-30 11:18:02 - [TEST_STEP][PASSED] - setText(findTestObject("Object Repository/Origen_Destino_Paquetes/input_Destino"), codPostalDes, STOP_ON_FAILURE): Text '28010' is set on object 'Object Repository/Origen_Destino_Paquetes/input_Destino'

2023-10-30 11:18:03 - [MESSAGE][PASSED] - Text '28010' is set on object 'Object Repository/Origen_Destino_Paquetes/input_Destino'

2023-10-30 11:18:03 - [TEST_STEP][PASSED] - delay(2): Delayed 2 second(s)

2023-10-30 11:18:05 - [MESSAGE][PASSED] - Delayed 2 second(s)

2023-10-30 11:18:05 - [TEST_STEP][PASSED] - waitForElementVisible(findTestObject("Origen_Destino_Paquetes/span_28010 - MADRID"), 60, OPTIONAL): Object 'Object Repository/Origen_Destino_Paquetes/span_28010 - MADRID' is visible

2023-10-30 11:18:05 - [MESSAGE][PASSED] - Object 'Object Repository/Origen_Destino_Paquetes/span_28010 - MADRID' is visible

2023-10-30 11:18:05 - [TEST_STEP][PASSED] - waitForElementClickable(findTestObject("Origen_Destino_Paquetes/span_28010 - MADRID"), 60, OPTIONAL): Object 'Object Repository/Origen_Destino_Paquetes/span_28010 - MADRID' is clickable

2023-10-30 11:18:05 - [MESSAGE][PASSED] - Object 'Object Repository/Origen_Destino_Paquetes/span_28010 - MADRID' is clickable

2023-10-30 11:18:05 - [TEST_STEP][PASSED] - click(findTestObject("Origen_Destino_Paquetes/span_28010 - MADRID"), STOP_ON_FAILURE): Object: 'Object Repository/Origen_Destino_Paquetes/span_28010 - MADRID' is clicked on

2023-10-30 11:18:06 - [MESSAGE][PASSED] - Object: 'Object Repository/Origen_Destino_Paquetes/span_28010 - MADRID' is clicked on

2023-10-30 11:18:06 - [TEST_STEP][PASSED] - waitForElementVisible(findTestObject("Origen_Destino_Paquetes/input_Paquete_peso"), 60, OPTIONAL): Object 'Object Repository/Origen_Destino_Paquetes/input_Paquete_peso' is visible

2023-10-30 11:18:06 - [MESSAGE][PASSED] - Object 'Object Repository/Origen_Destino_Paquetes/input_Paquete_peso' is visible

2023-10-30 11:18:06 - [TEST_STEP][PASSED] - waitForElementClickable(findTestObject("Origen_Destino_Paquetes/input_Paquete_peso"), 60, OPTIONAL): Object 'Object Repository/Origen_Destino_Paquetes/input_Paquete_peso' is clickable

2023-10-30 11:18:07 - [MESSAGE][PASSED] - Object 'Object Repository/Origen_Destino_Paquetes/input_Paquete_peso' is clickable

2023-10-30 11:18:07 - [TEST_STEP][PASSED] - setText(findTestObject("Origen_Destino_Paquetes/input_Paquete_peso"), pesoPaquete, STOP_ON_FAILURE): Text '6.5' is set on object 'Object Repository/Origen_Destino_Paquetes/input_Paquete_peso'

2023-10-30 11:18:07 - [MESSAGE][PASSED] - Text '6.5' is set on object 'Object Repository/Origen_Destino_Paquetes/input_Paquete_peso'

2023-10-30 11:18:07 - [TEST_STEP][PASSED] - waitForElementVisible(findTestObject("Origen_Destino_Paquetes/input_Paquete_largo"), 60, OPTIONAL): Object 'Object Repository/Origen_Destino_Paquetes/input_Paquete_largo' is visible

2023-10-30 11:18:08 - [MESSAGE][PASSED] - Object 'Object Repository/Origen_Destino_Paquetes/input_Paquete_largo' is visible

2023-10-30 11:18:08 - [TEST_STEP][PASSED] - waitForElementClickable(findTestObject("Origen_Destino_Paquetes/input_Paquete_largo"), 60, OPTIONAL): Object 'Object Repository/Origen_Destino_Paquetes/input_Paquete_largo' is clickable

2023-10-30 11:18:08 - [MESSAGE][PASSED] - Object 'Object Repository/Origen_Destino_Paquetes/input_Paquete_largo' is clickable

2023-10-30 11:18:08 - [TEST_STEP][PASSED] - setText(findTestObject("Origen_Destino_Paquetes/input_Paquete_largo"), largoPaquete, STOP_ON_FAILURE): Text '20' is set on object 'Object Repository/Origen_Destino_Paquetes/input_Paquete_largo'

2023-10-30 11:18:09 - [MESSAGE][PASSED] - Text '20' is set on object 'Object Repository/Origen_Destino_Paquetes/input_Paquete_largo'

2023-10-30 11:18:09 - [TEST_STEP][PASSED] - waitForElementVisible(findTestObject("Origen_Destino_Paquetes/input_Paquete_Ancho"), 60, OPTIONAL): Object 'Object Repository/Origen_Destino_Paquetes/input_Paquete_Ancho' is visible

2023-10-30 11:18:09 - [MESSAGE][PASSED] - Object 'Object Repository/Origen_Destino_Paquetes/input_Paquete_Ancho' is visible

2023-10-30 11:18:09 - [TEST_STEP][PASSED] - waitForElementClickable(findTestObject("Origen_Destino_Paquetes/input_Paquete_Ancho"), 60, OPTIONAL): Object 'Object Repository/Origen_Destino_Paquetes/input_Paquete_Ancho' is clickable

2023-10-30 11:18:09 - [MESSAGE][PASSED] - Object 'Object Repository/Origen_Destino_Paquetes/input_Paquete_Ancho' is clickable

2023-10-30 11:18:09 - [TEST_STEP][PASSED] - setText(findTestObject("Origen_Destino_Paquetes/input_Paquete_Ancho"), anchoPaquete, STOP_ON_FAILURE): Text '30' is set on object 'Object Repository/Origen_Destino_Paquetes/input_Paquete_Ancho'

2023-10-30 11:18:10 - [MESSAGE][PASSED] - Text '30' is set on object 'Object Repository/Origen_Destino_Paquetes/input_Paquete_Ancho'

2023-10-30 11:18:10 - [TEST_STEP][PASSED] - waitForElementVisible(findTestObject("Origen_Destino_Paquetes/input_Paquete_Alto"), 60, OPTIONAL): Object 'Object Repository/Origen_Destino_Paquetes/input_Paquete_Alto' is visible

2023-10-30 11:18:10 - [MESSAGE][PASSED] - Object 'Object Repository/Origen_Destino_Paquetes/input_Paquete_Alto' is visible

2023-10-30 11:18:10 - [TEST_STEP][PASSED] - waitForElementClickable(findTestObject("Origen_Destino_Paquetes/input_Paquete_Alto"), 60, OPTIONAL): Object 'Object Repository/Origen_Destino_Paquetes/input_Paquete_Alto' is clickable

2023-10-30 11:18:11 - [MESSAGE][PASSED] - Object 'Object Repository/Origen_Destino_Paquetes/input_Paquete_Alto' is clickable

2023-10-30 11:18:11 - [TEST_STEP][PASSED] - setText(findTestObject("Origen_Destino_Paquetes/input_Paquete_Alto"), altoPaquete, STOP_ON_FAILURE): Text '45' is set on object 'Object Repository/Origen_Destino_Paquetes/input_Paquete_Alto'

2023-10-30 11:18:11 - [MESSAGE][PASSED] - Text '45' is set on object 'Object Repository/Origen_Destino_Paquetes/input_Paquete_Alto'

2023-10-30 11:18:11 - [TEST_STEP][PASSED] - waitForElementVisible(findTestObject("Origen_Destino_Paquetes/button_Calcula tu envio"), 60, OPTIONAL): Object 'Object Repository/Origen_Destino_Paquetes/button_Calcula tu envio' is visible

2023-10-30 11:18:12 - [MESSAGE][PASSED] - Object 'Object Repository/Origen_Destino_Paquetes/button_Calcula tu envio' is visible

2023-10-30 11:18:12 - [TEST_STEP][PASSED] - waitForElementClickable(findTestObject("Origen_Destino_Paquetes/button_Calcula tu envio"), 60, OPTIONAL): Object 'Object Repository/Origen_Destino_Paquetes/button_Calcula tu envio' is clickable

2023-10-30 11:18:12 - [MESSAGE][PASSED] - Object 'Object Repository/Origen_Destino_Paquetes/button_Calcula tu envio' is clickable

2023-10-30 11:18:12 - [TEST_STEP][PASSED] - click(findTestObject("Origen_Destino_Paquetes/button_Calcula tu envio"), STOP_ON_FAILURE): Object: 'Object Repository/Origen_Destino_Paquetes/button_Calcula tu envio' is clicked on

2023-10-30 11:18:12 - [MESSAGE][PASSED] - Object: 'Object Repository/Origen_Destino_Paquetes/button_Calcula tu envio' is clicked on

2023-10-30 11:18:12 - [TEST_STEP][PASSED] - waitForElementVisible(findTestObject("Envio_Economico/button_Contratar"), 60, OPTIONAL): Object 'Object Repository/Envio_Economico/button_Contratar' is visible

2023-10-30 11:18:15 - [MESSAGE][PASSED] - Object 'Object Repository/Envio_Economico/button_Contratar' is visible

2023-10-30 11:18:15 - [TEST_STEP][PASSED] - click(findTestObject("Envio_Economico/button_Contratar"), STOP_ON_FAILURE): Object: 'Object Repository/Envio_Economico/button_Contratar' is clicked on

2023-10-30 11:18:16 - [MESSAGE][PASSED] - Object: 'Object Repository/Envio_Economico/button_Contratar' is clicked on

2023-10-30 11:18:16 - [TEST_STEP][PASSED] - waitForElementVisible(findTestObject("Forms/Origen/input_Nombre"), 60, OPTIONAL): Object 'Object Repository/Forms/Origen/input_Nombre' is visible

2023-10-30 11:18:18 - [MESSAGE][PASSED] - Object 'Object Repository/Forms/Origen/input_Nombre' is visible

2023-10-30 11:18:18 - [TEST_STEP][PASSED] - waitForElementClickable(findTestObject("Forms/Origen/input_Nombre"), 60, OPTIONAL): Object 'Object Repository/Forms/Origen/input_Nombre' is clickable

2023-10-30 11:18:18 - [MESSAGE][PASSED] - Object 'Object Repository/Forms/Origen/input_Nombre' is clickable

2023-10-30 11:18:18 - [TEST_STEP][PASSED] - setText(findTestObject("Forms/Origen/input_Nombre"), nombreRem, STOP_ON_FAILURE): Text 'Luis' is set on object 'Object Repository/Forms/Origen/input_Nombre'

2023-10-30 11:18:19 - [MESSAGE][PASSED] - Text 'Luis' is set on object 'Object Repository/Forms/Origen/input_Nombre'

2023-10-30 11:18:19 - [TEST_STEP][PASSED] - waitForElementVisible(findTestObject("Forms/Origen/input_Apellidos"), 60, OPTIONAL): Object 'Object Repository/Forms/Origen/input_Apellidos' is visible

2023-10-30 11:18:19 - [MESSAGE][PASSED] - Object 'Object Repository/Forms/Origen/input_Apellidos' is visible

2023-10-30 11:18:19 - [TEST_STEP][PASSED] - waitForElementClickable(findTestObject("Forms/Origen/input_Apellidos"), 60, OPTIONAL): Object 'Object Repository/Forms/Origen/input_Apellidos' is clickable

2023-10-30 11:18:20 - [MESSAGE][PASSED] - Object 'Object Repository/Forms/Origen/input_Apellidos' is clickable

2023-10-30 11:18:20 - [TEST_STEP][PASSED] - setText(findTestObject("Forms/Origen/input_Apellidos"), apellidosRem, STOP_ON_FAILURE): Text 'García' is set on object 'Object Repository/Forms/Origen/input_Apellidos'

2023-10-30 11:18:20 - [MESSAGE][PASSED] - Text 'García' is set on object 'Object Repository/Forms/Origen/input_Apellidos'

2023-10-30 11:18:20 - [TEST_STEP][PASSED] - waitForElementVisible(findTestObject("Forms/Origen/input_RazonSocial"), 60, OPTIONAL): Object 'Object Repository/Forms/Origen/input_RazonSocial' is visible

2023-10-30 11:18:21 - [MESSAGE][PASSED] - Object 'Object Repository/Forms/Origen/input_RazonSocial' is visible

2023-10-30 11:18:21 - [TEST_STEP][PASSED] - waitForElementClickable(findTestObject("Forms/Origen/input_RazonSocial"), 60, OPTIONAL): Object 'Object Repository/Forms/Origen/input_RazonSocial' is clickable

2023-10-30 11:18:21 - [MESSAGE][PASSED] - Object 'Object Repository/Forms/Origen/input_RazonSocial' is clickable

2023-10-30 11:18:21 - [TEST_STEP][PASSED] - setText(findTestObject("Forms/Origen/input_RazonSocial"), razSocialRem, STOP_ON_FAILURE): Text 'Razón de prueba' is set on object 'Object Repository/Forms/Origen/input_RazonSocial'

2023-10-30 11:18:22 - [MESSAGE][PASSED] - Text 'Razón de prueba' is set on object 'Object Repository/Forms/Origen/input_RazonSocial'

2023-10-30 11:18:22 - [TEST_STEP][PASSED] - waitForElementVisible(findTestObject("Forms/Origen/input_NIF"), 60, OPTIONAL): Object 'Object Repository/Forms/Origen/input_NIF' is visible

2023-10-30 11:18:22 - [MESSAGE][PASSED] - Object 'Object Repository/Forms/Origen/input_NIF' is visible

2023-10-30 11:18:22 - [TEST_STEP][PASSED] - waitForElementClickable(findTestObject("Forms/Origen/input_NIF"), 60, OPTIONAL): Object 'Object Repository/Forms/Origen/input_NIF' is clickable

2023-10-30 11:18:22 - [MESSAGE][PASSED] - Object 'Object Repository/Forms/Origen/input_NIF' is clickable

2023-10-30 11:18:22 - [TEST_STEP][PASSED] - setText(findTestObject("Forms/Origen/input_NIF"), nifRem, STOP_ON_FAILURE): Text '85590417B' is set on object 'Object Repository/Forms/Origen/input_NIF'

2023-10-30 11:18:23 - [MESSAGE][PASSED] - Text '85590417B' is set on object 'Object Repository/Forms/Origen/input_NIF'

2023-10-30 11:18:23 - [TEST_STEP][PASSED] - waitForElementVisible(findTestObject("Forms/Origen/input_email"), 60, OPTIONAL): Object 'Object Repository/Forms/Origen/input_email' is visible

2023-10-30 11:18:23 - [MESSAGE][PASSED] - Object 'Object Repository/Forms/Origen/input_email' is visible

2023-10-30 11:18:23 - [TEST_STEP][PASSED] - waitForElementClickable(findTestObject("Forms/Origen/input_email"), 60, OPTIONAL): Object 'Object Repository/Forms/Origen/input_email' is clickable

2023-10-30 11:18:24 - [MESSAGE][PASSED] - Object 'Object Repository/Forms/Origen/input_email' is clickable

2023-10-30 11:18:24 - [TEST_STEP][PASSED] - setText(findTestObject("Forms/Origen/input_email"), emailRem, STOP_ON_FAILURE): Text 'emailprueba1@email.com' is set on object 'Object Repository/Forms/Origen/input_email'

2023-10-30 11:18:24 - [MESSAGE][PASSED] - Text 'emailprueba1@email.com' is set on object 'Object Repository/Forms/Origen/input_email'

2023-10-30 11:18:24 - [TEST_STEP][PASSED] - waitForElementVisible(findTestObject("Forms/Origen/input_Phone"), 60, OPTIONAL): Object 'Object Repository/Forms/Origen/input_Phone' is visible

2023-10-30 11:18:25 - [MESSAGE][PASSED] - Object 'Object Repository/Forms/Origen/input_Phone' is visible

2023-10-30 11:18:25 - [TEST_STEP][PASSED] - waitForElementClickable(findTestObject("Forms/Origen/input_Phone"), 60, OPTIONAL): Object 'Object Repository/Forms/Origen/input_Phone' is clickable

2023-10-30 11:18:25 - [MESSAGE][PASSED] - Object 'Object Repository/Forms/Origen/input_Phone' is clickable

2023-10-30 11:18:25 - [TEST_STEP][PASSED] - setText(findTestObject("Forms/Origen/input_Phone"), numTlfRem, STOP_ON_FAILURE): Text '654709853' is set on object 'Object Repository/Forms/Origen/input_Phone'

2023-10-30 11:18:25 - [MESSAGE][PASSED] - Text '654709853' is set on object 'Object Repository/Forms/Origen/input_Phone'

2023-10-30 11:18:25 - [TEST_STEP][PASSED] - waitForElementVisible(findTestObject("Forms/Origen/input_Direccion1"), 60, OPTIONAL): Object 'Object Repository/Forms/Origen/input_Direccion1' is visible

2023-10-30 11:18:26 - [MESSAGE][PASSED] - Object 'Object Repository/Forms/Origen/input_Direccion1' is visible

2023-10-30 11:18:26 - [TEST_STEP][PASSED] - waitForElementClickable(findTestObject("Forms/Origen/input_Direccion1"), 60, OPTIONAL): Object 'Object Repository/Forms/Origen/input_Direccion1' is clickable

2023-10-30 11:18:26 - [MESSAGE][PASSED] - Object 'Object Repository/Forms/Origen/input_Direccion1' is clickable

2023-10-30 11:18:26 - [TEST_STEP][PASSED] - setText(findTestObject("Forms/Origen/input_Direccion1"), dirRem1, STOP_ON_FAILURE): Text 'Calle Prueba' is set on object 'Object Repository/Forms/Origen/input_Direccion1'

2023-10-30 11:18:27 - [MESSAGE][PASSED] - Text 'Calle Prueba' is set on object 'Object Repository/Forms/Origen/input_Direccion1'

2023-10-30 11:18:27 - [TEST_STEP][PASSED] - delay(2): Delayed 2 second(s)

2023-10-30 11:18:29 - [MESSAGE][PASSED] - Delayed 2 second(s)

2023-10-30 11:18:29 - [TEST_STEP][PASSED] - waitForElementVisible(findTestObject("Forms/Origen/button_Continuar"), 60, OPTIONAL): Object 'Object Repository/Forms/Origen/button_Continuar' is visible

2023-10-30 11:18:29 - [MESSAGE][PASSED] - Object 'Object Repository/Forms/Origen/button_Continuar' is visible

2023-10-30 11:18:29 - [TEST_STEP][PASSED] - waitForElementClickable(findTestObject("Forms/Origen/button_Continuar"), 60, OPTIONAL): Object 'Object Repository/Forms/Origen/button_Continuar' is clickable

2023-10-30 11:18:29 - [MESSAGE][PASSED] - Object 'Object Repository/Forms/Origen/button_Continuar' is clickable

2023-10-30 11:18:29 - [TEST_STEP][PASSED] - click(findTestObject("Forms/Origen/button_Continuar"), STOP_ON_FAILURE): Object: 'Object Repository/Forms/Origen/button_Continuar' is clicked on

2023-10-30 11:18:30 - [MESSAGE][PASSED] - Object: 'Object Repository/Forms/Origen/button_Continuar' is clicked on

2023-10-30 11:18:30 - [TEST_STEP][PASSED] - waitForElementVisible(findTestObject("Forms/Destino/input_Nombre"), 60, OPTIONAL): Object 'Object Repository/Forms/Destino/input_Nombre' is visible

2023-10-30 11:18:31 - [MESSAGE][PASSED] - Object 'Object Repository/Forms/Destino/input_Nombre' is visible

2023-10-30 11:18:31 - [TEST_STEP][PASSED] - waitForElementClickable(findTestObject("Forms/Destino/input_Nombre"), 60, OPTIONAL): Object 'Object Repository/Forms/Destino/input_Nombre' is clickable

2023-10-30 11:18:31 - [MESSAGE][PASSED] - Object 'Object Repository/Forms/Destino/input_Nombre' is clickable

2023-10-30 11:18:31 - [TEST_STEP][PASSED] - setText(findTestObject("Forms/Destino/input_Nombre"), nombreDes, STOP_ON_FAILURE): Text 'José Antonio' is set on object 'Object Repository/Forms/Destino/input_Nombre'

2023-10-30 11:18:32 - [MESSAGE][PASSED] - Text 'José Antonio' is set on object 'Object Repository/Forms/Destino/input_Nombre'

2023-10-30 11:18:32 - [TEST_STEP][PASSED] - waitForElementVisible(findTestObject("Forms/Destino/input_Apellidos"), 60, OPTIONAL): Object 'Object Repository/Forms/Destino/input_Apellidos' is visible

2023-10-30 11:18:33 - [MESSAGE][PASSED] - Object 'Object Repository/Forms/Destino/input_Apellidos' is visible

2023-10-30 11:18:33 - [TEST_STEP][PASSED] - waitForElementClickable(findTestObject("Forms/Destino/input_Apellidos"), 60, OPTIONAL): Object 'Object Repository/Forms/Destino/input_Apellidos' is clickable

2023-10-30 11:18:33 - [MESSAGE][PASSED] - Object 'Object Repository/Forms/Destino/input_Apellidos' is clickable

2023-10-30 11:18:33 - [TEST_STEP][PASSED] - setText(findTestObject("Forms/Destino/input_Apellidos"), apellidosDes, STOP_ON_FAILURE): Text 'Lozano' is set on object 'Object Repository/Forms/Destino/input_Apellidos'

2023-10-30 11:18:33 - [MESSAGE][PASSED] - Text 'Lozano' is set on object 'Object Repository/Forms/Destino/input_Apellidos'

2023-10-30 11:18:33 - [TEST_STEP][PASSED] - waitForElementVisible(findTestObject("Forms/Destino/input_RazonSocial"), 60, OPTIONAL): Object 'Object Repository/Forms/Destino/input_RazonSocial' is visible

2023-10-30 11:18:34 - [MESSAGE][PASSED] - Object 'Object Repository/Forms/Destino/input_RazonSocial' is visible

2023-10-30 11:18:34 - [TEST_STEP][PASSED] - waitForElementClickable(findTestObject("Forms/Destino/input_RazonSocial"), 60, OPTIONAL): Object 'Object Repository/Forms/Destino/input_RazonSocial' is clickable

2023-10-30 11:18:34 - [MESSAGE][PASSED] - Object 'Object Repository/Forms/Destino/input_RazonSocial' is clickable

2023-10-30 11:18:34 - [TEST_STEP][PASSED] - setText(findTestObject("Forms/Destino/input_RazonSocial"), razonSocialDes, STOP_ON_FAILURE): Text 'Otra razón de prueba' is set on object 'Object Repository/Forms/Destino/input_RazonSocial'

2023-10-30 11:18:35 - [MESSAGE][PASSED] - Text 'Otra razón de prueba' is set on object 'Object Repository/Forms/Destino/input_RazonSocial'

2023-10-30 11:18:35 - [TEST_STEP][PASSED] - waitForElementVisible(findTestObject("Forms/Destino/input_Email"), 60, OPTIONAL): Object 'Object Repository/Forms/Destino/input_Email' is visible

2023-10-30 11:18:35 - [MESSAGE][PASSED] - Object 'Object Repository/Forms/Destino/input_Email' is visible

2023-10-30 11:18:35 - [TEST_STEP][PASSED] - waitForElementClickable(findTestObject("Forms/Destino/input_Email"), 60, OPTIONAL): Object 'Object Repository/Forms/Destino/input_Email' is clickable

2023-10-30 11:18:35 - [MESSAGE][PASSED] - Object 'Object Repository/Forms/Destino/input_Email' is clickable

2023-10-30 11:18:35 - [TEST_STEP][PASSED] - setText(findTestObject("Forms/Destino/input_Email"), emailRem, STOP_ON_FAILURE): Text 'emailprueba1@email.com' is set on object 'Object Repository/Forms/Destino/input_Email'

2023-10-30 11:18:36 - [MESSAGE][PASSED] - Text 'emailprueba1@email.com' is set on object 'Object Repository/Forms/Destino/input_Email'

2023-10-30 11:18:36 - [TEST_STEP][PASSED] - waitForElementVisible(findTestObject("Forms/Destino/input_Phone"), 60, OPTIONAL): Object 'Object Repository/Forms/Destino/input_Phone' is visible

2023-10-30 11:18:36 - [MESSAGE][PASSED] - Object 'Object Repository/Forms/Destino/input_Phone' is visible

2023-10-30 11:18:36 - [TEST_STEP][PASSED] - waitForElementClickable(findTestObject("Forms/Destino/input_Phone"), 60, OPTIONAL): Object 'Object Repository/Forms/Destino/input_Phone' is clickable

2023-10-30 11:18:37 - [MESSAGE][PASSED] - Object 'Object Repository/Forms/Destino/input_Phone' is clickable

2023-10-30 11:18:37 - [TEST_STEP][PASSED] - setText(findTestObject("Forms/Destino/input_Phone"), numTlfRem, STOP_ON_FAILURE): Text '654709853' is set on object 'Object Repository/Forms/Destino/input_Phone'

2023-10-30 11:18:37 - [MESSAGE][PASSED] - Text '654709853' is set on object 'Object Repository/Forms/Destino/input_Phone'

2023-10-30 11:18:37 - [TEST_STEP][PASSED] - delay(2): Delayed 2 second(s)

2023-10-30 11:18:39 - [MESSAGE][PASSED] - Delayed 2 second(s)

2023-10-30 11:18:39 - [TEST_STEP][PASSED] - waitForElementVisible(findTestObject("Seur_Tienda_Tienda/button_Elige un punto Pickup"), 60, OPTIONAL): Object 'Object Repository/Seur_Tienda_Tienda/button_Elige un punto Pickup' is visible

2023-10-30 11:18:40 - [MESSAGE][PASSED] - Object 'Object Repository/Seur_Tienda_Tienda/button_Elige un punto Pickup' is visible

2023-10-30 11:18:40 - [TEST_STEP][PASSED] - waitForElementClickable(findTestObject("Seur_Tienda_Tienda/button_Elige un punto Pickup"), 60, OPTIONAL): Object 'Object Repository/Seur_Tienda_Tienda/button_Elige un punto Pickup' is clickable

2023-10-30 11:18:40 - [MESSAGE][PASSED] - Object 'Object Repository/Seur_Tienda_Tienda/button_Elige un punto Pickup' is clickable

2023-10-30 11:18:40 - [TEST_STEP][PASSED] - click(findTestObject("Seur_Tienda_Tienda/button_Elige un punto Pickup"), STOP_ON_FAILURE): Object: 'Object Repository/Seur_Tienda_Tienda/button_Elige un punto Pickup' is clicked on

2023-10-30 11:18:40 - [MESSAGE][PASSED] - Object: 'Object Repository/Seur_Tienda_Tienda/button_Elige un punto Pickup' is clicked on

2023-10-30 11:18:40 - [TEST_STEP][PASSED] - waitForElementVisible(findTestObject("Seur_Tienda_Tienda/button_Seleccionar tienda"), 60, OPTIONAL): Object 'Object Repository/Seur_Tienda_Tienda/button_Seleccionar tienda' is visible

2023-10-30 11:18:42 - [MESSAGE][PASSED] - Object 'Object Repository/Seur_Tienda_Tienda/button_Seleccionar tienda' is visible

2023-10-30 11:18:42 - [TEST_STEP][PASSED] - verifyElementClickable(findTestObject("Seur_Tienda_Tienda/button_Seleccionar tienda")): Object 'Object Repository/Seur_Tienda_Tienda/button_Seleccionar tienda' is clickable

2023-10-30 11:18:43 - [MESSAGE][PASSED] - Object 'Object Repository/Seur_Tienda_Tienda/button_Seleccionar tienda' is clickable

2023-10-30 11:18:43 - [TEST_STEP][PASSED] - takeScreenshot(): Taking screenshot successfully

2023-10-30 11:18:43 - [MESSAGE][PASSED] - Taking screenshot successfully
[[ATTACHMENT|C:\\Jenkins\\workspace\\Katalon_WebRecogidas_PRO\\Reports\\20231030_111542\\TS_Envios_PRO\\20231030_111543\\1698661123306.png]]

2023-10-30 11:18:43 - [TEST_STEP][PASSED] - click(findTestObject("Seur_Tienda_Tienda/button_Seleccionar tienda"), STOP_ON_FAILURE): Object: 'Object Repository/Seur_Tienda_Tienda/button_Seleccionar tienda' is clicked on

2023-10-30 11:18:43 - [MESSAGE][PASSED] - Object: 'Object Repository/Seur_Tienda_Tienda/button_Seleccionar tienda' is clicked on

2023-10-30 11:18:43 - [TEST_STEP][PASSED] - waitForElementVisible(findTestObject("Forms/Destino/button_Continuar"), 60, OPTIONAL): Object 'Object Repository/Forms/Destino/button_Continuar' is visible

2023-10-30 11:18:44 - [MESSAGE][PASSED] - Object 'Object Repository/Forms/Destino/button_Continuar' is visible

2023-10-30 11:18:44 - [TEST_STEP][PASSED] - waitForElementClickable(findTestObject("Forms/Destino/button_Continuar"), 60, OPTIONAL): Object 'Object Repository/Forms/Destino/button_Continuar' is clickable

2023-10-30 11:18:44 - [MESSAGE][PASSED] - Object 'Object Repository/Forms/Destino/button_Continuar' is clickable

2023-10-30 11:18:44 - [TEST_STEP][PASSED] - click(findTestObject("Forms/Destino/button_Continuar"), STOP_ON_FAILURE): Object: 'Object Repository/Forms/Destino/button_Continuar' is clicked on

2023-10-30 11:18:45 - [MESSAGE][PASSED] - Object: 'Object Repository/Forms/Destino/button_Continuar' is clicked on

2023-10-30 11:18:45 - [TEST_STEP][PASSED] - if (editar.equalsIgnoreCase("S")): null

2023-10-30 11:18:45 - [TEST_STEP][PASSED] - else: Text of object 'Object Repository/Resumen_Checks/label_total' is: '13,00 €'

2023-10-30 11:18:45 - [TEST_STEP][PASSED] - precioSinIVALbl = getText(findTestObject("Resumen_Checks/label_sinIva")).toString(): Text of object 'Object Repository/Resumen_Checks/label_sinIva' is: '10,74 €'

2023-10-30 11:19:15 - [MESSAGE][PASSED] - Text of object 'Object Repository/Resumen_Checks/label_sinIva' is: '10,74 €'

2023-10-30 11:19:15 - [TEST_STEP][PASSED] - precioConIVALbl = getText(findTestObject("Resumen_Checks/label_conIva")).toString(): Text of object 'Object Repository/Resumen_Checks/label_conIva' is: '2,26 €'

2023-10-30 11:19:28 - [MESSAGE][PASSED] - Text of object 'Object Repository/Resumen_Checks/label_conIva' is: '2,26 €'

2023-10-30 11:19:28 - [TEST_STEP][PASSED] - precioTotalLbl = getText(findTestObject("Resumen_Checks/label_total")).toString(): Text of object 'Object Repository/Resumen_Checks/label_total' is: '13,00 €'

2023-10-30 11:19:28 - [MESSAGE][PASSED] - Text of object 'Object Repository/Resumen_Checks/label_total' is: '13,00 €'

2023-10-30 11:19:28 - [TEST_STEP][PASSED] - markPassed("Recogidas / 01 - Envio Economico"): Recogidas / 01 - Envio Economico

2023-10-30 11:19:28 - [MESSAGE][PASSED] - Recogidas / 01 - Envio Economico

2023-10-30 11:19:28 - [TEST_STEP][PASSED] - Finally: Browser is closed

2023-10-30 11:19:28 - [TEST_STEP][PASSED] - closeBrowser(): Browser is closed

2023-10-30 11:19:29 - [MESSAGE][PASSED] - Browser is closed]]></system-out>
         <system-err><![CDATA[]]></system-err>
      </testcase>
      <testcase name="Test Cases/Scripts_PRO/02 - Envio_DuranteTodoElDia" time="227.177" classname="Test Cases/Scripts_PRO/02 - Envio_DuranteTodoElDia" status="PASSED">
         <system-out><![CDATA[2023-10-30 11:19:29 - [TEST_CASE][PASSED] - Test Cases/Scripts_PRO/02 - Envio_DuranteTodoElDia: Test Cases/Scripts_PRO/02 - Envio_DuranteTodoElDia

2023-10-30 11:19:30 - [TEST_STEP][PASSED] - setWebDriverPreferencesProperty("args", ["window-size=1920,1080"]): null

2023-10-30 11:19:30 - [TEST_STEP][PASSED] - try: Recogidas / 02 - Envio durante todo el dia

2023-10-30 11:19:30 - [TEST_STEP][PASSED] - openBrowser(""): Browser is opened with url: ''

2023-10-30 11:19:30 - [MESSAGE][INFO] - Starting 'Chrome' driver

2023-10-30 11:19:30 - [MESSAGE][INFO] - User set preference: ['args', '[window-size=1920,1080]']

2023-10-30 11:19:30 - [MESSAGE][INFO] - Action delay is set to 0 milliseconds

2023-10-30 11:19:32 - [MESSAGE][PASSED] - Browser is opened with url: ''

2023-10-30 11:19:32 - [TEST_STEP][PASSED] - maximizeWindow(): Current window maximized

2023-10-30 11:19:32 - [MESSAGE][PASSED] - Current window maximized

2023-10-30 11:19:32 - [TEST_STEP][PASSED] - navigateToUrl("https://seur.com/envio-online2/new-shipping"): Navigate to 'https://seur.com/envio-online2/new-shipping' successfully

2023-10-30 11:20:16 - [MESSAGE][PASSED] - Navigate to 'https://seur.com/envio-online2/new-shipping' successfully

2023-10-30 11:20:16 - [TEST_STEP][PASSED] - delay(30): Delayed 30 second(s)

2023-10-30 11:20:46 - [MESSAGE][PASSED] - Delayed 30 second(s)

2023-10-30 11:20:46 - [TEST_STEP][PASSED] - waitForElementVisible(findTestObject("Object Repository/Log_In_Elements/button_Aceptar_Cookis"), 60, OPTIONAL): Object 'Object Repository/Log_In_Elements/button_Aceptar_Cookis' is visible

2023-10-30 11:20:46 - [MESSAGE][PASSED] - Object 'Object Repository/Log_In_Elements/button_Aceptar_Cookis' is visible

2023-10-30 11:20:46 - [TEST_STEP][PASSED] - waitForElementClickable(findTestObject("Object Repository/Log_In_Elements/button_Aceptar_Cookis"), 60, OPTIONAL): Object 'Object Repository/Log_In_Elements/button_Aceptar_Cookis' is clickable

2023-10-30 11:20:47 - [MESSAGE][PASSED] - Object 'Object Repository/Log_In_Elements/button_Aceptar_Cookis' is clickable

2023-10-30 11:20:47 - [TEST_STEP][PASSED] - click(findTestObject("Object Repository/Log_In_Elements/button_Aceptar_Cookis"), STOP_ON_FAILURE): Object: 'Object Repository/Log_In_Elements/button_Aceptar_Cookis' is clicked on

2023-10-30 11:20:47 - [MESSAGE][PASSED] - Object: 'Object Repository/Log_In_Elements/button_Aceptar_Cookis' is clicked on

2023-10-30 11:20:47 - [TEST_STEP][PASSED] - delay(5): Delayed 5 second(s)

2023-10-30 11:20:52 - [MESSAGE][PASSED] - Delayed 5 second(s)

2023-10-30 11:20:52 - [TEST_STEP][PASSED] - waitForElementVisible(findTestObject("Object Repository/Log_In_Elements/button_Siguiente"), 60, OPTIONAL): Object 'Object Repository/Log_In_Elements/button_Siguiente' is visible

2023-10-30 11:21:22 - [MESSAGE][PASSED] - Object 'Object Repository/Log_In_Elements/button_Siguiente' is visible

2023-10-30 11:21:22 - [TEST_STEP][PASSED] - waitForElementClickable(findTestObject("Object Repository/Log_In_Elements/button_Siguiente"), 60, OPTIONAL): Object 'Object Repository/Log_In_Elements/button_Siguiente' is clickable

2023-10-30 11:21:29 - [MESSAGE][PASSED] - Object 'Object Repository/Log_In_Elements/button_Siguiente' is clickable

2023-10-30 11:21:29 - [TEST_STEP][PASSED] - click(findTestObject("Object Repository/Log_In_Elements/button_Siguiente"), STOP_ON_FAILURE): Object: 'Object Repository/Log_In_Elements/button_Siguiente' is clicked on

2023-10-30 11:21:30 - [MESSAGE][PASSED] - Object: 'Object Repository/Log_In_Elements/button_Siguiente' is clicked on

2023-10-30 11:21:30 - [TEST_STEP][PASSED] - delay(5): Delayed 5 second(s)

2023-10-30 11:21:35 - [MESSAGE][PASSED] - Delayed 5 second(s)

2023-10-30 11:21:35 - [TEST_STEP][PASSED] - waitForElementVisible(findTestObject("Origen_Destino_Paquetes/input_Origen"), 60, OPTIONAL): Object 'Object Repository/Origen_Destino_Paquetes/input_Origen' is visible

2023-10-30 11:21:35 - [MESSAGE][PASSED] - Object 'Object Repository/Origen_Destino_Paquetes/input_Origen' is visible

2023-10-30 11:21:35 - [TEST_STEP][PASSED] - waitForElementClickable(findTestObject("Origen_Destino_Paquetes/input_Origen"), 60, OPTIONAL): Object 'Object Repository/Origen_Destino_Paquetes/input_Origen' is clickable

2023-10-30 11:21:35 - [MESSAGE][PASSED] - Object 'Object Repository/Origen_Destino_Paquetes/input_Origen' is clickable

2023-10-30 11:21:35 - [TEST_STEP][PASSED] - setText(findTestObject("Origen_Destino_Paquetes/input_Origen"), codPostalRem, STOP_ON_FAILURE): Text '29700' is set on object 'Object Repository/Origen_Destino_Paquetes/input_Origen'

2023-10-30 11:21:36 - [MESSAGE][PASSED] - Text '29700' is set on object 'Object Repository/Origen_Destino_Paquetes/input_Origen'

2023-10-30 11:21:36 - [TEST_STEP][PASSED] - delay(2): Delayed 2 second(s)

2023-10-30 11:21:38 - [MESSAGE][PASSED] - Delayed 2 second(s)

2023-10-30 11:21:38 - [TEST_STEP][PASSED] - waitForElementVisible(findTestObject("Origen_Destino_Paquetes/span_29700 - VELEZ-MALAGA"), 60, OPTIONAL): Object 'Object Repository/Origen_Destino_Paquetes/span_29700 - VELEZ-MALAGA' is visible

2023-10-30 11:21:38 - [MESSAGE][PASSED] - Object 'Object Repository/Origen_Destino_Paquetes/span_29700 - VELEZ-MALAGA' is visible

2023-10-30 11:21:38 - [TEST_STEP][PASSED] - waitForElementClickable(findTestObject("Origen_Destino_Paquetes/span_29700 - VELEZ-MALAGA"), 60, OPTIONAL): Object 'Object Repository/Origen_Destino_Paquetes/span_29700 - VELEZ-MALAGA' is clickable

2023-10-30 11:21:38 - [MESSAGE][PASSED] - Object 'Object Repository/Origen_Destino_Paquetes/span_29700 - VELEZ-MALAGA' is clickable

2023-10-30 11:21:38 - [TEST_STEP][PASSED] - click(findTestObject("Origen_Destino_Paquetes/span_29700 - VELEZ-MALAGA"), STOP_ON_FAILURE): Object: 'Object Repository/Origen_Destino_Paquetes/span_29700 - VELEZ-MALAGA' is clicked on

2023-10-30 11:21:39 - [MESSAGE][PASSED] - Object: 'Object Repository/Origen_Destino_Paquetes/span_29700 - VELEZ-MALAGA' is clicked on

2023-10-30 11:21:39 - [TEST_STEP][PASSED] - waitForElementVisible(findTestObject("Origen_Destino_Paquetes/input_Destino"), 60, OPTIONAL): Object 'Object Repository/Origen_Destino_Paquetes/input_Destino' is visible

2023-10-30 11:21:39 - [MESSAGE][PASSED] - Object 'Object Repository/Origen_Destino_Paquetes/input_Destino' is visible

2023-10-30 11:21:39 - [TEST_STEP][PASSED] - waitForElementClickable(findTestObject("Origen_Destino_Paquetes/input_Destino"), 60, OPTIONAL): Object 'Object Repository/Origen_Destino_Paquetes/input_Destino' is clickable

2023-10-30 11:21:39 - [MESSAGE][PASSED] - Object 'Object Repository/Origen_Destino_Paquetes/input_Destino' is clickable

2023-10-30 11:21:39 - [TEST_STEP][PASSED] - setText(findTestObject("Origen_Destino_Paquetes/input_Destino"), codPostalDes, STOP_ON_FAILURE): Text '28010' is set on object 'Object Repository/Origen_Destino_Paquetes/input_Destino'

2023-10-30 11:21:40 - [MESSAGE][PASSED] - Text '28010' is set on object 'Object Repository/Origen_Destino_Paquetes/input_Destino'

2023-10-30 11:21:40 - [TEST_STEP][PASSED] - delay(2): Delayed 2 second(s)

2023-10-30 11:21:42 - [MESSAGE][PASSED] - Delayed 2 second(s)

2023-10-30 11:21:42 - [TEST_STEP][PASSED] - waitForElementVisible(findTestObject("Origen_Destino_Paquetes/span_28010 - MADRID"), 60, OPTIONAL): Object 'Object Repository/Origen_Destino_Paquetes/span_28010 - MADRID' is visible

2023-10-30 11:21:42 - [MESSAGE][PASSED] - Object 'Object Repository/Origen_Destino_Paquetes/span_28010 - MADRID' is visible

2023-10-30 11:21:42 - [TEST_STEP][PASSED] - waitForElementClickable(findTestObject("Origen_Destino_Paquetes/span_28010 - MADRID"), 60, OPTIONAL): Object 'Object Repository/Origen_Destino_Paquetes/span_28010 - MADRID' is clickable

2023-10-30 11:21:43 - [MESSAGE][PASSED] - Object 'Object Repository/Origen_Destino_Paquetes/span_28010 - MADRID' is clickable

2023-10-30 11:21:43 - [TEST_STEP][PASSED] - delay(2): Delayed 2 second(s)

2023-10-30 11:21:45 - [MESSAGE][PASSED] - Delayed 2 second(s)

2023-10-30 11:21:45 - [TEST_STEP][PASSED] - click(findTestObject("Origen_Destino_Paquetes/span_28010 - MADRID"), STOP_ON_FAILURE): Object: 'Object Repository/Origen_Destino_Paquetes/span_28010 - MADRID' is clicked on

2023-10-30 11:21:45 - [MESSAGE][PASSED] - Object: 'Object Repository/Origen_Destino_Paquetes/span_28010 - MADRID' is clicked on

2023-10-30 11:21:45 - [TEST_STEP][PASSED] - waitForElementVisible(findTestObject("Origen_Destino_Paquetes/input_Paquete_peso"), 60, OPTIONAL): Object 'Object Repository/Origen_Destino_Paquetes/input_Paquete_peso' is visible

2023-10-30 11:21:45 - [MESSAGE][PASSED] - Object 'Object Repository/Origen_Destino_Paquetes/input_Paquete_peso' is visible

2023-10-30 11:21:45 - [TEST_STEP][PASSED] - waitForElementClickable(findTestObject("Origen_Destino_Paquetes/input_Paquete_peso"), 60, OPTIONAL): Object 'Object Repository/Origen_Destino_Paquetes/input_Paquete_peso' is clickable

2023-10-30 11:21:46 - [MESSAGE][PASSED] - Object 'Object Repository/Origen_Destino_Paquetes/input_Paquete_peso' is clickable

2023-10-30 11:21:46 - [TEST_STEP][PASSED] - setText(findTestObject("Origen_Destino_Paquetes/input_Paquete_peso"), pesoPaquete, STOP_ON_FAILURE): Text '2.5' is set on object 'Object Repository/Origen_Destino_Paquetes/input_Paquete_peso'

2023-10-30 11:21:46 - [MESSAGE][PASSED] - Text '2.5' is set on object 'Object Repository/Origen_Destino_Paquetes/input_Paquete_peso'

2023-10-30 11:21:46 - [TEST_STEP][PASSED] - waitForElementVisible(findTestObject("Origen_Destino_Paquetes/input_Paquete_largo"), 60, OPTIONAL): Object 'Object Repository/Origen_Destino_Paquetes/input_Paquete_largo' is visible

2023-10-30 11:21:47 - [MESSAGE][PASSED] - Object 'Object Repository/Origen_Destino_Paquetes/input_Paquete_largo' is visible

2023-10-30 11:21:47 - [TEST_STEP][PASSED] - waitForElementClickable(findTestObject("Origen_Destino_Paquetes/input_Paquete_largo"), 60, OPTIONAL): Object 'Object Repository/Origen_Destino_Paquetes/input_Paquete_largo' is clickable

2023-10-30 11:21:47 - [MESSAGE][PASSED] - Object 'Object Repository/Origen_Destino_Paquetes/input_Paquete_largo' is clickable

2023-10-30 11:21:47 - [TEST_STEP][PASSED] - setText(findTestObject("Origen_Destino_Paquetes/input_Paquete_largo"), largoPaquete, STOP_ON_FAILURE): Text '10' is set on object 'Object Repository/Origen_Destino_Paquetes/input_Paquete_largo'

2023-10-30 11:21:48 - [MESSAGE][PASSED] - Text '10' is set on object 'Object Repository/Origen_Destino_Paquetes/input_Paquete_largo'

2023-10-30 11:21:48 - [TEST_STEP][PASSED] - waitForElementVisible(findTestObject("Origen_Destino_Paquetes/input_Paquete_Ancho"), 60, OPTIONAL): Object 'Object Repository/Origen_Destino_Paquetes/input_Paquete_Ancho' is visible

2023-10-30 11:21:48 - [MESSAGE][PASSED] - Object 'Object Repository/Origen_Destino_Paquetes/input_Paquete_Ancho' is visible

2023-10-30 11:21:48 - [TEST_STEP][PASSED] - waitForElementClickable(findTestObject("Origen_Destino_Paquetes/input_Paquete_Ancho"), 60, OPTIONAL): Object 'Object Repository/Origen_Destino_Paquetes/input_Paquete_Ancho' is clickable

2023-10-30 11:21:48 - [MESSAGE][PASSED] - Object 'Object Repository/Origen_Destino_Paquetes/input_Paquete_Ancho' is clickable

2023-10-30 11:21:48 - [TEST_STEP][PASSED] - setText(findTestObject("Origen_Destino_Paquetes/input_Paquete_Ancho"), anchoPaquete, STOP_ON_FAILURE): Text '5' is set on object 'Object Repository/Origen_Destino_Paquetes/input_Paquete_Ancho'

2023-10-30 11:21:49 - [MESSAGE][PASSED] - Text '5' is set on object 'Object Repository/Origen_Destino_Paquetes/input_Paquete_Ancho'

2023-10-30 11:21:49 - [TEST_STEP][PASSED] - waitForElementVisible(findTestObject("Origen_Destino_Paquetes/input_Paquete_Alto"), 60, OPTIONAL): Object 'Object Repository/Origen_Destino_Paquetes/input_Paquete_Alto' is visible

2023-10-30 11:21:49 - [MESSAGE][PASSED] - Object 'Object Repository/Origen_Destino_Paquetes/input_Paquete_Alto' is visible

2023-10-30 11:21:49 - [TEST_STEP][PASSED] - waitForElementClickable(findTestObject("Origen_Destino_Paquetes/input_Paquete_Alto"), 60, OPTIONAL): Object 'Object Repository/Origen_Destino_Paquetes/input_Paquete_Alto' is clickable

2023-10-30 11:21:50 - [MESSAGE][PASSED] - Object 'Object Repository/Origen_Destino_Paquetes/input_Paquete_Alto' is clickable

2023-10-30 11:21:50 - [TEST_STEP][PASSED] - setText(findTestObject("Origen_Destino_Paquetes/input_Paquete_Alto"), altoPaquete, STOP_ON_FAILURE): Text '10' is set on object 'Object Repository/Origen_Destino_Paquetes/input_Paquete_Alto'

2023-10-30 11:21:50 - [MESSAGE][PASSED] - Text '10' is set on object 'Object Repository/Origen_Destino_Paquetes/input_Paquete_Alto'

2023-10-30 11:21:50 - [TEST_STEP][PASSED] - waitForElementVisible(findTestObject("Origen_Destino_Paquetes/button_Calcula tu envio"), 60, OPTIONAL): Object 'Object Repository/Origen_Destino_Paquetes/button_Calcula tu envio' is visible

2023-10-30 11:21:51 - [MESSAGE][PASSED] - Object 'Object Repository/Origen_Destino_Paquetes/button_Calcula tu envio' is visible

2023-10-30 11:21:51 - [TEST_STEP][PASSED] - waitForElementClickable(findTestObject("Origen_Destino_Paquetes/button_Calcula tu envio"), 60, OPTIONAL): Object 'Object Repository/Origen_Destino_Paquetes/button_Calcula tu envio' is clickable

2023-10-30 11:21:51 - [MESSAGE][PASSED] - Object 'Object Repository/Origen_Destino_Paquetes/button_Calcula tu envio' is clickable

2023-10-30 11:21:51 - [TEST_STEP][PASSED] - click(findTestObject("Origen_Destino_Paquetes/button_Calcula tu envio"), STOP_ON_FAILURE): Object: 'Object Repository/Origen_Destino_Paquetes/button_Calcula tu envio' is clicked on

2023-10-30 11:21:51 - [MESSAGE][PASSED] - Object: 'Object Repository/Origen_Destino_Paquetes/button_Calcula tu envio' is clicked on

2023-10-30 11:21:51 - [TEST_STEP][PASSED] - waitForElementVisible(findTestObject("Seur_Envio_Durante_Todo_El_Dia/button_Contratar_Durante todo el dia"), 60, OPTIONAL): Object 'Object Repository/Seur_Envio_Durante_Todo_El_Dia/button_Contratar_Durante todo el dia' is visible

2023-10-30 11:21:55 - [MESSAGE][PASSED] - Object 'Object Repository/Seur_Envio_Durante_Todo_El_Dia/button_Contratar_Durante todo el dia' is visible

2023-10-30 11:21:55 - [TEST_STEP][PASSED] - waitForElementClickable(findTestObject("Seur_Envio_Durante_Todo_El_Dia/button_Contratar_Durante todo el dia"), 60, OPTIONAL): Object 'Object Repository/Seur_Envio_Durante_Todo_El_Dia/button_Contratar_Durante todo el dia' is clickable

2023-10-30 11:21:56 - [MESSAGE][PASSED] - Object 'Object Repository/Seur_Envio_Durante_Todo_El_Dia/button_Contratar_Durante todo el dia' is clickable

2023-10-30 11:21:56 - [TEST_STEP][PASSED] - click(findTestObject("Seur_Envio_Durante_Todo_El_Dia/button_Contratar_Durante todo el dia"), STOP_ON_FAILURE): Object: 'Object Repository/Seur_Envio_Durante_Todo_El_Dia/button_Contratar_Durante todo el dia' is clicked on

2023-10-30 11:21:56 - [MESSAGE][PASSED] - Object: 'Object Repository/Seur_Envio_Durante_Todo_El_Dia/button_Contratar_Durante todo el dia' is clicked on

2023-10-30 11:21:56 - [TEST_STEP][PASSED] - waitForElementVisible(findTestObject("Forms/Origen/input_Nombre"), 60, OPTIONAL): Object 'Object Repository/Forms/Origen/input_Nombre' is visible

2023-10-30 11:22:00 - [MESSAGE][PASSED] - Object 'Object Repository/Forms/Origen/input_Nombre' is visible

2023-10-30 11:22:00 - [TEST_STEP][PASSED] - waitForElementClickable(findTestObject("Forms/Origen/input_Nombre"), 60, OPTIONAL): Object 'Object Repository/Forms/Origen/input_Nombre' is clickable

2023-10-30 11:22:00 - [MESSAGE][PASSED] - Object 'Object Repository/Forms/Origen/input_Nombre' is clickable

2023-10-30 11:22:00 - [TEST_STEP][PASSED] - setText(findTestObject("Forms/Origen/input_Nombre"), nombreRem, STOP_ON_FAILURE): Text 'Sara' is set on object 'Object Repository/Forms/Origen/input_Nombre'

2023-10-30 11:22:01 - [MESSAGE][PASSED] - Text 'Sara' is set on object 'Object Repository/Forms/Origen/input_Nombre'

2023-10-30 11:22:01 - [TEST_STEP][PASSED] - waitForElementVisible(findTestObject("Forms/Origen/input_Apellidos"), 60, OPTIONAL): Object 'Object Repository/Forms/Origen/input_Apellidos' is visible

2023-10-30 11:22:02 - [MESSAGE][PASSED] - Object 'Object Repository/Forms/Origen/input_Apellidos' is visible

2023-10-30 11:22:02 - [TEST_STEP][PASSED] - waitForElementClickable(findTestObject("Forms/Origen/input_Apellidos"), 60, OPTIONAL): Object 'Object Repository/Forms/Origen/input_Apellidos' is clickable

2023-10-30 11:22:02 - [MESSAGE][PASSED] - Object 'Object Repository/Forms/Origen/input_Apellidos' is clickable

2023-10-30 11:22:02 - [TEST_STEP][PASSED] - setText(findTestObject("Forms/Origen/input_Apellidos"), apellidosRem, STOP_ON_FAILURE): Text 'España' is set on object 'Object Repository/Forms/Origen/input_Apellidos'

2023-10-30 11:22:02 - [MESSAGE][PASSED] - Text 'España' is set on object 'Object Repository/Forms/Origen/input_Apellidos'

2023-10-30 11:22:02 - [TEST_STEP][PASSED] - waitForElementVisible(findTestObject("Forms/Origen/input_RazonSocial"), 60, OPTIONAL): Object 'Object Repository/Forms/Origen/input_RazonSocial' is visible

2023-10-30 11:22:03 - [MESSAGE][PASSED] - Object 'Object Repository/Forms/Origen/input_RazonSocial' is visible

2023-10-30 11:22:03 - [TEST_STEP][PASSED] - waitForElementClickable(findTestObject("Forms/Origen/input_RazonSocial"), 60, OPTIONAL): Object 'Object Repository/Forms/Origen/input_RazonSocial' is clickable

2023-10-30 11:22:03 - [MESSAGE][PASSED] - Object 'Object Repository/Forms/Origen/input_RazonSocial' is clickable

2023-10-30 11:22:03 - [TEST_STEP][PASSED] - setText(findTestObject("Forms/Origen/input_RazonSocial"), razSocialRem, STOP_ON_FAILURE): Text 'Razón de prueba 2' is set on object 'Object Repository/Forms/Origen/input_RazonSocial'

2023-10-30 11:22:04 - [MESSAGE][PASSED] - Text 'Razón de prueba 2' is set on object 'Object Repository/Forms/Origen/input_RazonSocial'

2023-10-30 11:22:04 - [TEST_STEP][PASSED] - waitForElementVisible(findTestObject("Forms/Origen/input_NIF"), 60, OPTIONAL): Object 'Object Repository/Forms/Origen/input_NIF' is visible

2023-10-30 11:22:04 - [MESSAGE][PASSED] - Object 'Object Repository/Forms/Origen/input_NIF' is visible

2023-10-30 11:22:04 - [TEST_STEP][PASSED] - waitForElementClickable(findTestObject("Forms/Origen/input_NIF"), 60, OPTIONAL): Object 'Object Repository/Forms/Origen/input_NIF' is clickable

2023-10-30 11:22:04 - [MESSAGE][PASSED] - Object 'Object Repository/Forms/Origen/input_NIF' is clickable

2023-10-30 11:22:04 - [TEST_STEP][PASSED] - setText(findTestObject("Forms/Origen/input_NIF"), nifRem, STOP_ON_FAILURE): Text '93195190H' is set on object 'Object Repository/Forms/Origen/input_NIF'

2023-10-30 11:22:05 - [MESSAGE][PASSED] - Text '93195190H' is set on object 'Object Repository/Forms/Origen/input_NIF'

2023-10-30 11:22:05 - [TEST_STEP][PASSED] - waitForElementVisible(findTestObject("Forms/Origen/input_Email"), 60, OPTIONAL): Object 'Object Repository/Forms/Origen/input_Email' is visible

2023-10-30 11:22:06 - [MESSAGE][PASSED] - Object 'Object Repository/Forms/Origen/input_Email' is visible

2023-10-30 11:22:06 - [TEST_STEP][PASSED] - waitForElementClickable(findTestObject("Forms/Origen/input_Email"), 60, OPTIONAL): Object 'Object Repository/Forms/Origen/input_Email' is clickable

2023-10-30 11:22:06 - [MESSAGE][PASSED] - Object 'Object Repository/Forms/Origen/input_Email' is clickable

2023-10-30 11:22:06 - [TEST_STEP][PASSED] - setText(findTestObject("Forms/Origen/input_Email"), emailRem, STOP_ON_FAILURE): Text 'emailprueba2@email.com' is set on object 'Object Repository/Forms/Origen/input_Email'

2023-10-30 11:22:07 - [MESSAGE][PASSED] - Text 'emailprueba2@email.com' is set on object 'Object Repository/Forms/Origen/input_Email'

2023-10-30 11:22:07 - [TEST_STEP][PASSED] - waitForElementVisible(findTestObject("Forms/Origen/input_Phone"), 60, OPTIONAL): Object 'Object Repository/Forms/Origen/input_Phone' is visible

2023-10-30 11:22:07 - [MESSAGE][PASSED] - Object 'Object Repository/Forms/Origen/input_Phone' is visible

2023-10-30 11:22:07 - [TEST_STEP][PASSED] - waitForElementClickable(findTestObject("Forms/Origen/input_Phone"), 60, OPTIONAL): Object 'Object Repository/Forms/Origen/input_Phone' is clickable

2023-10-30 11:22:07 - [MESSAGE][PASSED] - Object 'Object Repository/Forms/Origen/input_Phone' is clickable

2023-10-30 11:22:07 - [TEST_STEP][PASSED] - setText(findTestObject("Forms/Origen/input_Phone"), numTlfRem, STOP_ON_FAILURE): Text '611679463' is set on object 'Object Repository/Forms/Origen/input_Phone'

2023-10-30 11:22:08 - [MESSAGE][PASSED] - Text '611679463' is set on object 'Object Repository/Forms/Origen/input_Phone'

2023-10-30 11:22:08 - [TEST_STEP][PASSED] - waitForElementVisible(findTestObject("Forms/Origen/input_Direccion1"), 60, OPTIONAL): Object 'Object Repository/Forms/Origen/input_Direccion1' is visible

2023-10-30 11:22:08 - [MESSAGE][PASSED] - Object 'Object Repository/Forms/Origen/input_Direccion1' is visible

2023-10-30 11:22:08 - [TEST_STEP][PASSED] - waitForElementClickable(findTestObject("Forms/Origen/input_Direccion1"), 60, OPTIONAL): Object 'Object Repository/Forms/Origen/input_Direccion1' is clickable

2023-10-30 11:22:09 - [MESSAGE][PASSED] - Object 'Object Repository/Forms/Origen/input_Direccion1' is clickable

2023-10-30 11:22:09 - [TEST_STEP][PASSED] - setText(findTestObject("Forms/Origen/input_Direccion1"), dirRem1, STOP_ON_FAILURE): Text 'Calle Prueba 2' is set on object 'Object Repository/Forms/Origen/input_Direccion1'

2023-10-30 11:22:09 - [MESSAGE][PASSED] - Text 'Calle Prueba 2' is set on object 'Object Repository/Forms/Origen/input_Direccion1'

2023-10-30 11:22:09 - [TEST_STEP][PASSED] - delay(5): Delayed 5 second(s)

2023-10-30 11:22:14 - [MESSAGE][PASSED] - Delayed 5 second(s)

2023-10-30 11:22:14 - [TEST_STEP][PASSED] - waitForElementVisible(findTestObject("Forms/Origen/button_Continuar"), 60, OPTIONAL): Object 'Object Repository/Forms/Origen/button_Continuar' is visible

2023-10-30 11:22:14 - [MESSAGE][PASSED] - Object 'Object Repository/Forms/Origen/button_Continuar' is visible

2023-10-30 11:22:14 - [TEST_STEP][PASSED] - waitForElementClickable(findTestObject("Forms/Origen/button_Continuar"), 60, OPTIONAL): Object 'Object Repository/Forms/Origen/button_Continuar' is clickable

2023-10-30 11:22:15 - [MESSAGE][PASSED] - Object 'Object Repository/Forms/Origen/button_Continuar' is clickable

2023-10-30 11:22:15 - [TEST_STEP][PASSED] - click(findTestObject("Forms/Origen/button_Continuar"), STOP_ON_FAILURE): Object: 'Object Repository/Forms/Origen/button_Continuar' is clicked on

2023-10-30 11:22:15 - [MESSAGE][PASSED] - Object: 'Object Repository/Forms/Origen/button_Continuar' is clicked on

2023-10-30 11:22:15 - [TEST_STEP][PASSED] - waitForElementVisible(findTestObject("Forms/Destino/input_Nombre"), 60, OPTIONAL): Object 'Object Repository/Forms/Destino/input_Nombre' is visible

2023-10-30 11:22:17 - [MESSAGE][PASSED] - Object 'Object Repository/Forms/Destino/input_Nombre' is visible

2023-10-30 11:22:17 - [TEST_STEP][PASSED] - waitForElementClickable(findTestObject("Forms/Destino/input_Nombre"), 60, OPTIONAL): Object 'Object Repository/Forms/Destino/input_Nombre' is clickable

2023-10-30 11:22:17 - [MESSAGE][PASSED] - Object 'Object Repository/Forms/Destino/input_Nombre' is clickable

2023-10-30 11:22:17 - [TEST_STEP][PASSED] - setText(findTestObject("Forms/Destino/input_Nombre"), nombreDes, STOP_ON_FAILURE): Text 'Javier' is set on object 'Object Repository/Forms/Destino/input_Nombre'

2023-10-30 11:22:17 - [MESSAGE][PASSED] - Text 'Javier' is set on object 'Object Repository/Forms/Destino/input_Nombre'

2023-10-30 11:22:17 - [TEST_STEP][PASSED] - waitForElementVisible(findTestObject("Forms/Destino/input_Apellidos"), 60, OPTIONAL): Object 'Object Repository/Forms/Destino/input_Apellidos' is visible

2023-10-30 11:22:18 - [MESSAGE][PASSED] - Object 'Object Repository/Forms/Destino/input_Apellidos' is visible

2023-10-30 11:22:18 - [TEST_STEP][PASSED] - waitForElementClickable(findTestObject("Forms/Destino/input_Apellidos"), 60, OPTIONAL): Object 'Object Repository/Forms/Destino/input_Apellidos' is clickable

2023-10-30 11:22:18 - [MESSAGE][PASSED] - Object 'Object Repository/Forms/Destino/input_Apellidos' is clickable

2023-10-30 11:22:18 - [TEST_STEP][PASSED] - setText(findTestObject("Forms/Destino/input_Apellidos"), apellidosDes, STOP_ON_FAILURE): Text 'Sánchez' is set on object 'Object Repository/Forms/Destino/input_Apellidos'

2023-10-30 11:22:19 - [MESSAGE][PASSED] - Text 'Sánchez' is set on object 'Object Repository/Forms/Destino/input_Apellidos'

2023-10-30 11:22:19 - [TEST_STEP][PASSED] - waitForElementVisible(findTestObject("Forms/Destino/input_RazonSocial"), 60, OPTIONAL): Object 'Object Repository/Forms/Destino/input_RazonSocial' is visible

2023-10-30 11:22:19 - [MESSAGE][PASSED] - Object 'Object Repository/Forms/Destino/input_RazonSocial' is visible

2023-10-30 11:22:19 - [TEST_STEP][PASSED] - waitForElementClickable(findTestObject("Forms/Destino/input_RazonSocial"), 60, OPTIONAL): Object 'Object Repository/Forms/Destino/input_RazonSocial' is clickable

2023-10-30 11:22:20 - [MESSAGE][PASSED] - Object 'Object Repository/Forms/Destino/input_RazonSocial' is clickable

2023-10-30 11:22:20 - [TEST_STEP][PASSED] - setText(findTestObject("Forms/Destino/input_RazonSocial"), razonSocialDes, STOP_ON_FAILURE): Text 'Otra razón de prueba 2' is set on object 'Object Repository/Forms/Destino/input_RazonSocial'

2023-10-30 11:22:20 - [MESSAGE][PASSED] - Text 'Otra razón de prueba 2' is set on object 'Object Repository/Forms/Destino/input_RazonSocial'

2023-10-30 11:22:20 - [TEST_STEP][PASSED] - waitForElementVisible(findTestObject("Forms/Destino/input_Email"), 60, OPTIONAL): Object 'Object Repository/Forms/Destino/input_Email' is visible

2023-10-30 11:22:20 - [MESSAGE][PASSED] - Object 'Object Repository/Forms/Destino/input_Email' is visible

2023-10-30 11:22:20 - [TEST_STEP][PASSED] - waitForElementClickable(findTestObject("Forms/Destino/input_Email"), 60, OPTIONAL): Object 'Object Repository/Forms/Destino/input_Email' is clickable

2023-10-30 11:22:21 - [MESSAGE][PASSED] - Object 'Object Repository/Forms/Destino/input_Email' is clickable

2023-10-30 11:22:21 - [TEST_STEP][PASSED] - setText(findTestObject("Forms/Destino/input_Email"), emailRem, STOP_ON_FAILURE): Text 'emailprueba2@email.com' is set on object 'Object Repository/Forms/Destino/input_Email'

2023-10-30 11:22:21 - [MESSAGE][PASSED] - Text 'emailprueba2@email.com' is set on object 'Object Repository/Forms/Destino/input_Email'

2023-10-30 11:22:21 - [TEST_STEP][PASSED] - waitForElementVisible(findTestObject("Forms/Destino/input_Phone"), 60, OPTIONAL): Object 'Object Repository/Forms/Destino/input_Phone' is visible

2023-10-30 11:22:22 - [MESSAGE][PASSED] - Object 'Object Repository/Forms/Destino/input_Phone' is visible

2023-10-30 11:22:22 - [TEST_STEP][PASSED] - waitForElementClickable(findTestObject("Forms/Destino/input_Phone"), 60, OPTIONAL): Object 'Object Repository/Forms/Destino/input_Phone' is clickable

2023-10-30 11:22:22 - [MESSAGE][PASSED] - Object 'Object Repository/Forms/Destino/input_Phone' is clickable

2023-10-30 11:22:22 - [TEST_STEP][PASSED] - setText(findTestObject("Forms/Destino/input_Phone"), numTlfRem, STOP_ON_FAILURE): Text '611679463' is set on object 'Object Repository/Forms/Destino/input_Phone'

2023-10-30 11:22:23 - [MESSAGE][PASSED] - Text '611679463' is set on object 'Object Repository/Forms/Destino/input_Phone'

2023-10-30 11:22:23 - [TEST_STEP][PASSED] - waitForElementVisible(findTestObject("Forms/Destino/input_Direccion1"), 60, OPTIONAL): Object 'Object Repository/Forms/Destino/input_Direccion1' is visible

2023-10-30 11:22:23 - [MESSAGE][PASSED] - Object 'Object Repository/Forms/Destino/input_Direccion1' is visible

2023-10-30 11:22:23 - [TEST_STEP][PASSED] - waitForElementClickable(findTestObject("Forms/Destino/input_Direccion1"), 60, OPTIONAL): Object 'Object Repository/Forms/Destino/input_Direccion1' is clickable

2023-10-30 11:22:23 - [MESSAGE][PASSED] - Object 'Object Repository/Forms/Destino/input_Direccion1' is clickable

2023-10-30 11:22:23 - [TEST_STEP][PASSED] - setText(findTestObject("Forms/Destino/input_Direccion1"), dirDes1, STOP_ON_FAILURE): Text 'Calle OtraPrueba2' is set on object 'Object Repository/Forms/Destino/input_Direccion1'

2023-10-30 11:22:24 - [MESSAGE][PASSED] - Text 'Calle OtraPrueba2' is set on object 'Object Repository/Forms/Destino/input_Direccion1'

2023-10-30 11:22:24 - [TEST_STEP][PASSED] - if (mValiosa.equalsIgnoreCase("S")): null

2023-10-30 11:22:24 - [TEST_STEP][PASSED] - else: Text '75' is set on object 'Object Repository/Forms/Destino/input_Pago en destino'

2023-10-30 11:22:24 - [TEST_STEP][PASSED] - waitForElementVisible(findTestObject("Forms/Destino/input_Pago en destino"), 60, OPTIONAL): Object 'Object Repository/Forms/Destino/input_Pago en destino' is visible

2023-10-30 11:22:25 - [MESSAGE][PASSED] - Object 'Object Repository/Forms/Destino/input_Pago en destino' is visible

2023-10-30 11:22:25 - [TEST_STEP][PASSED] - waitForElementClickable(findTestObject("Forms/Destino/input_Pago en destino"), 60, OPTIONAL): Object 'Object Repository/Forms/Destino/input_Pago en destino' is clickable

2023-10-30 11:22:25 - [MESSAGE][PASSED] - Object 'Object Repository/Forms/Destino/input_Pago en destino' is clickable

2023-10-30 11:22:25 - [TEST_STEP][PASSED] - setText(findTestObject("Forms/Destino/input_Pago en destino"), importeDestino, STOP_ON_FAILURE): Text '75' is set on object 'Object Repository/Forms/Destino/input_Pago en destino'

2023-10-30 11:22:25 - [MESSAGE][PASSED] - Text '75' is set on object 'Object Repository/Forms/Destino/input_Pago en destino'

2023-10-30 11:22:25 - [TEST_STEP][PASSED] - waitForElementVisible(findTestObject("Forms/Destino/button_Continuar"), 60, OPTIONAL): Object 'Object Repository/Forms/Destino/button_Continuar' is visible

2023-10-30 11:22:26 - [MESSAGE][PASSED] - Object 'Object Repository/Forms/Destino/button_Continuar' is visible

2023-10-30 11:22:26 - [TEST_STEP][PASSED] - waitForElementClickable(findTestObject("Forms/Destino/button_Continuar"), 60, OPTIONAL): Object 'Object Repository/Forms/Destino/button_Continuar' is clickable

2023-10-30 11:22:26 - [MESSAGE][PASSED] - Object 'Object Repository/Forms/Destino/button_Continuar' is clickable

2023-10-30 11:22:26 - [TEST_STEP][PASSED] - click(findTestObject("Forms/Destino/button_Continuar"), STOP_ON_FAILURE): Object: 'Object Repository/Forms/Destino/button_Continuar' is clicked on

2023-10-30 11:22:28 - [MESSAGE][PASSED] - Object: 'Object Repository/Forms/Destino/button_Continuar' is clicked on

2023-10-30 11:22:28 - [TEST_STEP][PASSED] - waitForElementVisible(findTestObject("Forms/button_close_Urgent_Service"), 60, OPTIONAL): Object 'Object Repository/Forms/button_close_Urgent_Service' is visible

2023-10-30 11:22:29 - [MESSAGE][PASSED] - Object 'Object Repository/Forms/button_close_Urgent_Service' is visible

2023-10-30 11:22:29 - [TEST_STEP][PASSED] - waitForElementClickable(findTestObject("Forms/button_close_Urgent_Service"), 60, OPTIONAL): Object 'Object Repository/Forms/button_close_Urgent_Service' is clickable

2023-10-30 11:22:29 - [MESSAGE][PASSED] - Object 'Object Repository/Forms/button_close_Urgent_Service' is clickable

2023-10-30 11:22:29 - [TEST_STEP][PASSED] - click(findTestObject("Forms/button_close_Urgent_Service"), STOP_ON_FAILURE): Object: 'Object Repository/Forms/button_close_Urgent_Service' is clicked on

2023-10-30 11:22:30 - [MESSAGE][PASSED] - Object: 'Object Repository/Forms/button_close_Urgent_Service' is clicked on

2023-10-30 11:22:30 - [TEST_STEP][PASSED] - delay(10): Delayed 10 second(s)

2023-10-30 11:22:40 - [MESSAGE][PASSED] - Delayed 10 second(s)

2023-10-30 11:22:40 - [TEST_STEP][PASSED] - waitForElementVisible(findTestObject("Resumen_Checks/label_sinIva"), 60, OPTIONAL): Object 'Object Repository/Resumen_Checks/label_sinIva' is visible

2023-10-30 11:23:10 - [MESSAGE][PASSED] - Object 'Object Repository/Resumen_Checks/label_sinIva' is visible

2023-10-30 11:23:10 - [TEST_STEP][PASSED] - waitForElementClickable(findTestObject("Resumen_Checks/label_sinIva"), 60, OPTIONAL): Object 'Object Repository/Resumen_Checks/label_sinIva' is clickable

2023-10-30 11:23:13 - [MESSAGE][PASSED] - Object 'Object Repository/Resumen_Checks/label_sinIva' is clickable

2023-10-30 11:23:13 - [TEST_STEP][PASSED] - precioSinIVALbl = getText(findTestObject("Resumen_Checks/label_sinIva")).toString(): Text of object 'Object Repository/Resumen_Checks/label_sinIva' is: '9,92 €'

2023-10-30 11:23:13 - [MESSAGE][PASSED] - Text of object 'Object Repository/Resumen_Checks/label_sinIva' is: '9,92 €'

2023-10-30 11:23:13 - [TEST_STEP][PASSED] - waitForElementVisible(findTestObject("Resumen_Checks/label_reembolso"), 60, OPTIONAL): Object 'Object Repository/Resumen_Checks/label_reembolso' is visible

2023-10-30 11:23:13 - [MESSAGE][PASSED] - Object 'Object Repository/Resumen_Checks/label_reembolso' is visible

2023-10-30 11:23:13 - [TEST_STEP][PASSED] - waitForElementClickable(findTestObject("Resumen_Checks/label_reembolso"), 60, OPTIONAL): Object 'Object Repository/Resumen_Checks/label_reembolso' is clickable

2023-10-30 11:23:14 - [MESSAGE][PASSED] - Object 'Object Repository/Resumen_Checks/label_reembolso' is clickable

2023-10-30 11:23:14 - [TEST_STEP][PASSED] - precioReembolsoLbl = getText(findTestObject("Resumen_Checks/label_reembolso")).toString(): Text of object 'Object Repository/Resumen_Checks/label_reembolso' is: '6,11 €'

2023-10-30 11:23:14 - [MESSAGE][PASSED] - Text of object 'Object Repository/Resumen_Checks/label_reembolso' is: '6,11 €'

2023-10-30 11:23:14 - [TEST_STEP][PASSED] - waitForElementVisible(findTestObject("Resumen_Checks/label_conIva"), 60, OPTIONAL): Object 'Object Repository/Resumen_Checks/label_conIva' is visible

2023-10-30 11:23:14 - [MESSAGE][PASSED] - Object 'Object Repository/Resumen_Checks/label_conIva' is visible

2023-10-30 11:23:14 - [TEST_STEP][PASSED] - waitForElementClickable(findTestObject("Resumen_Checks/label_conIva"), 60, OPTIONAL): Object 'Object Repository/Resumen_Checks/label_conIva' is clickable

2023-10-30 11:23:14 - [MESSAGE][PASSED] - Object 'Object Repository/Resumen_Checks/label_conIva' is clickable

2023-10-30 11:23:14 - [TEST_STEP][PASSED] - precioConIVALbl = getText(findTestObject("Resumen_Checks/label_conIva")).toString(): Text of object 'Object Repository/Resumen_Checks/label_conIva' is: '3,37 €'

2023-10-30 11:23:15 - [MESSAGE][PASSED] - Text of object 'Object Repository/Resumen_Checks/label_conIva' is: '3,37 €'

2023-10-30 11:23:15 - [TEST_STEP][PASSED] - waitForElementVisible(findTestObject("Resumen_Checks/label_total_acelerarEnvio"), 60, OPTIONAL): Object 'Object Repository/Resumen_Checks/label_total_acelerarEnvio' is visible

2023-10-30 11:23:15 - [MESSAGE][PASSED] - Object 'Object Repository/Resumen_Checks/label_total_acelerarEnvio' is visible

2023-10-30 11:23:15 - [TEST_STEP][PASSED] - waitForElementClickable(findTestObject("Resumen_Checks/label_total_acelerarEnvio"), 60, OPTIONAL): Object 'Object Repository/Resumen_Checks/label_total_acelerarEnvio' is clickable

2023-10-30 11:23:15 - [MESSAGE][PASSED] - Object 'Object Repository/Resumen_Checks/label_total_acelerarEnvio' is clickable

2023-10-30 11:23:15 - [TEST_STEP][PASSED] - precioTotalLbl = getText(findTestObject("Resumen_Checks/label_total_acelerarEnvio")).toString(): Text of object 'Object Repository/Resumen_Checks/label_total_acelerarEnvio' is: '19,40 €'

2023-10-30 11:23:15 - [MESSAGE][PASSED] - Text of object 'Object Repository/Resumen_Checks/label_total_acelerarEnvio' is: '19,40 €'

2023-10-30 11:23:15 - [TEST_STEP][PASSED] - takeScreenshot(): Taking screenshot successfully

2023-10-30 11:23:16 - [MESSAGE][PASSED] - Taking screenshot successfully
[[ATTACHMENT|C:\\Jenkins\\workspace\\Katalon_WebRecogidas_PRO\\Reports\\20231030_111542\\TS_Envios_PRO\\20231030_111543\\1698661396174.png]]

2023-10-30 11:23:16 - [TEST_STEP][PASSED] - markPassed("Recogidas / 02 - Envio durante todo el dia"): Recogidas / 02 - Envio durante todo el dia

2023-10-30 11:23:16 - [MESSAGE][PASSED] - Recogidas / 02 - Envio durante todo el dia

2023-10-30 11:23:16 - [TEST_STEP][PASSED] - Finally: Browser is closed

2023-10-30 11:23:16 - [TEST_STEP][PASSED] - closeBrowser(): Browser is closed

2023-10-30 11:23:17 - [MESSAGE][PASSED] - Browser is closed]]></system-out>
         <system-err><![CDATA[]]></system-err>
      </testcase>
      <testcase name="Test Cases/Scripts_PRO/03 - Envio_AntesDeLas10" time="222.945" classname="Test Cases/Scripts_PRO/03 - Envio_AntesDeLas10" status="PASSED">
         <system-out><![CDATA[2023-10-30 11:23:17 - [TEST_CASE][PASSED] - Test Cases/Scripts_PRO/03 - Envio_AntesDeLas10: Test Cases/Scripts_PRO/03 - Envio_AntesDeLas10

2023-10-30 11:23:17 - [TEST_STEP][PASSED] - setWebDriverPreferencesProperty("args", ["window-size=1920,1080"]): null

2023-10-30 11:23:17 - [TEST_STEP][PASSED] - try: Recogidas / 03 - Envio antes de las 10

2023-10-30 11:23:17 - [TEST_STEP][PASSED] - openBrowser(""): Browser is opened with url: ''

2023-10-30 11:23:17 - [MESSAGE][INFO] - Starting 'Chrome' driver

2023-10-30 11:23:17 - [MESSAGE][INFO] - User set preference: ['args', '[window-size=1920,1080]']

2023-10-30 11:23:17 - [MESSAGE][INFO] - Action delay is set to 0 milliseconds

2023-10-30 11:23:19 - [MESSAGE][PASSED] - Browser is opened with url: ''

2023-10-30 11:23:19 - [TEST_STEP][PASSED] - maximizeWindow(): Current window maximized

2023-10-30 11:23:19 - [MESSAGE][PASSED] - Current window maximized

2023-10-30 11:23:19 - [TEST_STEP][PASSED] - navigateToUrl("https://seur.com/envio-online2/new-shipping"): Navigate to 'https://seur.com/envio-online2/new-shipping' successfully

2023-10-30 11:24:03 - [MESSAGE][PASSED] - Navigate to 'https://seur.com/envio-online2/new-shipping' successfully

2023-10-30 11:24:03 - [TEST_STEP][PASSED] - delay(30): Delayed 30 second(s)

2023-10-30 11:24:33 - [MESSAGE][PASSED] - Delayed 30 second(s)

2023-10-30 11:24:33 - [TEST_STEP][PASSED] - waitForElementVisible(findTestObject("Object Repository/Log_In_Elements/button_Aceptar_Cookis"), 60, OPTIONAL): Object 'Object Repository/Log_In_Elements/button_Aceptar_Cookis' is visible

2023-10-30 11:24:34 - [MESSAGE][PASSED] - Object 'Object Repository/Log_In_Elements/button_Aceptar_Cookis' is visible

2023-10-30 11:24:34 - [TEST_STEP][PASSED] - waitForElementClickable(findTestObject("Object Repository/Log_In_Elements/button_Aceptar_Cookis"), 60, OPTIONAL): Object 'Object Repository/Log_In_Elements/button_Aceptar_Cookis' is clickable

2023-10-30 11:24:34 - [MESSAGE][PASSED] - Object 'Object Repository/Log_In_Elements/button_Aceptar_Cookis' is clickable

2023-10-30 11:24:34 - [TEST_STEP][PASSED] - click(findTestObject("Object Repository/Log_In_Elements/button_Aceptar_Cookis"), STOP_ON_FAILURE): Object: 'Object Repository/Log_In_Elements/button_Aceptar_Cookis' is clicked on

2023-10-30 11:24:34 - [MESSAGE][PASSED] - Object: 'Object Repository/Log_In_Elements/button_Aceptar_Cookis' is clicked on

2023-10-30 11:24:34 - [TEST_STEP][PASSED] - delay(5): Delayed 5 second(s)

2023-10-30 11:24:39 - [MESSAGE][PASSED] - Delayed 5 second(s)

2023-10-30 11:24:39 - [TEST_STEP][PASSED] - waitForElementVisible(findTestObject("Object Repository/Log_In_Elements/button_Siguiente"), 60, OPTIONAL): Object 'Object Repository/Log_In_Elements/button_Siguiente' is visible

2023-10-30 11:25:09 - [MESSAGE][PASSED] - Object 'Object Repository/Log_In_Elements/button_Siguiente' is visible

2023-10-30 11:25:09 - [TEST_STEP][PASSED] - waitForElementClickable(findTestObject("Object Repository/Log_In_Elements/button_Siguiente"), 60, OPTIONAL): Object 'Object Repository/Log_In_Elements/button_Siguiente' is clickable

2023-10-30 11:25:16 - [MESSAGE][PASSED] - Object 'Object Repository/Log_In_Elements/button_Siguiente' is clickable

2023-10-30 11:25:16 - [TEST_STEP][PASSED] - click(findTestObject("Object Repository/Log_In_Elements/button_Siguiente"), STOP_ON_FAILURE): Object: 'Object Repository/Log_In_Elements/button_Siguiente' is clicked on

2023-10-30 11:25:17 - [MESSAGE][PASSED] - Object: 'Object Repository/Log_In_Elements/button_Siguiente' is clicked on

2023-10-30 11:25:17 - [TEST_STEP][PASSED] - delay(5): Delayed 5 second(s)

2023-10-30 11:25:22 - [MESSAGE][PASSED] - Delayed 5 second(s)

2023-10-30 11:25:22 - [TEST_STEP][PASSED] - waitForElementVisible(findTestObject("Origen_Destino_Paquetes/input_Origen"), 60, OPTIONAL): Object 'Object Repository/Origen_Destino_Paquetes/input_Origen' is visible

2023-10-30 11:25:22 - [MESSAGE][PASSED] - Object 'Object Repository/Origen_Destino_Paquetes/input_Origen' is visible

2023-10-30 11:25:22 - [TEST_STEP][PASSED] - waitForElementClickable(findTestObject("Origen_Destino_Paquetes/input_Origen"), 60, OPTIONAL): Object 'Object Repository/Origen_Destino_Paquetes/input_Origen' is clickable

2023-10-30 11:25:22 - [MESSAGE][PASSED] - Object 'Object Repository/Origen_Destino_Paquetes/input_Origen' is clickable

2023-10-30 11:25:22 - [TEST_STEP][PASSED] - setText(findTestObject("Origen_Destino_Paquetes/input_Origen"), codPostalRem, STOP_ON_FAILURE): Text '29700' is set on object 'Object Repository/Origen_Destino_Paquetes/input_Origen'

2023-10-30 11:25:23 - [MESSAGE][PASSED] - Text '29700' is set on object 'Object Repository/Origen_Destino_Paquetes/input_Origen'

2023-10-30 11:25:23 - [TEST_STEP][PASSED] - delay(2): Delayed 2 second(s)

2023-10-30 11:25:25 - [MESSAGE][PASSED] - Delayed 2 second(s)

2023-10-30 11:25:25 - [TEST_STEP][PASSED] - waitForElementVisible(findTestObject("Origen_Destino_Paquetes/span_29700 - VELEZ-MALAGA"), 60, OPTIONAL): Object 'Object Repository/Origen_Destino_Paquetes/span_29700 - VELEZ-MALAGA' is visible

2023-10-30 11:25:25 - [MESSAGE][PASSED] - Object 'Object Repository/Origen_Destino_Paquetes/span_29700 - VELEZ-MALAGA' is visible

2023-10-30 11:25:25 - [TEST_STEP][PASSED] - waitForElementClickable(findTestObject("Origen_Destino_Paquetes/span_29700 - VELEZ-MALAGA"), 60, OPTIONAL): Object 'Object Repository/Origen_Destino_Paquetes/span_29700 - VELEZ-MALAGA' is clickable

2023-10-30 11:25:25 - [MESSAGE][PASSED] - Object 'Object Repository/Origen_Destino_Paquetes/span_29700 - VELEZ-MALAGA' is clickable

2023-10-30 11:25:25 - [TEST_STEP][PASSED] - click(findTestObject("Origen_Destino_Paquetes/span_29700 - VELEZ-MALAGA"), STOP_ON_FAILURE): Object: 'Object Repository/Origen_Destino_Paquetes/span_29700 - VELEZ-MALAGA' is clicked on

2023-10-30 11:25:26 - [MESSAGE][PASSED] - Object: 'Object Repository/Origen_Destino_Paquetes/span_29700 - VELEZ-MALAGA' is clicked on

2023-10-30 11:25:26 - [TEST_STEP][PASSED] - waitForElementVisible(findTestObject("Origen_Destino_Paquetes/input_Destino"), 60, OPTIONAL): Object 'Object Repository/Origen_Destino_Paquetes/input_Destino' is visible

2023-10-30 11:25:26 - [MESSAGE][PASSED] - Object 'Object Repository/Origen_Destino_Paquetes/input_Destino' is visible

2023-10-30 11:25:26 - [TEST_STEP][PASSED] - waitForElementClickable(findTestObject("Origen_Destino_Paquetes/input_Destino"), 60, OPTIONAL): Object 'Object Repository/Origen_Destino_Paquetes/input_Destino' is clickable

2023-10-30 11:25:27 - [MESSAGE][PASSED] - Object 'Object Repository/Origen_Destino_Paquetes/input_Destino' is clickable

2023-10-30 11:25:27 - [TEST_STEP][PASSED] - setText(findTestObject("Origen_Destino_Paquetes/input_Destino"), codPostalDes, STOP_ON_FAILURE): Text '28010' is set on object 'Object Repository/Origen_Destino_Paquetes/input_Destino'

2023-10-30 11:25:27 - [MESSAGE][PASSED] - Text '28010' is set on object 'Object Repository/Origen_Destino_Paquetes/input_Destino'

2023-10-30 11:25:27 - [TEST_STEP][PASSED] - delay(2): Delayed 2 second(s)

2023-10-30 11:25:29 - [MESSAGE][PASSED] - Delayed 2 second(s)

2023-10-30 11:25:29 - [TEST_STEP][PASSED] - waitForElementVisible(findTestObject("Origen_Destino_Paquetes/span_28010 - MADRID"), 60, OPTIONAL): Object 'Object Repository/Origen_Destino_Paquetes/span_28010 - MADRID' is visible

2023-10-30 11:25:29 - [MESSAGE][PASSED] - Object 'Object Repository/Origen_Destino_Paquetes/span_28010 - MADRID' is visible

2023-10-30 11:25:29 - [TEST_STEP][PASSED] - waitForElementClickable(findTestObject("Origen_Destino_Paquetes/span_28010 - MADRID"), 60, OPTIONAL): Object 'Object Repository/Origen_Destino_Paquetes/span_28010 - MADRID' is clickable

2023-10-30 11:25:30 - [MESSAGE][PASSED] - Object 'Object Repository/Origen_Destino_Paquetes/span_28010 - MADRID' is clickable

2023-10-30 11:25:30 - [TEST_STEP][PASSED] - click(findTestObject("Origen_Destino_Paquetes/span_28010 - MADRID"), STOP_ON_FAILURE): Object: 'Object Repository/Origen_Destino_Paquetes/span_28010 - MADRID' is clicked on

2023-10-30 11:25:30 - [MESSAGE][PASSED] - Object: 'Object Repository/Origen_Destino_Paquetes/span_28010 - MADRID' is clicked on

2023-10-30 11:25:30 - [TEST_STEP][PASSED] - waitForElementVisible(findTestObject("Origen_Destino_Paquetes/input_Paquete_peso"), 60, OPTIONAL): Object 'Object Repository/Origen_Destino_Paquetes/input_Paquete_peso' is visible

2023-10-30 11:25:30 - [MESSAGE][PASSED] - Object 'Object Repository/Origen_Destino_Paquetes/input_Paquete_peso' is visible

2023-10-30 11:25:30 - [TEST_STEP][PASSED] - waitForElementClickable(findTestObject("Origen_Destino_Paquetes/input_Paquete_peso"), 60, OPTIONAL): Object 'Object Repository/Origen_Destino_Paquetes/input_Paquete_peso' is clickable

2023-10-30 11:25:31 - [MESSAGE][PASSED] - Object 'Object Repository/Origen_Destino_Paquetes/input_Paquete_peso' is clickable

2023-10-30 11:25:31 - [TEST_STEP][PASSED] - setText(findTestObject("Origen_Destino_Paquetes/input_Paquete_peso"), pesoPaquete, STOP_ON_FAILURE): Text '14.6' is set on object 'Object Repository/Origen_Destino_Paquetes/input_Paquete_peso'

2023-10-30 11:25:31 - [MESSAGE][PASSED] - Text '14.6' is set on object 'Object Repository/Origen_Destino_Paquetes/input_Paquete_peso'

2023-10-30 11:25:31 - [TEST_STEP][PASSED] - waitForElementVisible(findTestObject("Origen_Destino_Paquetes/input_Paquete_largo"), 60, OPTIONAL): Object 'Object Repository/Origen_Destino_Paquetes/input_Paquete_largo' is visible

2023-10-30 11:25:32 - [MESSAGE][PASSED] - Object 'Object Repository/Origen_Destino_Paquetes/input_Paquete_largo' is visible

2023-10-30 11:25:32 - [TEST_STEP][PASSED] - waitForElementClickable(findTestObject("Origen_Destino_Paquetes/input_Paquete_largo"), 60, OPTIONAL): Object 'Object Repository/Origen_Destino_Paquetes/input_Paquete_largo' is clickable

2023-10-30 11:25:32 - [MESSAGE][PASSED] - Object 'Object Repository/Origen_Destino_Paquetes/input_Paquete_largo' is clickable

2023-10-30 11:25:32 - [TEST_STEP][PASSED] - setText(findTestObject("Origen_Destino_Paquetes/input_Paquete_largo"), largoPaquete, STOP_ON_FAILURE): Text '8' is set on object 'Object Repository/Origen_Destino_Paquetes/input_Paquete_largo'

2023-10-30 11:25:33 - [MESSAGE][PASSED] - Text '8' is set on object 'Object Repository/Origen_Destino_Paquetes/input_Paquete_largo'

[...]

2023-10-30 11:40:35 - [MESSAGE][PASSED] - Object 'Object Repository/Forms/Origen/input_Apellidos' is visible

2023-10-30 11:40:35 - [TEST_STEP][PASSED] - waitForElementClickable(findTestObject("Forms/Origen/input_Apellidos"), 60, OPTIONAL): Object 'Object Repository/Forms/Origen/input_Apellidos' is clickable

2023-10-30 11:40:35 - [MESSAGE][PASSED] - Object 'Object Repository/Forms/Origen/input_Apellidos' is clickable

2023-10-30 11:40:35 - [TEST_STEP][PASSED] - setText(findTestObject("Forms/Origen/input_Apellidos"), apellidosRem, STOP_ON_FAILURE): Text 'García' is set on object 'Object Repository/Forms/Origen/input_Apellidos'

2023-10-30 11:40:35 - [MESSAGE][PASSED] - Text 'García' is set on object 'Object Repository/Forms/Origen/input_Apellidos'

2023-10-30 11:40:35 - [TEST_STEP][PASSED] - waitForElementVisible(findTestObject("Forms/Origen/input_RazonSocial"), 60, OPTIONAL): Object 'Object Repository/Forms/Origen/input_RazonSocial' is visible

2023-10-30 11:40:36 - [MESSAGE][PASSED] - Object 'Object Repository/Forms/Origen/input_RazonSocial' is visible

2023-10-30 11:40:36 - [TEST_STEP][PASSED] - waitForElementClickable(findTestObject("Forms/Origen/input_RazonSocial"), 60, OPTIONAL): Object 'Object Repository/Forms/Origen/input_RazonSocial' is clickable

2023-10-30 11:40:36 - [MESSAGE][PASSED] - Object 'Object Repository/Forms/Origen/input_RazonSocial' is clickable

2023-10-30 11:40:36 - [TEST_STEP][PASSED] - setText(findTestObject("Forms/Origen/input_RazonSocial"), razSocialRem, STOP_ON_FAILURE): Text 'Razón de prueba' is set on object 'Object Repository/Forms/Origen/input_RazonSocial'

2023-10-30 11:40:37 - [MESSAGE][PASSED] - Text 'Razón de prueba' is set on object 'Object Repository/Forms/Origen/input_RazonSocial'

2023-10-30 11:40:37 - [TEST_STEP][PASSED] - waitForElementVisible(findTestObject("Forms/Origen/input_NIF"), 60, OPTIONAL): Object 'Object Repository/Forms/Origen/input_NIF' is visible

2023-10-30 11:40:37 - [MESSAGE][PASSED] - Object 'Object Repository/Forms/Origen/input_NIF' is visible

2023-10-30 11:40:37 - [TEST_STEP][PASSED] - waitForElementClickable(findTestObject("Forms/Origen/input_NIF"), 60, OPTIONAL): Object 'Object Repository/Forms/Origen/input_NIF' is clickable

2023-10-30 11:40:37 - [MESSAGE][PASSED] - Object 'Object Repository/Forms/Origen/input_NIF' is clickable

2023-10-30 11:40:37 - [TEST_STEP][PASSED] - setText(findTestObject("Forms/Origen/input_NIF"), nifRem, STOP_ON_FAILURE): Text '79226045S' is set on object 'Object Repository/Forms/Origen/input_NIF'

2023-10-30 11:40:38 - [MESSAGE][PASSED] - Text '79226045S' is set on object 'Object Repository/Forms/Origen/input_NIF'

2023-10-30 11:40:38 - [TEST_STEP][PASSED] - waitForElementVisible(findTestObject("Forms/Origen/input_email"), 60, OPTIONAL): Object 'Object Repository/Forms/Origen/input_email' is visible

2023-10-30 11:40:38 - [MESSAGE][PASSED] - Object 'Object Repository/Forms/Origen/input_email' is visible

2023-10-30 11:40:38 - [TEST_STEP][PASSED] - waitForElementClickable(findTestObject("Forms/Origen/input_email"), 60, OPTIONAL): Object 'Object Repository/Forms/Origen/input_email' is clickable

2023-10-30 11:40:39 - [MESSAGE][PASSED] - Object 'Object Repository/Forms/Origen/input_email' is clickable

2023-10-30 11:40:39 - [TEST_STEP][PASSED] - setText(findTestObject("Forms/Origen/input_email"), emailRem, STOP_ON_FAILURE): Text 'emailprueba9@email.com' is set on object 'Object Repository/Forms/Origen/input_email'

2023-10-30 11:40:39 - [MESSAGE][PASSED] - Text 'emailprueba9@email.com' is set on object 'Object Repository/Forms/Origen/input_email'

2023-10-30 11:40:39 - [TEST_STEP][PASSED] - waitForElementVisible(findTestObject("Forms/Origen/input_Phone"), 60, OPTIONAL): Object 'Object Repository/Forms/Origen/input_Phone' is visible

2023-10-30 11:40:40 - [MESSAGE][PASSED] - Object 'Object Repository/Forms/Origen/input_Phone' is visible

2023-10-30 11:40:40 - [TEST_STEP][PASSED] - waitForElementClickable(findTestObject("Forms/Origen/input_Phone"), 60, OPTIONAL): Object 'Object Repository/Forms/Origen/input_Phone' is clickable

2023-10-30 11:40:40 - [MESSAGE][PASSED] - Object 'Object Repository/Forms/Origen/input_Phone' is clickable

2023-10-30 11:40:40 - [TEST_STEP][PASSED] - setText(findTestObject("Forms/Origen/input_Phone"), numTlfRem, STOP_ON_FAILURE): Text '654857462' is set on object 'Object Repository/Forms/Origen/input_Phone'

2023-10-30 11:40:41 - [MESSAGE][PASSED] - Text '654857462' is set on object 'Object Repository/Forms/Origen/input_Phone'

2023-10-30 11:40:41 - [TEST_STEP][PASSED] - waitForElementVisible(findTestObject("Forms/Origen/input_Direccion1"), 60, OPTIONAL): Object 'Object Repository/Forms/Origen/input_Direccion1' is visible

2023-10-30 11:40:41 - [MESSAGE][PASSED] - Object 'Object Repository/Forms/Origen/input_Direccion1' is visible

2023-10-30 11:40:41 - [TEST_STEP][PASSED] - waitForElementClickable(findTestObject("Forms/Origen/input_Direccion1"), 60, OPTIONAL): Object 'Object Repository/Forms/Origen/input_Direccion1' is clickable

2023-10-30 11:40:41 - [MESSAGE][PASSED] - Object 'Object Repository/Forms/Origen/input_Direccion1' is clickable

2023-10-30 11:40:41 - [TEST_STEP][PASSED] - setText(findTestObject("Forms/Origen/input_Direccion1"), dirRem1, STOP_ON_FAILURE): Text 'Calle Prueba' is set on object 'Object Repository/Forms/Origen/input_Direccion1'

2023-10-30 11:40:42 - [MESSAGE][PASSED] - Text 'Calle Prueba' is set on object 'Object Repository/Forms/Origen/input_Direccion1'

2023-10-30 11:40:42 - [TEST_STEP][PASSED] - delay(2): Delayed 2 second(s)

2023-10-30 11:40:44 - [MESSAGE][PASSED] - Delayed 2 second(s)

2023-10-30 11:40:44 - [TEST_STEP][PASSED] - waitForElementVisible(findTestObject("Forms/Origen/seleccion_aduanas"), 60, OPTIONAL): Object 'Object Repository/Forms/Origen/seleccion_aduanas' is visible

2023-10-30 11:40:44 - [MESSAGE][PASSED] - Object 'Object Repository/Forms/Origen/seleccion_aduanas' is visible

2023-10-30 11:40:44 - [TEST_STEP][PASSED] - waitForElementClickable(findTestObject("Forms/Origen/seleccion_aduanas"), 60, OPTIONAL): Object 'Object Repository/Forms/Origen/seleccion_aduanas' is clickable

2023-10-30 11:40:45 - [MESSAGE][PASSED] - Object 'Object Repository/Forms/Origen/seleccion_aduanas' is clickable

2023-10-30 11:40:45 - [TEST_STEP][PASSED] - click(findTestObject("Forms/Origen/seleccion_aduanas"), STOP_ON_FAILURE): Object: 'Object Repository/Forms/Origen/seleccion_aduanas' is clicked on

2023-10-30 11:40:45 - [MESSAGE][PASSED] - Object: 'Object Repository/Forms/Origen/seleccion_aduanas' is clicked on

2023-10-30 11:40:45 - [TEST_STEP][PASSED] - waitForElementVisible(findTestObject("Seur_Aduanero/span_Envio_Particular"), 60, OPTIONAL): Object 'Object Repository/Seur_Aduanero/span_Envio_Particular' is visible

2023-10-30 11:40:45 - [MESSAGE][PASSED] - Object 'Object Repository/Seur_Aduanero/span_Envio_Particular' is visible

2023-10-30 11:40:45 - [TEST_STEP][PASSED] - waitForElementClickable(findTestObject("Seur_Aduanero/span_Envio_Particular"), 60, OPTIONAL): Object 'Object Repository/Seur_Aduanero/span_Envio_Particular' is clickable

2023-10-30 11:40:46 - [MESSAGE][PASSED] - Object 'Object Repository/Seur_Aduanero/span_Envio_Particular' is clickable

2023-10-30 11:40:46 - [TEST_STEP][PASSED] - click(findTestObject("Seur_Aduanero/span_Envio_Particular"), STOP_ON_FAILURE): Object: 'Object Repository/Seur_Aduanero/span_Envio_Particular' is clicked on

2023-10-30 11:40:46 - [MESSAGE][PASSED] - Object: 'Object Repository/Seur_Aduanero/span_Envio_Particular' is clicked on

2023-10-30 11:40:46 - [TEST_STEP][PASSED] - waitForElementClickable(findTestObject("Forms/Origen/valor_declarado_aduanero"), 60, OPTIONAL): Object 'Object Repository/Forms/Origen/valor_declarado_aduanero' is clickable

2023-10-30 11:40:47 - [MESSAGE][PASSED] - Object 'Object Repository/Forms/Origen/valor_declarado_aduanero' is clickable

2023-10-30 11:40:47 - [TEST_STEP][PASSED] - setText(findTestObject("Forms/Origen/valor_declarado_aduanero"), cantidadTramiteAduanero, STOP_ON_FAILURE): Text '20' is set on object 'Object Repository/Forms/Origen/valor_declarado_aduanero'

2023-10-30 11:40:49 - [MESSAGE][PASSED] - Text '20' is set on object 'Object Repository/Forms/Origen/valor_declarado_aduanero'

2023-10-30 11:40:49 - [TEST_STEP][PASSED] - waitForElementVisible(findTestObject("Forms/Origen/button_Continuar"), 60, OPTIONAL): Object 'Object Repository/Forms/Origen/button_Continuar' is visible

2023-10-30 11:40:49 - [MESSAGE][PASSED] - Object 'Object Repository/Forms/Origen/button_Continuar' is visible

2023-10-30 11:40:49 - [TEST_STEP][PASSED] - waitForElementClickable(findTestObject("Forms/Origen/button_Continuar"), 60, OPTIONAL): Object 'Object Repository/Forms/Origen/button_Continuar' is clickable

2023-10-30 11:40:52 - [MESSAGE][PASSED] - Object 'Object Repository/Forms/Origen/button_Continuar' is clickable

2023-10-30 11:40:52 - [TEST_STEP][PASSED] - click(findTestObject("Forms/Origen/button_Continuar"), STOP_ON_FAILURE): Object: 'Object Repository/Forms/Origen/button_Continuar' is clicked on

2023-10-30 11:40:53 - [MESSAGE][PASSED] - Object: 'Object Repository/Forms/Origen/button_Continuar' is clicked on

2023-10-30 11:40:53 - [TEST_STEP][PASSED] - waitForElementVisible(findTestObject("Forms/Destino/input_Nombre"), 60, OPTIONAL): Object 'Object Repository/Forms/Destino/input_Nombre' is visible

2023-10-30 11:40:54 - [MESSAGE][PASSED] - Object 'Object Repository/Forms/Destino/input_Nombre' is visible

2023-10-30 11:40:54 - [TEST_STEP][PASSED] - waitForElementClickable(findTestObject("Forms/Destino/input_Nombre"), 60, OPTIONAL): Object 'Object Repository/Forms/Destino/input_Nombre' is clickable

2023-10-30 11:40:55 - [MESSAGE][PASSED] - Object 'Object Repository/Forms/Destino/input_Nombre' is clickable

2023-10-30 11:40:55 - [TEST_STEP][PASSED] - setText(findTestObject("Forms/Destino/input_Nombre"), nombreDes, STOP_ON_FAILURE): Text 'José ' is set on object 'Object Repository/Forms/Destino/input_Nombre'

2023-10-30 11:40:55 - [MESSAGE][PASSED] - Text 'José ' is set on object 'Object Repository/Forms/Destino/input_Nombre'

2023-10-30 11:40:55 - [TEST_STEP][PASSED] - waitForElementVisible(findTestObject("Forms/Destino/input_Apellidos"), 60, OPTIONAL): Object 'Object Repository/Forms/Destino/input_Apellidos' is visible

2023-10-30 11:40:56 - [MESSAGE][PASSED] - Object 'Object Repository/Forms/Destino/input_Apellidos' is visible

2023-10-30 11:40:56 - [TEST_STEP][PASSED] - waitForElementClickable(findTestObject("Forms/Destino/input_Apellidos"), 60, OPTIONAL): Object 'Object Repository/Forms/Destino/input_Apellidos' is clickable

2023-10-30 11:40:56 - [MESSAGE][PASSED] - Object 'Object Repository/Forms/Destino/input_Apellidos' is clickable

2023-10-30 11:40:56 - [TEST_STEP][PASSED] - setText(findTestObject("Forms/Destino/input_Apellidos"), apellidosDes, STOP_ON_FAILURE): Text 'Martínez' is set on object 'Object Repository/Forms/Destino/input_Apellidos'

2023-10-30 11:40:57 - [MESSAGE][PASSED] - Text 'Martínez' is set on object 'Object Repository/Forms/Destino/input_Apellidos'

2023-10-30 11:40:57 - [TEST_STEP][PASSED] - waitForElementVisible(findTestObject("Forms/Destino/input_RazonSocial"), 60, OPTIONAL): Object 'Object Repository/Forms/Destino/input_RazonSocial' is visible

2023-10-30 11:40:57 - [MESSAGE][PASSED] - Object 'Object Repository/Forms/Destino/input_RazonSocial' is visible

2023-10-30 11:40:57 - [TEST_STEP][PASSED] - waitForElementClickable(findTestObject("Forms/Destino/input_RazonSocial"), 60, OPTIONAL): Object 'Object Repository/Forms/Destino/input_RazonSocial' is clickable

2023-10-30 11:40:57 - [MESSAGE][PASSED] - Object 'Object Repository/Forms/Destino/input_RazonSocial' is clickable

2023-10-30 11:40:57 - [TEST_STEP][PASSED] - setText(findTestObject("Forms/Destino/input_RazonSocial"), razonSocialDes, STOP_ON_FAILURE): Text 'Otra razón de prueba' is set on object 'Object Repository/Forms/Destino/input_RazonSocial'

2023-10-30 11:40:58 - [MESSAGE][PASSED] - Text 'Otra razón de prueba' is set on object 'Object Repository/Forms/Destino/input_RazonSocial'

2023-10-30 11:40:58 - [TEST_STEP][PASSED] - waitForElementVisible(findTestObject("Forms/Destino/input_Email"), 60, OPTIONAL): Object 'Object Repository/Forms/Destino/input_Email' is visible

2023-10-30 11:40:58 - [MESSAGE][PASSED] - Object 'Object Repository/Forms/Destino/input_Email' is visible

2023-10-30 11:40:58 - [TEST_STEP][PASSED] - waitForElementClickable(findTestObject("Forms/Destino/input_Email"), 60, OPTIONAL): Object 'Object Repository/Forms/Destino/input_Email' is clickable

2023-10-30 11:40:58 - [MESSAGE][PASSED] - Object 'Object Repository/Forms/Destino/input_Email' is clickable

2023-10-30 11:40:58 - [TEST_STEP][PASSED] - setText(findTestObject("Forms/Destino/input_Email"), emailRem, STOP_ON_FAILURE): Text 'emailprueba9@email.com' is set on object 'Object Repository/Forms/Destino/input_Email'

2023-10-30 11:40:59 - [MESSAGE][PASSED] - Text 'emailprueba9@email.com' is set on object 'Object Repository/Forms/Destino/input_Email'

2023-10-30 11:40:59 - [TEST_STEP][PASSED] - waitForElementVisible(findTestObject("Forms/Destino/input_Phone"), 60, OPTIONAL): Object 'Object Repository/Forms/Destino/input_Phone' is visible

2023-10-30 11:41:00 - [MESSAGE][PASSED] - Object 'Object Repository/Forms/Destino/input_Phone' is visible

2023-10-30 11:41:00 - [TEST_STEP][PASSED] - waitForElementClickable(findTestObject("Forms/Destino/input_Phone"), 60, OPTIONAL): Object 'Object Repository/Forms/Destino/input_Phone' is clickable

2023-10-30 11:41:00 - [MESSAGE][PASSED] - Object 'Object Repository/Forms/Destino/input_Phone' is clickable

2023-10-30 11:41:00 - [TEST_STEP][PASSED] - setText(findTestObject("Forms/Destino/input_Phone"), numTlfRem, STOP_ON_FAILURE): Text '654857462' is set on object 'Object Repository/Forms/Destino/input_Phone'

2023-10-30 11:41:01 - [MESSAGE][PASSED] - Text '654857462' is set on object 'Object Repository/Forms/Destino/input_Phone'

2023-10-30 11:41:01 - [TEST_STEP][PASSED] - waitForElementVisible(findTestObject("Forms/Destino/input_Direccion1"), 60, OPTIONAL): Object 'Object Repository/Forms/Destino/input_Direccion1' is visible

2023-10-30 11:41:01 - [MESSAGE][PASSED] - Object 'Object Repository/Forms/Destino/input_Direccion1' is visible

2023-10-30 11:41:01 - [TEST_STEP][PASSED] - waitForElementClickable(findTestObject("Forms/Destino/input_Direccion1"), 60, OPTIONAL): Object 'Object Repository/Forms/Destino/input_Direccion1' is clickable

2023-10-30 11:41:01 - [MESSAGE][PASSED] - Object 'Object Repository/Forms/Destino/input_Direccion1' is clickable

2023-10-30 11:41:01 - [TEST_STEP][PASSED] - setText(findTestObject("Forms/Destino/input_Direccion1"), dirDes1, STOP_ON_FAILURE): Text 'Calle OtraPrueba' is set on object 'Object Repository/Forms/Destino/input_Direccion1'

2023-10-30 11:41:02 - [MESSAGE][PASSED] - Text 'Calle OtraPrueba' is set on object 'Object Repository/Forms/Destino/input_Direccion1'

2023-10-30 11:41:02 - [TEST_STEP][PASSED] - if (mValiosa.equalsIgnoreCase("S")): null

2023-10-30 11:41:02 - [TEST_STEP][PASSED] - else: Text '15' is set on object 'Object Repository/Forms/Destino/input_Pago en destino'

2023-10-30 11:41:02 - [TEST_STEP][PASSED] - waitForElementVisible(findTestObject("Forms/Destino/input_Pago en destino"), 60, OPTIONAL): Object 'Object Repository/Forms/Destino/input_Pago en destino' is visible

2023-10-30 11:41:02 - [MESSAGE][PASSED] - Object 'Object Repository/Forms/Destino/input_Pago en destino' is visible

2023-10-30 11:41:02 - [TEST_STEP][PASSED] - waitForElementClickable(findTestObject("Forms/Destino/input_Pago en destino"), 60, OPTIONAL): Object 'Object Repository/Forms/Destino/input_Pago en destino' is clickable

2023-10-30 11:41:03 - [MESSAGE][PASSED] - Object 'Object Repository/Forms/Destino/input_Pago en destino' is clickable

2023-10-30 11:41:03 - [TEST_STEP][PASSED] - setText(findTestObject("Forms/Destino/input_Pago en destino"), importeDestino, STOP_ON_FAILURE): Text '15' is set on object 'Object Repository/Forms/Destino/input_Pago en destino'

2023-10-30 11:41:03 - [MESSAGE][PASSED] - Text '15' is set on object 'Object Repository/Forms/Destino/input_Pago en destino'

2023-10-30 11:41:03 - [TEST_STEP][PASSED] - takeScreenshot(): Taking screenshot successfully

2023-10-30 11:41:04 - [MESSAGE][PASSED] - Taking screenshot successfully
[[ATTACHMENT|C:\\Jenkins\\workspace\\Katalon_WebRecogidas_PRO\\Reports\\20231030_111542\\TS_Envios_PRO\\20231030_111543\\1698662463950.png]]

2023-10-30 11:41:04 - [TEST_STEP][PASSED] - waitForElementVisible(findTestObject("Forms/Destino/button_Continuar"), 60, OPTIONAL): Object 'Object Repository/Forms/Destino/button_Continuar' is visible

2023-10-30 11:41:04 - [MESSAGE][PASSED] - Object 'Object Repository/Forms/Destino/button_Continuar' is visible

2023-10-30 11:41:04 - [TEST_STEP][PASSED] - waitForElementClickable(findTestObject("Forms/Destino/button_Continuar"), 60, OPTIONAL): Object 'Object Repository/Forms/Destino/button_Continuar' is clickable

2023-10-30 11:41:06 - [MESSAGE][PASSED] - Object 'Object Repository/Forms/Destino/button_Continuar' is clickable

2023-10-30 11:41:06 - [TEST_STEP][PASSED] - click(findTestObject("Forms/Destino/button_Continuar"), STOP_ON_FAILURE): Object: 'Object Repository/Forms/Destino/button_Continuar' is clicked on

2023-10-30 11:41:06 - [MESSAGE][PASSED] - Object: 'Object Repository/Forms/Destino/button_Continuar' is clicked on

2023-10-30 11:41:06 - [TEST_STEP][PASSED] - precioSinIVALbl = getText(findTestObject("Resumen_Checks/label_sinIva")).toString(): Text of object 'Object Repository/Resumen_Checks/label_sinIva' is: '67,31 €'

2023-10-30 11:41:36 - [MESSAGE][PASSED] - Text of object 'Object Repository/Resumen_Checks/label_sinIva' is: '67,31 €'

2023-10-30 11:41:36 - [TEST_STEP][PASSED] - precioReembolsoLbl = getText(findTestObject("Resumen_Checks/label_reembolso")).toString(): Text of object 'Object Repository/Resumen_Checks/label_reembolso' is: '6,11 €'

2023-10-30 11:41:49 - [MESSAGE][PASSED] - Text of object 'Object Repository/Resumen_Checks/label_reembolso' is: '6,11 €'

2023-10-30 11:41:49 - [TEST_STEP][PASSED] - precioAduanasLbl = getText(findTestObject("Resumen_Checks/label_aduaneros")).toString(): Text of object 'Object Repository/Resumen_Checks/label_aduaneros' is: '43,68 €'

2023-10-30 11:41:49 - [MESSAGE][PASSED] - Text of object 'Object Repository/Resumen_Checks/label_aduaneros' is: '43,68 €'

2023-10-30 11:41:49 - [TEST_STEP][PASSED] - precioTotalLbl = getText(findTestObject("Resumen_Checks/label_total_acelerarEnvio")).toString(): Text of object 'Object Repository/Resumen_Checks/label_total_acelerarEnvio' is: '117,10 €'

2023-10-30 11:41:50 - [MESSAGE][PASSED] - Text of object 'Object Repository/Resumen_Checks/label_total_acelerarEnvio' is: '117,10 €'

2023-10-30 11:41:50 - [TEST_STEP][PASSED] - takeScreenshot(): Taking screenshot successfully

2023-10-30 11:41:50 - [MESSAGE][PASSED] - Taking screenshot successfully
[[ATTACHMENT|C:\\Jenkins\\workspace\\Katalon_WebRecogidas_PRO\\Reports\\20231030_111542\\TS_Envios_PRO\\20231030_111543\\1698662510413.png]]

2023-10-30 11:41:50 - [TEST_STEP][PASSED] - markPassed("Recogidas / 09 - Envio aduanero"): Recogidas / 09 - Envio aduanero

2023-10-30 11:41:50 - [MESSAGE][PASSED] - Recogidas / 09 - Envio aduanero

2023-10-30 11:41:50 - [TEST_STEP][PASSED] - Finally: Browser is closed

2023-10-30 11:41:50 - [TEST_STEP][PASSED] - closeBrowser(): Browser is closed

2023-10-30 11:41:51 - [MESSAGE][PASSED] - Browser is closed]]></system-out>
         <system-err><![CDATA[]]></system-err>
      </testcase>
      <system-out><![CDATA[2023-10-30 11:15:49 - [TEST_SUITE][PASSED] - TS_Envios_PRO: Test Cases/Scripts_PRO/09 - Envio_EnvioAduanero]]></system-out>
      <system-err><![CDATA[]]></system-err>
   </testsuite>
</testsuites>
